{"/Users/andy/code/recipe-management-frontend/src/components/ServingsStepper.tsx": {"path":"/Users/andy/code/recipe-management-frontend/src/components/ServingsStepper.tsx","statementMap":{"0":{"start":{"line":9,"column":31},"end":{"line":9,"column":null}},"1":{"start":{"line":10,"column":2},"end":{"line":11,"column":null}},"2":{"start":{"line":10,"column":36},"end":{"line":10,"column":null}},"3":{"start":{"line":10,"column":46},"end":{"line":11,"column":null}},"4":{"start":{"line":11,"column":83},"end":{"line":11,"column":null}},"5":{"start":{"line":13,"column":18},"end":{"line":13,"column":null}},"6":{"start":{"line":15,"column":2},"end":{"line":23,"column":null}},"7":{"start":{"line":16,"column":4},"end":{"line":21,"column":null}},"8":{"start":{"line":25,"column":2},"end":{"line":34,"column":null}},"9":{"start":{"line":30,"column":140},"end":{"line":30,"column":226}},"10":{"start":{"line":32,"column":140},"end":{"line":32,"column":213}}},"fnMap":{"0":{"name":"ServingsStepper","decl":{"start":{"line":7,"column":24},"end":{"line":7,"column":40}},"loc":{"start":{"line":7,"column":96},"end":{"line":36,"column":null}},"line":7},"1":{"name":"(anonymous_1)","decl":{"start":{"line":30,"column":134},"end":{"line":30,"column":140}},"loc":{"start":{"line":30,"column":140},"end":{"line":30,"column":226}},"line":30},"2":{"name":"(anonymous_2)","decl":{"start":{"line":32,"column":134},"end":{"line":32,"column":140}},"loc":{"start":{"line":32,"column":140},"end":{"line":32,"column":213}},"line":32}},"branchMap":{"0":{"loc":{"start":{"line":10,"column":2},"end":{"line":11,"column":null}},"type":"if","locations":[{"start":{"line":10,"column":2},"end":{"line":11,"column":null}},{"start":{"line":10,"column":46},"end":{"line":11,"column":null}}],"line":10},"1":{"loc":{"start":{"line":10,"column":46},"end":{"line":11,"column":null}},"type":"if","locations":[{"start":{"line":10,"column":46},"end":{"line":11,"column":null}},{"start":{},"end":{}}],"line":10},"2":{"loc":{"start":{"line":11,"column":11},"end":{"line":11,"column":83}},"type":"binary-expr","locations":[{"start":{"line":11,"column":11},"end":{"line":11,"column":43}},{"start":{"line":11,"column":43},"end":{"line":11,"column":83}}],"line":11},"3":{"loc":{"start":{"line":13,"column":18},"end":{"line":13,"column":null}},"type":"binary-expr","locations":[{"start":{"line":13,"column":18},"end":{"line":13,"column":36}},{"start":{"line":13,"column":36},"end":{"line":13,"column":47}},{"start":{"line":13,"column":47},"end":{"line":13,"column":null}}],"line":13},"4":{"loc":{"start":{"line":15,"column":2},"end":{"line":23,"column":null}},"type":"if","locations":[{"start":{"line":15,"column":2},"end":{"line":23,"column":null}},{"start":{},"end":{}}],"line":15},"5":{"loc":{"start":{"line":20,"column":42},"end":{"line":20,"column":57}},"type":"binary-expr","locations":[{"start":{"line":20,"column":42},"end":{"line":20,"column":54}},{"start":{"line":20,"column":54},"end":{"line":20,"column":57}}],"line":20},"6":{"loc":{"start":{"line":30,"column":140},"end":{"line":30,"column":226}},"type":"binary-expr","locations":[{"start":{"line":30,"column":140},"end":{"line":30,"column":161}},{"start":{"line":30,"column":161},"end":{"line":30,"column":226}}],"line":30},"7":{"loc":{"start":{"line":30,"column":192},"end":{"line":30,"column":221}},"type":"binary-expr","locations":[{"start":{"line":30,"column":192},"end":{"line":30,"column":210}},{"start":{"line":30,"column":210},"end":{"line":30,"column":221}}],"line":30},"8":{"loc":{"start":{"line":32,"column":140},"end":{"line":32,"column":213}},"type":"binary-expr","locations":[{"start":{"line":32,"column":140},"end":{"line":32,"column":161}},{"start":{"line":32,"column":161},"end":{"line":32,"column":213}}],"line":32},"9":{"loc":{"start":{"line":32,"column":180},"end":{"line":32,"column":209}},"type":"binary-expr","locations":[{"start":{"line":32,"column":180},"end":{"line":32,"column":198}},{"start":{"line":32,"column":198},"end":{"line":32,"column":209}}],"line":32}},"s":{"0":15,"1":15,"2":9,"3":6,"4":3,"5":15,"6":15,"7":3,"8":12,"9":3,"10":4},"f":{"0":15,"1":3,"2":4},"b":{"0":[9,6],"1":[3,3],"2":[6,4],"3":[15,11,3],"4":[3,12],"5":[3,2],"6":[3,3],"7":[3,1],"8":[4,3],"9":[3,2]},"meta":{"lastBranch":10,"lastFunction":3,"lastStatement":11,"seen":{"f:7:24:7:40":0,"s:9:31:9:Infinity":0,"b:10:2:11:Infinity:10:46:11:Infinity":0,"s:10:2:11:Infinity":1,"s:10:36:10:Infinity":2,"b:10:46:11:Infinity:undefined:undefined:undefined:undefined":1,"s:10:46:11:Infinity":3,"b:11:11:11:43:11:43:11:83":2,"s:11:83:11:Infinity":4,"s:13:18:13:Infinity":5,"b:13:18:13:36:13:36:13:47:13:47:13:Infinity":3,"b:15:2:23:Infinity:undefined:undefined:undefined:undefined":4,"s:15:2:23:Infinity":6,"s:16:4:21:Infinity":7,"b:20:42:20:54:20:54:20:57":5,"s:25:2:34:Infinity":8,"f:30:134:30:140":1,"s:30:140:30:226":9,"b:30:140:30:161:30:161:30:226":6,"b:30:192:30:210:30:210:30:221":7,"f:32:134:32:140":2,"s:32:140:32:213":10,"b:32:140:32:161:32:161:32:213":8,"b:32:180:32:198:32:198:32:209":9}}}
,"/Users/andy/code/recipe-management-frontend/src/features/recipes/CreateRecipe.tsx": {"path":"/Users/andy/code/recipe-management-frontend/src/features/recipes/CreateRecipe.tsx","statementMap":{"0":{"start":{"line":4,"column":38},"end":{"line":630,"column":null}},"1":{"start":{"line":5,"column":8},"end":{"line":5,"column":null}},"2":{"start":{"line":8,"column":36},"end":{"line":8,"column":null}},"3":{"start":{"line":9,"column":21},"end":{"line":9,"column":null}},"4":{"start":{"line":12,"column":32},"end":{"line":12,"column":null}},"5":{"start":{"line":15,"column":24},"end":{"line":15,"column":null}},"6":{"start":{"line":16,"column":36},"end":{"line":16,"column":null}},"7":{"start":{"line":17,"column":30},"end":{"line":17,"column":null}},"8":{"start":{"line":18,"column":30},"end":{"line":18,"column":null}},"9":{"start":{"line":19,"column":30},"end":{"line":19,"column":null}},"10":{"start":{"line":20,"column":36},"end":{"line":20,"column":null}},"11":{"start":{"line":21,"column":38},"end":{"line":21,"column":null}},"12":{"start":{"line":22,"column":22},"end":{"line":22,"column":null}},"13":{"start":{"line":23,"column":30},"end":{"line":23,"column":null}},"14":{"start":{"line":26,"column":24},"end":{"line":28,"column":null}},"15":{"start":{"line":27,"column":4},"end":{"line":27,"column":null}},"16":{"start":{"line":30,"column":27},"end":{"line":34,"column":null}},"17":{"start":{"line":31,"column":27},"end":{"line":31,"column":null}},"18":{"start":{"line":32,"column":4},"end":{"line":32,"column":null}},"19":{"start":{"line":33,"column":4},"end":{"line":33,"column":null}},"20":{"start":{"line":36,"column":27},"end":{"line":40,"column":null}},"21":{"start":{"line":37,"column":4},"end":{"line":39,"column":null}},"22":{"start":{"line":38,"column":6},"end":{"line":38,"column":null}},"23":{"start":{"line":38,"column":50},"end":{"line":38,"column":61}},"24":{"start":{"line":43,"column":25},"end":{"line":45,"column":null}},"25":{"start":{"line":44,"column":4},"end":{"line":44,"column":null}},"26":{"start":{"line":47,"column":28},"end":{"line":51,"column":null}},"27":{"start":{"line":48,"column":28},"end":{"line":48,"column":null}},"28":{"start":{"line":49,"column":4},"end":{"line":49,"column":null}},"29":{"start":{"line":50,"column":4},"end":{"line":50,"column":null}},"30":{"start":{"line":53,"column":28},"end":{"line":57,"column":null}},"31":{"start":{"line":54,"column":4},"end":{"line":56,"column":null}},"32":{"start":{"line":55,"column":6},"end":{"line":55,"column":null}},"33":{"start":{"line":55,"column":52},"end":{"line":55,"column":63}},"34":{"start":{"line":60,"column":17},"end":{"line":65,"column":null}},"35":{"start":{"line":61,"column":4},"end":{"line":64,"column":null}},"36":{"start":{"line":62,"column":6},"end":{"line":62,"column":null}},"37":{"start":{"line":63,"column":6},"end":{"line":63,"column":null}},"38":{"start":{"line":67,"column":20},"end":{"line":69,"column":null}},"39":{"start":{"line":68,"column":4},"end":{"line":68,"column":null}},"40":{"start":{"line":68,"column":34},"end":{"line":68,"column":45}},"41":{"start":{"line":71,"column":23},"end":{"line":84,"column":null}},"42":{"start":{"line":72,"column":4},"end":{"line":72,"column":null}},"43":{"start":{"line":74,"column":4},"end":{"line":83,"column":null}},"44":{"start":{"line":80,"column":43},"end":{"line":80,"column":51}},"45":{"start":{"line":81,"column":45},"end":{"line":81,"column":53}},"46":{"start":{"line":86,"column":23},"end":{"line":88,"column":null}},"47":{"start":{"line":87,"column":4},"end":{"line":87,"column":null}},"48":{"start":{"line":90,"column":19},"end":{"line":94,"column":null}},"49":{"start":{"line":91,"column":4},"end":{"line":93,"column":null}},"50":{"start":{"line":92,"column":6},"end":{"line":92,"column":null}},"51":{"start":{"line":96,"column":19},"end":{"line":100,"column":null}},"52":{"start":{"line":97,"column":4},"end":{"line":99,"column":null}},"53":{"start":{"line":98,"column":6},"end":{"line":98,"column":null}},"54":{"start":{"line":102,"column":19},"end":{"line":104,"column":null}},"55":{"start":{"line":103,"column":4},"end":{"line":103,"column":null}},"56":{"start":{"line":106,"column":16},"end":{"line":111,"column":null}},"57":{"start":{"line":113,"column":2},"end":{"line":628,"column":null}},"58":{"start":{"line":128,"column":31},"end":{"line":128,"column":null}},"59":{"start":{"line":144,"column":31},"end":{"line":144,"column":null}},"60":{"start":{"line":166,"column":12},"end":{"line":196,"column":null}},"61":{"start":{"line":169,"column":31},"end":{"line":169,"column":null}},"62":{"start":{"line":255,"column":35},"end":{"line":255,"column":43}},"63":{"start":{"line":259,"column":41},"end":{"line":259,"column":49}},"64":{"start":{"line":260,"column":18},"end":{"line":265,"column":null}},"65":{"start":{"line":272,"column":36},"end":{"line":272,"column":44}},"66":{"start":{"line":276,"column":42},"end":{"line":276,"column":50}},"67":{"start":{"line":277,"column":18},"end":{"line":282,"column":null}},"68":{"start":{"line":294,"column":18},"end":{"line":299,"column":null}},"69":{"start":{"line":346,"column":37},"end":{"line":346,"column":null}},"70":{"start":{"line":360,"column":37},"end":{"line":360,"column":null}},"71":{"start":{"line":376,"column":39},"end":{"line":376,"column":null}},"72":{"start":{"line":389,"column":39},"end":{"line":389,"column":null}},"73":{"start":{"line":402,"column":39},"end":{"line":402,"column":null}},"74":{"start":{"line":434,"column":16},"end":{"line":457,"column":null}},"75":{"start":{"line":441,"column":37},"end":{"line":441,"column":null}},"76":{"start":{"line":449,"column":37},"end":{"line":449,"column":null}},"77":{"start":{"line":486,"column":16},"end":{"line":511,"column":null}},"78":{"start":{"line":494,"column":37},"end":{"line":494,"column":null}},"79":{"start":{"line":503,"column":37},"end":{"line":503,"column":null}},"80":{"start":{"line":526,"column":35},"end":{"line":526,"column":null}},"81":{"start":{"line":528,"column":20},"end":{"line":531,"column":null}},"82":{"start":{"line":529,"column":22},"end":{"line":529,"column":null}},"83":{"start":{"line":530,"column":22},"end":{"line":530,"column":null}},"84":{"start":{"line":548,"column":20},"end":{"line":560,"column":null}},"85":{"start":{"line":555,"column":39},"end":{"line":555,"column":null}}},"fnMap":{"0":{"name":"(anonymous_0)","decl":{"start":{"line":4,"column":38},"end":{"line":4,"column":44}},"loc":{"start":{"line":4,"column":44},"end":{"line":630,"column":null}},"line":4},"1":{"name":"(anonymous_1)","decl":{"start":{"line":26,"column":24},"end":{"line":26,"column":30}},"loc":{"start":{"line":26,"column":30},"end":{"line":28,"column":null}},"line":26},"2":{"name":"(anonymous_2)","decl":{"start":{"line":30,"column":27},"end":{"line":30,"column":28}},"loc":{"start":{"line":30,"column":61},"end":{"line":34,"column":null}},"line":30},"3":{"name":"(anonymous_3)","decl":{"start":{"line":36,"column":27},"end":{"line":36,"column":28}},"loc":{"start":{"line":36,"column":46},"end":{"line":40,"column":null}},"line":36},"4":{"name":"(anonymous_4)","decl":{"start":{"line":38,"column":40},"end":{"line":38,"column":41}},"loc":{"start":{"line":38,"column":50},"end":{"line":38,"column":61}},"line":38},"5":{"name":"(anonymous_5)","decl":{"start":{"line":43,"column":25},"end":{"line":43,"column":31}},"loc":{"start":{"line":43,"column":31},"end":{"line":45,"column":null}},"line":43},"6":{"name":"(anonymous_6)","decl":{"start":{"line":47,"column":28},"end":{"line":47,"column":29}},"loc":{"start":{"line":47,"column":62},"end":{"line":51,"column":null}},"line":47},"7":{"name":"(anonymous_7)","decl":{"start":{"line":53,"column":28},"end":{"line":53,"column":29}},"loc":{"start":{"line":53,"column":47},"end":{"line":57,"column":null}},"line":53},"8":{"name":"(anonymous_8)","decl":{"start":{"line":55,"column":42},"end":{"line":55,"column":43}},"loc":{"start":{"line":55,"column":52},"end":{"line":55,"column":63}},"line":55},"9":{"name":"(anonymous_9)","decl":{"start":{"line":60,"column":17},"end":{"line":60,"column":23}},"loc":{"start":{"line":60,"column":23},"end":{"line":65,"column":null}},"line":60},"10":{"name":"(anonymous_10)","decl":{"start":{"line":67,"column":20},"end":{"line":67,"column":21}},"loc":{"start":{"line":67,"column":39},"end":{"line":69,"column":null}},"line":67},"11":{"name":"(anonymous_11)","decl":{"start":{"line":68,"column":24},"end":{"line":68,"column":25}},"loc":{"start":{"line":68,"column":34},"end":{"line":68,"column":45}},"line":68},"12":{"name":"(anonymous_12)","decl":{"start":{"line":71,"column":23},"end":{"line":71,"column":24}},"loc":{"start":{"line":71,"column":47},"end":{"line":84,"column":null}},"line":71},"13":{"name":"(anonymous_13)","decl":{"start":{"line":80,"column":38},"end":{"line":80,"column":43}},"loc":{"start":{"line":80,"column":43},"end":{"line":80,"column":51}},"line":80},"14":{"name":"(anonymous_14)","decl":{"start":{"line":81,"column":40},"end":{"line":81,"column":45}},"loc":{"start":{"line":81,"column":45},"end":{"line":81,"column":53}},"line":81},"15":{"name":"(anonymous_15)","decl":{"start":{"line":86,"column":23},"end":{"line":86,"column":29}},"loc":{"start":{"line":86,"column":29},"end":{"line":88,"column":null}},"line":86},"16":{"name":"(anonymous_16)","decl":{"start":{"line":90,"column":19},"end":{"line":90,"column":25}},"loc":{"start":{"line":90,"column":25},"end":{"line":94,"column":null}},"line":90},"17":{"name":"(anonymous_17)","decl":{"start":{"line":96,"column":19},"end":{"line":96,"column":25}},"loc":{"start":{"line":96,"column":25},"end":{"line":100,"column":null}},"line":96},"18":{"name":"(anonymous_18)","decl":{"start":{"line":102,"column":19},"end":{"line":102,"column":20}},"loc":{"start":{"line":102,"column":37},"end":{"line":104,"column":null}},"line":102},"19":{"name":"(anonymous_19)","decl":{"start":{"line":128,"column":25},"end":{"line":128,"column":31}},"loc":{"start":{"line":128,"column":31},"end":{"line":128,"column":null}},"line":128},"20":{"name":"(anonymous_20)","decl":{"start":{"line":144,"column":25},"end":{"line":144,"column":31}},"loc":{"start":{"line":144,"column":31},"end":{"line":144,"column":null}},"line":144},"21":{"name":"(anonymous_21)","decl":{"start":{"line":165,"column":21},"end":{"line":165,"column":22}},"loc":{"start":{"line":166,"column":12},"end":{"line":196,"column":null}},"line":166},"22":{"name":"(anonymous_22)","decl":{"start":{"line":169,"column":25},"end":{"line":169,"column":31}},"loc":{"start":{"line":169,"column":31},"end":{"line":169,"column":null}},"line":169},"23":{"name":"(anonymous_23)","decl":{"start":{"line":255,"column":30},"end":{"line":255,"column":35}},"loc":{"start":{"line":255,"column":35},"end":{"line":255,"column":43}},"line":255},"24":{"name":"(anonymous_24)","decl":{"start":{"line":259,"column":36},"end":{"line":259,"column":41}},"loc":{"start":{"line":259,"column":41},"end":{"line":259,"column":49}},"line":259},"25":{"name":"(anonymous_25)","decl":{"start":{"line":259,"column":55},"end":{"line":259,"column":56}},"loc":{"start":{"line":260,"column":18},"end":{"line":265,"column":null}},"line":260},"26":{"name":"(anonymous_26)","decl":{"start":{"line":272,"column":31},"end":{"line":272,"column":36}},"loc":{"start":{"line":272,"column":36},"end":{"line":272,"column":44}},"line":272},"27":{"name":"(anonymous_27)","decl":{"start":{"line":276,"column":37},"end":{"line":276,"column":42}},"loc":{"start":{"line":276,"column":42},"end":{"line":276,"column":50}},"line":276},"28":{"name":"(anonymous_28)","decl":{"start":{"line":276,"column":56},"end":{"line":276,"column":57}},"loc":{"start":{"line":277,"column":18},"end":{"line":282,"column":null}},"line":277},"29":{"name":"(anonymous_29)","decl":{"start":{"line":293,"column":26},"end":{"line":293,"column":27}},"loc":{"start":{"line":294,"column":18},"end":{"line":299,"column":null}},"line":294},"30":{"name":"(anonymous_30)","decl":{"start":{"line":346,"column":30},"end":{"line":346,"column":31}},"loc":{"start":{"line":346,"column":37},"end":{"line":346,"column":null}},"line":346},"31":{"name":"(anonymous_31)","decl":{"start":{"line":360,"column":30},"end":{"line":360,"column":31}},"loc":{"start":{"line":360,"column":37},"end":{"line":360,"column":null}},"line":360},"32":{"name":"(anonymous_32)","decl":{"start":{"line":376,"column":32},"end":{"line":376,"column":33}},"loc":{"start":{"line":376,"column":39},"end":{"line":376,"column":null}},"line":376},"33":{"name":"(anonymous_33)","decl":{"start":{"line":389,"column":32},"end":{"line":389,"column":33}},"loc":{"start":{"line":389,"column":39},"end":{"line":389,"column":null}},"line":389},"34":{"name":"(anonymous_34)","decl":{"start":{"line":402,"column":32},"end":{"line":402,"column":33}},"loc":{"start":{"line":402,"column":39},"end":{"line":402,"column":null}},"line":402},"35":{"name":"(anonymous_35)","decl":{"start":{"line":433,"column":35},"end":{"line":433,"column":36}},"loc":{"start":{"line":434,"column":16},"end":{"line":457,"column":null}},"line":434},"36":{"name":"(anonymous_36)","decl":{"start":{"line":441,"column":30},"end":{"line":441,"column":31}},"loc":{"start":{"line":441,"column":37},"end":{"line":441,"column":null}},"line":441},"37":{"name":"(anonymous_37)","decl":{"start":{"line":449,"column":31},"end":{"line":449,"column":37}},"loc":{"start":{"line":449,"column":37},"end":{"line":449,"column":null}},"line":449},"38":{"name":"(anonymous_38)","decl":{"start":{"line":485,"column":32},"end":{"line":485,"column":33}},"loc":{"start":{"line":486,"column":16},"end":{"line":511,"column":null}},"line":486},"39":{"name":"(anonymous_39)","decl":{"start":{"line":494,"column":30},"end":{"line":494,"column":31}},"loc":{"start":{"line":494,"column":37},"end":{"line":494,"column":null}},"line":494},"40":{"name":"(anonymous_40)","decl":{"start":{"line":503,"column":31},"end":{"line":503,"column":37}},"loc":{"start":{"line":503,"column":37},"end":{"line":503,"column":null}},"line":503},"41":{"name":"(anonymous_41)","decl":{"start":{"line":526,"column":28},"end":{"line":526,"column":29}},"loc":{"start":{"line":526,"column":35},"end":{"line":526,"column":null}},"line":526},"42":{"name":"(anonymous_42)","decl":{"start":{"line":527,"column":29},"end":{"line":527,"column":30}},"loc":{"start":{"line":527,"column":36},"end":{"line":532,"column":null}},"line":527},"43":{"name":"(anonymous_43)","decl":{"start":{"line":547,"column":28},"end":{"line":547,"column":29}},"loc":{"start":{"line":548,"column":20},"end":{"line":560,"column":null}},"line":548},"44":{"name":"(anonymous_44)","decl":{"start":{"line":555,"column":33},"end":{"line":555,"column":39}},"loc":{"start":{"line":555,"column":39},"end":{"line":555,"column":null}},"line":555}},"branchMap":{"0":{"loc":{"start":{"line":37,"column":4},"end":{"line":39,"column":null}},"type":"if","locations":[{"start":{"line":37,"column":4},"end":{"line":39,"column":null}},{"start":{},"end":{}}],"line":37},"1":{"loc":{"start":{"line":54,"column":4},"end":{"line":56,"column":null}},"type":"if","locations":[{"start":{"line":54,"column":4},"end":{"line":56,"column":null}},{"start":{},"end":{}}],"line":54},"2":{"loc":{"start":{"line":61,"column":4},"end":{"line":64,"column":null}},"type":"if","locations":[{"start":{"line":61,"column":4},"end":{"line":64,"column":null}},{"start":{},"end":{}}],"line":61},"3":{"loc":{"start":{"line":61,"column":8},"end":{"line":61,"column":60}},"type":"binary-expr","locations":[{"start":{"line":61,"column":8},"end":{"line":61,"column":27}},{"start":{"line":61,"column":27},"end":{"line":61,"column":60}}],"line":61},"4":{"loc":{"start":{"line":77,"column":16},"end":{"line":77,"column":null}},"type":"cond-expr","locations":[{"start":{"line":77,"column":27},"end":{"line":77,"column":48}},{"start":{"line":77,"column":48},"end":{"line":77,"column":null}}],"line":77},"5":{"loc":{"start":{"line":78,"column":16},"end":{"line":78,"column":null}},"type":"cond-expr","locations":[{"start":{"line":78,"column":27},"end":{"line":78,"column":48}},{"start":{"line":78,"column":48},"end":{"line":78,"column":null}}],"line":78},"6":{"loc":{"start":{"line":79,"column":16},"end":{"line":79,"column":null}},"type":"cond-expr","locations":[{"start":{"line":79,"column":27},"end":{"line":79,"column":48}},{"start":{"line":79,"column":48},"end":{"line":79,"column":null}}],"line":79},"7":{"loc":{"start":{"line":91,"column":4},"end":{"line":93,"column":null}},"type":"if","locations":[{"start":{"line":91,"column":4},"end":{"line":93,"column":null}},{"start":{},"end":{}}],"line":91},"8":{"loc":{"start":{"line":97,"column":4},"end":{"line":99,"column":null}},"type":"if","locations":[{"start":{"line":97,"column":4},"end":{"line":99,"column":null}},{"start":{},"end":{}}],"line":97},"9":{"loc":{"start":{"line":124,"column":11},"end":{"line":159,"column":null}},"type":"binary-expr","locations":[{"start":{"line":124,"column":11},"end":{"line":124,"column":null}},{"start":{"line":125,"column":12},"end":{"line":159,"column":null}}],"line":124},"10":{"loc":{"start":{"line":130,"column":18},"end":{"line":132,"column":null}},"type":"cond-expr","locations":[{"start":{"line":131,"column":22},"end":{"line":131,"column":null}},{"start":{"line":132,"column":22},"end":{"line":132,"column":null}}],"line":130},"11":{"loc":{"start":{"line":146,"column":18},"end":{"line":148,"column":null}},"type":"cond-expr","locations":[{"start":{"line":147,"column":22},"end":{"line":147,"column":null}},{"start":{"line":148,"column":22},"end":{"line":148,"column":null}}],"line":146},"12":{"loc":{"start":{"line":171,"column":18},"end":{"line":171,"column":null}},"type":"cond-expr","locations":[{"start":{"line":171,"column":48},"end":{"line":171,"column":64}},{"start":{"line":171,"column":64},"end":{"line":171,"column":null}}],"line":171},"13":{"loc":{"start":{"line":171,"column":64},"end":{"line":171,"column":null}},"type":"cond-expr","locations":[{"start":{"line":171,"column":92},"end":{"line":171,"column":108}},{"start":{"line":171,"column":108},"end":{"line":171,"column":null}}],"line":171},"14":{"loc":{"start":{"line":176,"column":20},"end":{"line":180,"column":null}},"type":"cond-expr","locations":[{"start":{"line":177,"column":24},"end":{"line":177,"column":null}},{"start":{"line":178,"column":24},"end":{"line":180,"column":null}}],"line":176},"15":{"loc":{"start":{"line":178,"column":24},"end":{"line":180,"column":null}},"type":"cond-expr","locations":[{"start":{"line":179,"column":24},"end":{"line":179,"column":null}},{"start":{"line":180,"column":24},"end":{"line":180,"column":null}}],"line":178},"16":{"loc":{"start":{"line":183,"column":19},"end":{"line":183,"column":null}},"type":"cond-expr","locations":[{"start":{"line":183,"column":47},"end":{"line":183,"column":53}},{"start":{"line":183,"column":53},"end":{"line":183,"column":null}}],"line":183},"17":{"loc":{"start":{"line":186,"column":18},"end":{"line":186,"column":null}},"type":"cond-expr","locations":[{"start":{"line":186,"column":48},"end":{"line":186,"column":66}},{"start":{"line":186,"column":66},"end":{"line":186,"column":null}}],"line":186},"18":{"loc":{"start":{"line":191,"column":15},"end":{"line":194,"column":null}},"type":"binary-expr","locations":[{"start":{"line":191,"column":15},"end":{"line":191,"column":null}},{"start":{"line":192,"column":16},"end":{"line":194,"column":null}}],"line":191},"19":{"loc":{"start":{"line":193,"column":18},"end":{"line":193,"column":null}},"type":"cond-expr","locations":[{"start":{"line":193,"column":46},"end":{"line":193,"column":63}},{"start":{"line":193,"column":63},"end":{"line":193,"column":null}}],"line":193},"20":{"loc":{"start":{"line":202,"column":7},"end":{"line":626,"column":null}},"type":"cond-expr","locations":[{"start":{"line":203,"column":8},"end":{"line":325,"column":null}},{"start":{"line":328,"column":8},"end":{"line":626,"column":null}}],"line":202},"21":{"loc":{"start":{"line":207,"column":15},"end":{"line":207,"column":null}},"type":"binary-expr","locations":[{"start":{"line":207,"column":15},"end":{"line":207,"column":24}},{"start":{"line":207,"column":24},"end":{"line":207,"column":null}}],"line":207},"22":{"loc":{"start":{"line":210,"column":13},"end":{"line":211,"column":null}},"type":"binary-expr","locations":[{"start":{"line":210,"column":13},"end":{"line":210,"column":null}},{"start":{"line":211,"column":14},"end":{"line":211,"column":null}}],"line":210},"23":{"loc":{"start":{"line":216,"column":15},"end":{"line":225,"column":null}},"type":"binary-expr","locations":[{"start":{"line":216,"column":15},"end":{"line":216,"column":null}},{"start":{"line":217,"column":16},"end":{"line":225,"column":null}}],"line":216},"24":{"loc":{"start":{"line":228,"column":15},"end":{"line":237,"column":null}},"type":"binary-expr","locations":[{"start":{"line":228,"column":15},"end":{"line":228,"column":null}},{"start":{"line":229,"column":16},"end":{"line":237,"column":null}}],"line":228},"25":{"loc":{"start":{"line":240,"column":15},"end":{"line":249,"column":null}},"type":"binary-expr","locations":[{"start":{"line":240,"column":15},"end":{"line":240,"column":null}},{"start":{"line":241,"column":16},"end":{"line":249,"column":null}}],"line":240},"26":{"loc":{"start":{"line":255,"column":11},"end":{"line":268,"column":null}},"type":"binary-expr","locations":[{"start":{"line":255,"column":11},"end":{"line":255,"column":null}},{"start":{"line":256,"column":12},"end":{"line":268,"column":null}}],"line":255},"27":{"loc":{"start":{"line":272,"column":11},"end":{"line":285,"column":null}},"type":"binary-expr","locations":[{"start":{"line":272,"column":11},"end":{"line":272,"column":null}},{"start":{"line":273,"column":12},"end":{"line":285,"column":null}}],"line":272},"28":{"loc":{"start":{"line":289,"column":11},"end":{"line":302,"column":null}},"type":"binary-expr","locations":[{"start":{"line":289,"column":11},"end":{"line":289,"column":null}},{"start":{"line":290,"column":12},"end":{"line":302,"column":null}}],"line":289},"29":{"loc":{"start":{"line":332,"column":13},"end":{"line":410,"column":null}},"type":"binary-expr","locations":[{"start":{"line":332,"column":13},"end":{"line":332,"column":null}},{"start":{"line":333,"column":14},"end":{"line":410,"column":null}}],"line":332},"30":{"loc":{"start":{"line":414,"column":13},"end":{"line":460,"column":null}},"type":"binary-expr","locations":[{"start":{"line":414,"column":13},"end":{"line":414,"column":null}},{"start":{"line":415,"column":14},"end":{"line":460,"column":null}}],"line":414},"31":{"loc":{"start":{"line":446,"column":19},"end":{"line":455,"column":null}},"type":"binary-expr","locations":[{"start":{"line":446,"column":19},"end":{"line":446,"column":null}},{"start":{"line":447,"column":20},"end":{"line":455,"column":null}}],"line":446},"32":{"loc":{"start":{"line":464,"column":13},"end":{"line":565,"column":null}},"type":"binary-expr","locations":[{"start":{"line":464,"column":13},"end":{"line":464,"column":null}},{"start":{"line":465,"column":14},"end":{"line":565,"column":null}}],"line":464},"33":{"loc":{"start":{"line":500,"column":19},"end":{"line":509,"column":null}},"type":"binary-expr","locations":[{"start":{"line":500,"column":19},"end":{"line":500,"column":null}},{"start":{"line":501,"column":20},"end":{"line":509,"column":null}}],"line":500},"34":{"loc":{"start":{"line":528,"column":20},"end":{"line":531,"column":null}},"type":"if","locations":[{"start":{"line":528,"column":20},"end":{"line":531,"column":null}},{"start":{},"end":{}}],"line":528},"35":{"loc":{"start":{"line":545,"column":15},"end":{"line":562,"column":null}},"type":"binary-expr","locations":[{"start":{"line":545,"column":15},"end":{"line":545,"column":null}},{"start":{"line":546,"column":16},"end":{"line":562,"column":null}}],"line":545},"36":{"loc":{"start":{"line":569,"column":11},"end":{"line":577,"column":null}},"type":"binary-expr","locations":[{"start":{"line":569,"column":11},"end":{"line":569,"column":null}},{"start":{"line":570,"column":12},"end":{"line":577,"column":null}}],"line":569},"37":{"loc":{"start":{"line":587,"column":16},"end":{"line":589,"column":null}},"type":"cond-expr","locations":[{"start":{"line":588,"column":20},"end":{"line":588,"column":null}},{"start":{"line":589,"column":20},"end":{"line":589,"column":null}}],"line":587},"38":{"loc":{"start":{"line":604,"column":15},"end":{"line":621,"column":null}},"type":"cond-expr","locations":[{"start":{"line":605,"column":16},"end":{"line":611,"column":null}},{"start":{"line":613,"column":16},"end":{"line":621,"column":null}}],"line":604}},"s":{"0":1,"1":79,"2":79,"3":79,"4":79,"5":79,"6":79,"7":79,"8":79,"9":79,"10":79,"11":79,"12":79,"13":79,"14":79,"15":2,"16":79,"17":1,"18":1,"19":1,"20":79,"21":1,"22":1,"23":2,"24":79,"25":1,"26":79,"27":0,"28":0,"29":0,"30":79,"31":0,"32":0,"33":0,"34":79,"35":3,"36":3,"37":3,"38":79,"39":1,"40":1,"41":79,"42":0,"43":0,"44":0,"45":0,"46":79,"47":1,"48":79,"49":13,"50":13,"51":79,"52":5,"53":5,"54":79,"55":13,"56":79,"57":79,"58":1,"59":1,"60":316,"61":13,"62":1,"63":0,"64":0,"65":1,"66":0,"67":0,"68":0,"69":2,"70":0,"71":0,"72":0,"73":0,"74":18,"75":1,"76":1,"77":19,"78":0,"79":0,"80":3,"81":1,"82":1,"83":1,"84":3,"85":1},"f":{"0":79,"1":2,"2":1,"3":1,"4":2,"5":1,"6":0,"7":0,"8":0,"9":3,"10":1,"11":1,"12":0,"13":0,"14":0,"15":1,"16":13,"17":5,"18":13,"19":1,"20":1,"21":316,"22":13,"23":1,"24":0,"25":0,"26":1,"27":0,"28":0,"29":0,"30":2,"31":0,"32":0,"33":0,"34":0,"35":18,"36":1,"37":1,"38":19,"39":0,"40":0,"41":3,"42":1,"43":3,"44":1},"b":{"0":[1,0],"1":[0,0],"2":[3,0],"3":[3,3],"4":[0,0],"5":[0,0],"6":[0,0],"7":[13,0],"8":[5,0],"9":[79,8],"10":[7,1],"11":[1,7],"12":[79,237],"13":[76,161],"14":[79,237],"15":[76,161],"16":[76,240],"17":[79,237],"18":[316,237],"19":[76,161],"20":[1,78],"21":[1,1],"22":[1,0],"23":[1,0],"24":[1,0],"25":[1,0],"26":[1,0],"27":[1,0],"28":[1,0],"29":[78,37],"30":[78,16],"31":[18,4],"32":[78,18],"33":[19,2],"34":[1,0],"35":[18,3],"36":[78,7],"37":[37,41],"38":[71,7]},"meta":{"lastBranch":39,"lastFunction":45,"lastStatement":86,"seen":{"s:4:38:630:Infinity":0,"f:4:38:4:44":0,"s:5:8:5:Infinity":1,"s:8:36:8:Infinity":2,"s:9:21:9:Infinity":3,"s:12:32:12:Infinity":4,"s:15:24:15:Infinity":5,"s:16:36:16:Infinity":6,"s:17:30:17:Infinity":7,"s:18:30:18:Infinity":8,"s:19:30:19:Infinity":9,"s:20:36:20:Infinity":10,"s:21:38:21:Infinity":11,"s:22:22:22:Infinity":12,"s:23:30:23:Infinity":13,"s:26:24:28:Infinity":14,"f:26:24:26:30":1,"s:27:4:27:Infinity":15,"s:30:27:34:Infinity":16,"f:30:27:30:28":2,"s:31:27:31:Infinity":17,"s:32:4:32:Infinity":18,"s:33:4:33:Infinity":19,"s:36:27:40:Infinity":20,"f:36:27:36:28":3,"b:37:4:39:Infinity:undefined:undefined:undefined:undefined":0,"s:37:4:39:Infinity":21,"s:38:6:38:Infinity":22,"f:38:40:38:41":4,"s:38:50:38:61":23,"s:43:25:45:Infinity":24,"f:43:25:43:31":5,"s:44:4:44:Infinity":25,"s:47:28:51:Infinity":26,"f:47:28:47:29":6,"s:48:28:48:Infinity":27,"s:49:4:49:Infinity":28,"s:50:4:50:Infinity":29,"s:53:28:57:Infinity":30,"f:53:28:53:29":7,"b:54:4:56:Infinity:undefined:undefined:undefined:undefined":1,"s:54:4:56:Infinity":31,"s:55:6:55:Infinity":32,"f:55:42:55:43":8,"s:55:52:55:63":33,"s:60:17:65:Infinity":34,"f:60:17:60:23":9,"b:61:4:64:Infinity:undefined:undefined:undefined:undefined":2,"s:61:4:64:Infinity":35,"b:61:8:61:27:61:27:61:60":3,"s:62:6:62:Infinity":36,"s:63:6:63:Infinity":37,"s:67:20:69:Infinity":38,"f:67:20:67:21":10,"s:68:4:68:Infinity":39,"f:68:24:68:25":11,"s:68:34:68:45":40,"s:71:23:84:Infinity":41,"f:71:23:71:24":12,"s:72:4:72:Infinity":42,"s:74:4:83:Infinity":43,"b:77:27:77:48:77:48:77:Infinity":4,"b:78:27:78:48:78:48:78:Infinity":5,"b:79:27:79:48:79:48:79:Infinity":6,"f:80:38:80:43":13,"s:80:43:80:51":44,"f:81:40:81:45":14,"s:81:45:81:53":45,"s:86:23:88:Infinity":46,"f:86:23:86:29":15,"s:87:4:87:Infinity":47,"s:90:19:94:Infinity":48,"f:90:19:90:25":16,"b:91:4:93:Infinity:undefined:undefined:undefined:undefined":7,"s:91:4:93:Infinity":49,"s:92:6:92:Infinity":50,"s:96:19:100:Infinity":51,"f:96:19:96:25":17,"b:97:4:99:Infinity:undefined:undefined:undefined:undefined":8,"s:97:4:99:Infinity":52,"s:98:6:98:Infinity":53,"s:102:19:104:Infinity":54,"f:102:19:102:20":18,"s:103:4:103:Infinity":55,"s:106:16:111:Infinity":56,"s:113:2:628:Infinity":57,"b:124:11:124:Infinity:125:12:159:Infinity":9,"f:128:25:128:31":19,"s:128:31:128:Infinity":58,"b:131:22:131:Infinity:132:22:132:Infinity":10,"f:144:25:144:31":20,"s:144:31:144:Infinity":59,"b:147:22:147:Infinity:148:22:148:Infinity":11,"f:165:21:165:22":21,"s:166:12:196:Infinity":60,"f:169:25:169:31":22,"s:169:31:169:Infinity":61,"b:171:48:171:64:171:64:171:Infinity":12,"b:171:92:171:108:171:108:171:Infinity":13,"b:177:24:177:Infinity:178:24:180:Infinity":14,"b:179:24:179:Infinity:180:24:180:Infinity":15,"b:183:47:183:53:183:53:183:Infinity":16,"b:186:48:186:66:186:66:186:Infinity":17,"b:191:15:191:Infinity:192:16:194:Infinity":18,"b:193:46:193:63:193:63:193:Infinity":19,"b:203:8:325:Infinity:328:8:626:Infinity":20,"b:207:15:207:24:207:24:207:Infinity":21,"b:210:13:210:Infinity:211:14:211:Infinity":22,"b:216:15:216:Infinity:217:16:225:Infinity":23,"b:228:15:228:Infinity:229:16:237:Infinity":24,"b:240:15:240:Infinity:241:16:249:Infinity":25,"b:255:11:255:Infinity:256:12:268:Infinity":26,"f:255:30:255:35":23,"s:255:35:255:43":62,"f:259:36:259:41":24,"s:259:41:259:49":63,"f:259:55:259:56":25,"s:260:18:265:Infinity":64,"b:272:11:272:Infinity:273:12:285:Infinity":27,"f:272:31:272:36":26,"s:272:36:272:44":65,"f:276:37:276:42":27,"s:276:42:276:50":66,"f:276:56:276:57":28,"s:277:18:282:Infinity":67,"b:289:11:289:Infinity:290:12:302:Infinity":28,"f:293:26:293:27":29,"s:294:18:299:Infinity":68,"b:332:13:332:Infinity:333:14:410:Infinity":29,"f:346:30:346:31":30,"s:346:37:346:Infinity":69,"f:360:30:360:31":31,"s:360:37:360:Infinity":70,"f:376:32:376:33":32,"s:376:39:376:Infinity":71,"f:389:32:389:33":33,"s:389:39:389:Infinity":72,"f:402:32:402:33":34,"s:402:39:402:Infinity":73,"b:414:13:414:Infinity:415:14:460:Infinity":30,"f:433:35:433:36":35,"s:434:16:457:Infinity":74,"f:441:30:441:31":36,"s:441:37:441:Infinity":75,"b:446:19:446:Infinity:447:20:455:Infinity":31,"f:449:31:449:37":37,"s:449:37:449:Infinity":76,"b:464:13:464:Infinity:465:14:565:Infinity":32,"f:485:32:485:33":38,"s:486:16:511:Infinity":77,"f:494:30:494:31":39,"s:494:37:494:Infinity":78,"b:500:19:500:Infinity:501:20:509:Infinity":33,"f:503:31:503:37":40,"s:503:37:503:Infinity":79,"f:526:28:526:29":41,"s:526:35:526:Infinity":80,"f:527:29:527:30":42,"b:528:20:531:Infinity:undefined:undefined:undefined:undefined":34,"s:528:20:531:Infinity":81,"s:529:22:529:Infinity":82,"s:530:22:530:Infinity":83,"b:545:15:545:Infinity:546:16:562:Infinity":35,"f:547:28:547:29":43,"s:548:20:560:Infinity":84,"f:555:33:555:39":44,"s:555:39:555:Infinity":85,"b:569:11:569:Infinity:570:12:577:Infinity":36,"b:588:20:588:Infinity:589:20:589:Infinity":37,"b:605:16:611:Infinity:613:16:621:Infinity":38}}}
,"/Users/andy/code/recipe-management-frontend/src/features/recipes/RecipeLibrary.tsx": {"path":"/Users/andy/code/recipe-management-frontend/src/features/recipes/RecipeLibrary.tsx","statementMap":{"0":{"start":{"line":5,"column":39},"end":{"line":226,"column":null}},"1":{"start":{"line":6,"column":8},"end":{"line":6,"column":null}},"2":{"start":{"line":7,"column":28},"end":{"line":7,"column":null}},"3":{"start":{"line":8,"column":28},"end":{"line":8,"column":null}},"4":{"start":{"line":9,"column":24},"end":{"line":9,"column":null}},"5":{"start":{"line":10,"column":40},"end":{"line":10,"column":null}},"6":{"start":{"line":11,"column":30},"end":{"line":11,"column":null}},"7":{"start":{"line":13,"column":2},"end":{"line":30,"column":null}},"8":{"start":{"line":14,"column":25},"end":{"line":27,"column":null}},"9":{"start":{"line":15,"column":6},"end":{"line":26,"column":null}},"10":{"start":{"line":16,"column":8},"end":{"line":16,"column":null}},"11":{"start":{"line":17,"column":8},"end":{"line":17,"column":null}},"12":{"start":{"line":18,"column":21},"end":{"line":18,"column":null}},"13":{"start":{"line":19,"column":8},"end":{"line":19,"column":null}},"14":{"start":{"line":20,"column":8},"end":{"line":20,"column":null}},"15":{"start":{"line":22,"column":8},"end":{"line":22,"column":null}},"16":{"start":{"line":23,"column":8},"end":{"line":23,"column":null}},"17":{"start":{"line":25,"column":8},"end":{"line":25,"column":null}},"18":{"start":{"line":29,"column":4},"end":{"line":29,"column":null}},"19":{"start":{"line":32,"column":28},"end":{"line":35,"column":null}},"20":{"start":{"line":33,"column":4},"end":{"line":33,"column":null}},"21":{"start":{"line":34,"column":4},"end":{"line":34,"column":null}},"22":{"start":{"line":37,"column":30},"end":{"line":52,"column":null}},"23":{"start":{"line":38,"column":4},"end":{"line":38,"column":null}},"24":{"start":{"line":38,"column":24},"end":{"line":38,"column":null}},"25":{"start":{"line":40,"column":4},"end":{"line":51,"column":null}},"26":{"start":{"line":41,"column":6},"end":{"line":41,"column":null}},"27":{"start":{"line":42,"column":6},"end":{"line":42,"column":null}},"28":{"start":{"line":44,"column":6},"end":{"line":44,"column":null}},"29":{"start":{"line":44,"column":37},"end":{"line":44,"column":62}},"30":{"start":{"line":45,"column":6},"end":{"line":45,"column":null}},"31":{"start":{"line":47,"column":6},"end":{"line":47,"column":null}},"32":{"start":{"line":48,"column":6},"end":{"line":48,"column":null}},"33":{"start":{"line":50,"column":6},"end":{"line":50,"column":null}},"34":{"start":{"line":54,"column":29},"end":{"line":56,"column":null}},"35":{"start":{"line":55,"column":4},"end":{"line":55,"column":null}},"36":{"start":{"line":58,"column":2},"end":{"line":70,"column":null}},"37":{"start":{"line":59,"column":4},"end":{"line":68,"column":null}},"38":{"start":{"line":72,"column":2},"end":{"line":85,"column":null}},"39":{"start":{"line":73,"column":4},"end":{"line":83,"column":null}},"40":{"start":{"line":87,"column":2},"end":{"line":103,"column":null}},"41":{"start":{"line":88,"column":4},"end":{"line":101,"column":null}},"42":{"start":{"line":105,"column":2},"end":{"line":224,"column":null}},"43":{"start":{"line":114,"column":10},"end":{"line":171,"column":null}},"44":{"start":{"line":120,"column":30},"end":{"line":120,"column":null}},"45":{"start":{"line":130,"column":29},"end":{"line":130,"column":null}}},"fnMap":{"0":{"name":"(anonymous_0)","decl":{"start":{"line":5,"column":39},"end":{"line":5,"column":45}},"loc":{"start":{"line":5,"column":45},"end":{"line":226,"column":null}},"line":5},"1":{"name":"(anonymous_1)","decl":{"start":{"line":13,"column":12},"end":{"line":13,"column":18}},"loc":{"start":{"line":13,"column":18},"end":{"line":30,"column":5}},"line":13},"2":{"name":"(anonymous_2)","decl":{"start":{"line":14,"column":25},"end":{"line":14,"column":37}},"loc":{"start":{"line":14,"column":37},"end":{"line":27,"column":null}},"line":14},"3":{"name":"(anonymous_3)","decl":{"start":{"line":32,"column":28},"end":{"line":32,"column":29}},"loc":{"start":{"line":32,"column":77},"end":{"line":35,"column":null}},"line":32},"4":{"name":"(anonymous_4)","decl":{"start":{"line":37,"column":30},"end":{"line":37,"column":42}},"loc":{"start":{"line":37,"column":42},"end":{"line":52,"column":null}},"line":37},"5":{"name":"(anonymous_5)","decl":{"start":{"line":44,"column":32},"end":{"line":44,"column":37}},"loc":{"start":{"line":44,"column":37},"end":{"line":44,"column":62}},"line":44},"6":{"name":"(anonymous_6)","decl":{"start":{"line":54,"column":29},"end":{"line":54,"column":35}},"loc":{"start":{"line":54,"column":35},"end":{"line":56,"column":null}},"line":54},"7":{"name":"(anonymous_7)","decl":{"start":{"line":113,"column":21},"end":{"line":113,"column":22}},"loc":{"start":{"line":114,"column":10},"end":{"line":171,"column":null}},"line":114},"8":{"name":"(anonymous_8)","decl":{"start":{"line":120,"column":23},"end":{"line":120,"column":24}},"loc":{"start":{"line":120,"column":30},"end":{"line":120,"column":null}},"line":120},"9":{"name":"(anonymous_9)","decl":{"start":{"line":130,"column":23},"end":{"line":130,"column":29}},"loc":{"start":{"line":130,"column":29},"end":{"line":130,"column":null}},"line":130}},"branchMap":{"0":{"loc":{"start":{"line":23,"column":17},"end":{"line":23,"column":87}},"type":"binary-expr","locations":[{"start":{"line":23,"column":17},"end":{"line":23,"column":48}},{"start":{"line":23,"column":48},"end":{"line":23,"column":63}},{"start":{"line":23,"column":63},"end":{"line":23,"column":87}}],"line":23},"1":{"loc":{"start":{"line":38,"column":4},"end":{"line":38,"column":null}},"type":"if","locations":[{"start":{"line":38,"column":4},"end":{"line":38,"column":null}},{"start":{},"end":{}}],"line":38},"2":{"loc":{"start":{"line":48,"column":15},"end":{"line":48,"column":86}},"type":"binary-expr","locations":[{"start":{"line":48,"column":15},"end":{"line":48,"column":46}},{"start":{"line":48,"column":46},"end":{"line":48,"column":61}},{"start":{"line":48,"column":61},"end":{"line":48,"column":86}}],"line":48},"3":{"loc":{"start":{"line":58,"column":2},"end":{"line":70,"column":null}},"type":"if","locations":[{"start":{"line":58,"column":2},"end":{"line":70,"column":null}},{"start":{},"end":{}}],"line":58},"4":{"loc":{"start":{"line":72,"column":2},"end":{"line":85,"column":null}},"type":"if","locations":[{"start":{"line":72,"column":2},"end":{"line":85,"column":null}},{"start":{},"end":{}}],"line":72},"5":{"loc":{"start":{"line":87,"column":2},"end":{"line":103,"column":null}},"type":"if","locations":[{"start":{"line":87,"column":2},"end":{"line":103,"column":null}},{"start":{},"end":{}}],"line":87},"6":{"loc":{"start":{"line":109,"column":55},"end":{"line":109,"column":99}},"type":"cond-expr","locations":[{"start":{"line":109,"column":78},"end":{"line":109,"column":89}},{"start":{"line":109,"column":89},"end":{"line":109,"column":99}}],"line":109},"7":{"loc":{"start":{"line":133,"column":15},"end":{"line":146,"column":null}},"type":"cond-expr","locations":[{"start":{"line":134,"column":16},"end":{"line":140,"column":null}},{"start":{"line":142,"column":16},"end":{"line":146,"column":null}}],"line":133},"8":{"loc":{"start":{"line":150,"column":17},"end":{"line":151,"column":null}},"type":"binary-expr","locations":[{"start":{"line":150,"column":17},"end":{"line":150,"column":null}},{"start":{"line":151,"column":18},"end":{"line":151,"column":null}}],"line":150},"9":{"loc":{"start":{"line":154,"column":20},"end":{"line":160,"column":null}},"type":"binary-expr","locations":[{"start":{"line":154,"column":20},"end":{"line":154,"column":39}},{"start":{"line":154,"column":39},"end":{"line":154,"column":null}},{"start":{"line":155,"column":20},"end":{"line":160,"column":null}}],"line":154},"10":{"loc":{"start":{"line":159,"column":24},"end":{"line":159,"column":49}},"type":"binary-expr","locations":[{"start":{"line":159,"column":24},"end":{"line":159,"column":43}},{"start":{"line":159,"column":43},"end":{"line":159,"column":49}}],"line":159},"11":{"loc":{"start":{"line":159,"column":49},"end":{"line":159,"column":71}},"type":"binary-expr","locations":[{"start":{"line":159,"column":49},"end":{"line":159,"column":68}},{"start":{"line":159,"column":68},"end":{"line":159,"column":71}}],"line":159},"12":{"loc":{"start":{"line":176,"column":7},"end":{"line":222,"column":null}},"type":"binary-expr","locations":[{"start":{"line":176,"column":7},"end":{"line":176,"column":null}},{"start":{"line":177,"column":8},"end":{"line":222,"column":null}}],"line":176},"13":{"loc":{"start":{"line":208,"column":17},"end":{"line":217,"column":null}},"type":"cond-expr","locations":[{"start":{"line":209,"column":18},"end":{"line":215,"column":null}},{"start":{"line":217,"column":18},"end":{"line":217,"column":null}}],"line":208}},"s":{"0":1,"1":47,"2":47,"3":47,"4":47,"5":47,"6":47,"7":47,"8":18,"9":18,"10":18,"11":18,"12":18,"13":15,"14":15,"15":2,"16":2,"17":17,"18":18,"19":47,"20":6,"21":6,"22":47,"23":3,"24":0,"25":3,"26":3,"27":3,"28":1,"29":2,"30":1,"31":1,"32":1,"33":2,"34":47,"35":1,"36":47,"37":18,"38":29,"39":3,"40":26,"41":1,"42":25,"43":48,"44":6,"45":1},"f":{"0":47,"1":18,"2":18,"3":6,"4":3,"5":2,"6":1,"7":48,"8":6,"9":1},"b":{"0":[2,1,0],"1":[0,3],"2":[1,1,0],"3":[18,29],"4":[3,26],"5":[1,25],"6":[2,23],"7":[24,24],"8":[48,48],"9":[48,0,48],"10":[48,0],"11":[48,0],"12":[47,9],"13":[3,6]},"meta":{"lastBranch":14,"lastFunction":10,"lastStatement":46,"seen":{"s:5:39:226:Infinity":0,"f:5:39:5:45":0,"s:6:8:6:Infinity":1,"s:7:28:7:Infinity":2,"s:8:28:8:Infinity":3,"s:9:24:9:Infinity":4,"s:10:40:10:Infinity":5,"s:11:30:11:Infinity":6,"s:13:2:30:Infinity":7,"f:13:12:13:18":1,"s:14:25:27:Infinity":8,"f:14:25:14:37":2,"s:15:6:26:Infinity":9,"s:16:8:16:Infinity":10,"s:17:8:17:Infinity":11,"s:18:21:18:Infinity":12,"s:19:8:19:Infinity":13,"s:20:8:20:Infinity":14,"s:22:8:22:Infinity":15,"s:23:8:23:Infinity":16,"b:23:17:23:48:23:48:23:63:23:63:23:87":0,"s:25:8:25:Infinity":17,"s:29:4:29:Infinity":18,"s:32:28:35:Infinity":19,"f:32:28:32:29":3,"s:33:4:33:Infinity":20,"s:34:4:34:Infinity":21,"s:37:30:52:Infinity":22,"f:37:30:37:42":4,"b:38:4:38:Infinity:undefined:undefined:undefined:undefined":1,"s:38:4:38:Infinity":23,"s:38:24:38:Infinity":24,"s:40:4:51:Infinity":25,"s:41:6:41:Infinity":26,"s:42:6:42:Infinity":27,"s:44:6:44:Infinity":28,"f:44:32:44:37":5,"s:44:37:44:62":29,"s:45:6:45:Infinity":30,"s:47:6:47:Infinity":31,"s:48:6:48:Infinity":32,"b:48:15:48:46:48:46:48:61:48:61:48:86":2,"s:50:6:50:Infinity":33,"s:54:29:56:Infinity":34,"f:54:29:54:35":6,"s:55:4:55:Infinity":35,"b:58:2:70:Infinity:undefined:undefined:undefined:undefined":3,"s:58:2:70:Infinity":36,"s:59:4:68:Infinity":37,"b:72:2:85:Infinity:undefined:undefined:undefined:undefined":4,"s:72:2:85:Infinity":38,"s:73:4:83:Infinity":39,"b:87:2:103:Infinity:undefined:undefined:undefined:undefined":5,"s:87:2:103:Infinity":40,"s:88:4:101:Infinity":41,"s:105:2:224:Infinity":42,"b:109:78:109:89:109:89:109:99":6,"f:113:21:113:22":7,"s:114:10:171:Infinity":43,"f:120:23:120:24":8,"s:120:30:120:Infinity":44,"f:130:23:130:29":9,"s:130:29:130:Infinity":45,"b:134:16:140:Infinity:142:16:146:Infinity":7,"b:150:17:150:Infinity:151:18:151:Infinity":8,"b:154:20:154:39:154:39:154:Infinity:155:20:160:Infinity":9,"b:159:24:159:43:159:43:159:49":10,"b:159:49:159:68:159:68:159:71":11,"b:176:7:176:Infinity:177:8:222:Infinity":12,"b:209:18:215:Infinity:217:18:217:Infinity":13}}}
,"/Users/andy/code/recipe-management-frontend/src/services/recipeStorageApi.ts": {"path":"/Users/andy/code/recipe-management-frontend/src/services/recipeStorageApi.ts","statementMap":{"0":{"start":{"line":6,"column":25},"end":{"line":6,"column":null}},"1":{"start":{"line":67,"column":33},"end":{"line":121,"column":null}},"2":{"start":{"line":69,"column":29},"end":{"line":76,"column":null}},"3":{"start":{"line":70,"column":4},"end":{"line":70,"column":null}},"4":{"start":{"line":70,"column":18},"end":{"line":70,"column":null}},"5":{"start":{"line":71,"column":18},"end":{"line":71,"column":null}},"6":{"start":{"line":72,"column":4},"end":{"line":72,"column":null}},"7":{"start":{"line":72,"column":16},"end":{"line":72,"column":null}},"8":{"start":{"line":73,"column":18},"end":{"line":73,"column":null}},"9":{"start":{"line":74,"column":17},"end":{"line":74,"column":null}},"10":{"start":{"line":75,"column":4},"end":{"line":75,"column":null}},"11":{"start":{"line":79,"column":18},"end":{"line":101,"column":null}},"12":{"start":{"line":80,"column":4},"end":{"line":80,"column":null}},"13":{"start":{"line":80,"column":15},"end":{"line":80,"column":null}},"14":{"start":{"line":82,"column":45},"end":{"line":82,"column":null}},"15":{"start":{"line":84,"column":4},"end":{"line":86,"column":null}},"16":{"start":{"line":85,"column":6},"end":{"line":85,"column":null}},"17":{"start":{"line":87,"column":4},"end":{"line":89,"column":null}},"18":{"start":{"line":88,"column":6},"end":{"line":88,"column":null}},"19":{"start":{"line":90,"column":4},"end":{"line":92,"column":null}},"20":{"start":{"line":91,"column":6},"end":{"line":91,"column":null}},"21":{"start":{"line":93,"column":4},"end":{"line":95,"column":null}},"22":{"start":{"line":94,"column":6},"end":{"line":94,"column":null}},"23":{"start":{"line":96,"column":4},"end":{"line":98,"column":null}},"24":{"start":{"line":97,"column":6},"end":{"line":97,"column":null}},"25":{"start":{"line":100,"column":4},"end":{"line":100,"column":null}},"26":{"start":{"line":104,"column":19},"end":{"line":104,"column":null}},"27":{"start":{"line":106,"column":2},"end":{"line":120,"column":null}},"28":{"start":{"line":128,"column":26},"end":{"line":156,"column":null}},"29":{"start":{"line":129,"column":8},"end":{"line":129,"column":null}},"30":{"start":{"line":130,"column":16},"end":{"line":130,"column":null}},"31":{"start":{"line":133,"column":2},"end":{"line":152,"column":null}},"32":{"start":{"line":134,"column":4},"end":{"line":151,"column":null}},"33":{"start":{"line":136,"column":21},"end":{"line":136,"column":null}},"34":{"start":{"line":137,"column":26},"end":{"line":137,"column":null}},"35":{"start":{"line":140,"column":6},"end":{"line":143,"column":null}},"36":{"start":{"line":145,"column":6},"end":{"line":145,"column":null}},"37":{"start":{"line":147,"column":6},"end":{"line":150,"column":null}},"38":{"start":{"line":154,"column":19},"end":{"line":154,"column":null}},"39":{"start":{"line":155,"column":2},"end":{"line":155,"column":null}},"40":{"start":{"line":162,"column":26},"end":{"line":182,"column":null}},"41":{"start":{"line":163,"column":29},"end":{"line":163,"column":null}},"42":{"start":{"line":164,"column":19},"end":{"line":164,"column":null}},"43":{"start":{"line":166,"column":15},"end":{"line":166,"column":null}},"44":{"start":{"line":167,"column":2},"end":{"line":169,"column":null}},"45":{"start":{"line":168,"column":4},"end":{"line":168,"column":null}},"46":{"start":{"line":171,"column":16},"end":{"line":171,"column":null}},"47":{"start":{"line":172,"column":8},"end":{"line":172,"column":null}},"48":{"start":{"line":174,"column":19},"end":{"line":179,"column":null}},"49":{"start":{"line":181,"column":2},"end":{"line":181,"column":null}},"50":{"start":{"line":189,"column":25},"end":{"line":209,"column":null}},"51":{"start":{"line":190,"column":29},"end":{"line":190,"column":null}},"52":{"start":{"line":191,"column":19},"end":{"line":191,"column":null}},"53":{"start":{"line":193,"column":15},"end":{"line":193,"column":null}},"54":{"start":{"line":194,"column":2},"end":{"line":196,"column":null}},"55":{"start":{"line":195,"column":4},"end":{"line":195,"column":null}},"56":{"start":{"line":198,"column":16},"end":{"line":198,"column":null}},"57":{"start":{"line":199,"column":8},"end":{"line":199,"column":null}},"58":{"start":{"line":201,"column":19},"end":{"line":206,"column":null}},"59":{"start":{"line":208,"column":2},"end":{"line":208,"column":null}},"60":{"start":{"line":215,"column":28},"end":{"line":243,"column":null}},"61":{"start":{"line":216,"column":29},"end":{"line":216,"column":null}},"62":{"start":{"line":217,"column":19},"end":{"line":217,"column":null}},"63":{"start":{"line":219,"column":15},"end":{"line":219,"column":null}},"64":{"start":{"line":220,"column":2},"end":{"line":222,"column":null}},"65":{"start":{"line":221,"column":4},"end":{"line":221,"column":null}},"66":{"start":{"line":224,"column":16},"end":{"line":224,"column":null}},"67":{"start":{"line":225,"column":8},"end":{"line":225,"column":null}},"68":{"start":{"line":228,"column":2},"end":{"line":233,"column":null}},"69":{"start":{"line":237,"column":2},"end":{"line":242,"column":null}},"70":{"start":{"line":238,"column":4},"end":{"line":238,"column":null}},"71":{"start":{"line":241,"column":4},"end":{"line":241,"column":null}}},"fnMap":{"0":{"name":"(anonymous_0)","decl":{"start":{"line":67,"column":33},"end":{"line":67,"column":34}},"loc":{"start":{"line":67,"column":74},"end":{"line":121,"column":null}},"line":67},"1":{"name":"(anonymous_1)","decl":{"start":{"line":69,"column":29},"end":{"line":69,"column":30}},"loc":{"start":{"line":69,"column":71},"end":{"line":76,"column":null}},"line":69},"2":{"name":"(anonymous_2)","decl":{"start":{"line":79,"column":18},"end":{"line":79,"column":19}},"loc":{"start":{"line":79,"column":79},"end":{"line":101,"column":null}},"line":79},"3":{"name":"(anonymous_3)","decl":{"start":{"line":128,"column":26},"end":{"line":128,"column":33}},"loc":{"start":{"line":128,"column":77},"end":{"line":156,"column":null}},"line":128},"4":{"name":"(anonymous_4)","decl":{"start":{"line":162,"column":26},"end":{"line":162,"column":65}},"loc":{"start":{"line":162,"column":65},"end":{"line":182,"column":null}},"line":162},"5":{"name":"(anonymous_5)","decl":{"start":{"line":189,"column":25},"end":{"line":189,"column":32}},"loc":{"start":{"line":189,"column":72},"end":{"line":209,"column":null}},"line":189},"6":{"name":"(anonymous_6)","decl":{"start":{"line":215,"column":28},"end":{"line":215,"column":35}},"loc":{"start":{"line":215,"column":65},"end":{"line":243,"column":null}},"line":215}},"branchMap":{"0":{"loc":{"start":{"line":6,"column":25},"end":{"line":6,"column":null}},"type":"binary-expr","locations":[{"start":{"line":6,"column":25},"end":{"line":6,"column":65}},{"start":{"line":6,"column":65},"end":{"line":6,"column":null}}],"line":6},"1":{"loc":{"start":{"line":70,"column":4},"end":{"line":70,"column":null}},"type":"if","locations":[{"start":{"line":70,"column":4},"end":{"line":70,"column":null}},{"start":{},"end":{}}],"line":70},"2":{"loc":{"start":{"line":72,"column":4},"end":{"line":72,"column":null}},"type":"if","locations":[{"start":{"line":72,"column":4},"end":{"line":72,"column":null}},{"start":{},"end":{}}],"line":72},"3":{"loc":{"start":{"line":75,"column":11},"end":{"line":75,"column":null}},"type":"cond-expr","locations":[{"start":{"line":75,"column":62},"end":{"line":75,"column":75}},{"start":{"line":75,"column":75},"end":{"line":75,"column":null}}],"line":75},"4":{"loc":{"start":{"line":75,"column":11},"end":{"line":75,"column":62}},"type":"binary-expr","locations":[{"start":{"line":75,"column":11},"end":{"line":75,"column":38}},{"start":{"line":75,"column":38},"end":{"line":75,"column":62}}],"line":75},"5":{"loc":{"start":{"line":80,"column":4},"end":{"line":80,"column":null}},"type":"if","locations":[{"start":{"line":80,"column":4},"end":{"line":80,"column":null}},{"start":{},"end":{}}],"line":80},"6":{"loc":{"start":{"line":84,"column":4},"end":{"line":86,"column":null}},"type":"if","locations":[{"start":{"line":84,"column":4},"end":{"line":86,"column":null}},{"start":{},"end":{}}],"line":84},"7":{"loc":{"start":{"line":87,"column":4},"end":{"line":89,"column":null}},"type":"if","locations":[{"start":{"line":87,"column":4},"end":{"line":89,"column":null}},{"start":{},"end":{}}],"line":87},"8":{"loc":{"start":{"line":90,"column":4},"end":{"line":92,"column":null}},"type":"if","locations":[{"start":{"line":90,"column":4},"end":{"line":92,"column":null}},{"start":{},"end":{}}],"line":90},"9":{"loc":{"start":{"line":93,"column":4},"end":{"line":95,"column":null}},"type":"if","locations":[{"start":{"line":93,"column":4},"end":{"line":95,"column":null}},{"start":{},"end":{}}],"line":93},"10":{"loc":{"start":{"line":96,"column":4},"end":{"line":98,"column":null}},"type":"if","locations":[{"start":{"line":96,"column":4},"end":{"line":98,"column":null}},{"start":{},"end":{}}],"line":96},"11":{"loc":{"start":{"line":100,"column":11},"end":{"line":100,"column":null}},"type":"cond-expr","locations":[{"start":{"line":100,"column":44},"end":{"line":100,"column":53}},{"start":{"line":100,"column":53},"end":{"line":100,"column":null}}],"line":100},"12":{"loc":{"start":{"line":104,"column":19},"end":{"line":104,"column":null}},"type":"cond-expr","locations":[{"start":{"line":104,"column":58},"end":{"line":104,"column":70}},{"start":{"line":104,"column":70},"end":{"line":104,"column":null}}],"line":104},"13":{"loc":{"start":{"line":113,"column":14},"end":{"line":113,"column":null}},"type":"cond-expr","locations":[{"start":{"line":113,"column":52},"end":{"line":113,"column":71}},{"start":{"line":113,"column":71},"end":{"line":113,"column":null}}],"line":113},"14":{"loc":{"start":{"line":113,"column":71},"end":{"line":113,"column":null}},"type":"binary-expr","locations":[{"start":{"line":113,"column":71},"end":{"line":113,"column":112}},{"start":{"line":113,"column":112},"end":{"line":113,"column":null}}],"line":113},"15":{"loc":{"start":{"line":133,"column":2},"end":{"line":152,"column":null}},"type":"if","locations":[{"start":{"line":133,"column":2},"end":{"line":152,"column":null}},{"start":{},"end":{}}],"line":133},"16":{"loc":{"start":{"line":167,"column":2},"end":{"line":169,"column":null}},"type":"if","locations":[{"start":{"line":167,"column":2},"end":{"line":169,"column":null}},{"start":{},"end":{}}],"line":167},"17":{"loc":{"start":{"line":194,"column":2},"end":{"line":196,"column":null}},"type":"if","locations":[{"start":{"line":194,"column":2},"end":{"line":196,"column":null}},{"start":{},"end":{}}],"line":194},"18":{"loc":{"start":{"line":220,"column":2},"end":{"line":222,"column":null}},"type":"if","locations":[{"start":{"line":220,"column":2},"end":{"line":222,"column":null}},{"start":{},"end":{}}],"line":220}},"s":{"0":1,"1":1,"2":0,"3":0,"4":0,"5":0,"6":0,"7":0,"8":0,"9":0,"10":0,"11":0,"12":0,"13":0,"14":0,"15":0,"16":0,"17":0,"18":0,"19":0,"20":0,"21":0,"22":0,"23":0,"24":0,"25":0,"26":0,"27":0,"28":1,"29":0,"30":0,"31":0,"32":0,"33":0,"34":0,"35":0,"36":0,"37":0,"38":0,"39":0,"40":1,"41":0,"42":0,"43":0,"44":0,"45":0,"46":0,"47":0,"48":0,"49":0,"50":1,"51":0,"52":0,"53":0,"54":0,"55":0,"56":0,"57":0,"58":0,"59":0,"60":1,"61":3,"62":3,"63":3,"64":3,"65":0,"66":3,"67":3,"68":3,"69":3,"70":3,"71":1},"f":{"0":0,"1":0,"2":0,"3":0,"4":0,"5":0,"6":3},"b":{"0":[1,0],"1":[0,0],"2":[0,0],"3":[0,0],"4":[0,0],"5":[0,0],"6":[0,0],"7":[0,0],"8":[0,0],"9":[0,0],"10":[0,0],"11":[0,0],"12":[0,0],"13":[0,0],"14":[0,0],"15":[0,0],"16":[0,0],"17":[0,0],"18":[0,3]},"meta":{"lastBranch":19,"lastFunction":7,"lastStatement":72,"seen":{"s:6:25:6:Infinity":0,"b:6:25:6:65:6:65:6:Infinity":0,"s:67:33:121:Infinity":1,"f:67:33:67:34":0,"s:69:29:76:Infinity":2,"f:69:29:69:30":1,"b:70:4:70:Infinity:undefined:undefined:undefined:undefined":1,"s:70:4:70:Infinity":3,"s:70:18:70:Infinity":4,"s:71:18:71:Infinity":5,"b:72:4:72:Infinity:undefined:undefined:undefined:undefined":2,"s:72:4:72:Infinity":6,"s:72:16:72:Infinity":7,"s:73:18:73:Infinity":8,"s:74:17:74:Infinity":9,"s:75:4:75:Infinity":10,"b:75:62:75:75:75:75:75:Infinity":3,"b:75:11:75:38:75:38:75:62":4,"s:79:18:101:Infinity":11,"f:79:18:79:19":2,"b:80:4:80:Infinity:undefined:undefined:undefined:undefined":5,"s:80:4:80:Infinity":12,"s:80:15:80:Infinity":13,"s:82:45:82:Infinity":14,"b:84:4:86:Infinity:undefined:undefined:undefined:undefined":6,"s:84:4:86:Infinity":15,"s:85:6:85:Infinity":16,"b:87:4:89:Infinity:undefined:undefined:undefined:undefined":7,"s:87:4:89:Infinity":17,"s:88:6:88:Infinity":18,"b:90:4:92:Infinity:undefined:undefined:undefined:undefined":8,"s:90:4:92:Infinity":19,"s:91:6:91:Infinity":20,"b:93:4:95:Infinity:undefined:undefined:undefined:undefined":9,"s:93:4:95:Infinity":21,"s:94:6:94:Infinity":22,"b:96:4:98:Infinity:undefined:undefined:undefined:undefined":10,"s:96:4:98:Infinity":23,"s:97:6:97:Infinity":24,"s:100:4:100:Infinity":25,"b:100:44:100:53:100:53:100:Infinity":11,"s:104:19:104:Infinity":26,"b:104:58:104:70:104:70:104:Infinity":12,"s:106:2:120:Infinity":27,"b:113:52:113:71:113:71:113:Infinity":13,"b:113:71:113:112:113:112:113:Infinity":14,"s:128:26:156:Infinity":28,"f:128:26:128:33":3,"s:129:8:129:Infinity":29,"s:130:16:130:Infinity":30,"b:133:2:152:Infinity:undefined:undefined:undefined:undefined":15,"s:133:2:152:Infinity":31,"s:134:4:151:Infinity":32,"s:136:21:136:Infinity":33,"s:137:26:137:Infinity":34,"s:140:6:143:Infinity":35,"s:145:6:145:Infinity":36,"s:147:6:150:Infinity":37,"s:154:19:154:Infinity":38,"s:155:2:155:Infinity":39,"s:162:26:182:Infinity":40,"f:162:26:162:65":4,"s:163:29:163:Infinity":41,"s:164:19:164:Infinity":42,"s:166:15:166:Infinity":43,"b:167:2:169:Infinity:undefined:undefined:undefined:undefined":16,"s:167:2:169:Infinity":44,"s:168:4:168:Infinity":45,"s:171:16:171:Infinity":46,"s:172:8:172:Infinity":47,"s:174:19:179:Infinity":48,"s:181:2:181:Infinity":49,"s:189:25:209:Infinity":50,"f:189:25:189:32":5,"s:190:29:190:Infinity":51,"s:191:19:191:Infinity":52,"s:193:15:193:Infinity":53,"b:194:2:196:Infinity:undefined:undefined:undefined:undefined":17,"s:194:2:196:Infinity":54,"s:195:4:195:Infinity":55,"s:198:16:198:Infinity":56,"s:199:8:199:Infinity":57,"s:201:19:206:Infinity":58,"s:208:2:208:Infinity":59,"s:215:28:243:Infinity":60,"f:215:28:215:35":6,"s:216:29:216:Infinity":61,"s:217:19:217:Infinity":62,"s:219:15:219:Infinity":63,"b:220:2:222:Infinity:undefined:undefined:undefined:undefined":18,"s:220:2:222:Infinity":64,"s:221:4:221:Infinity":65,"s:224:16:224:Infinity":66,"s:225:8:225:Infinity":67,"s:228:2:233:Infinity":68,"s:237:2:242:Infinity":69,"s:238:4:238:Infinity":70,"s:241:4:241:Infinity":71}}}
,"/Users/andy/code/recipe-management-frontend/src/utils/apiUtils.ts": {"path":"/Users/andy/code/recipe-management-frontend/src/utils/apiUtils.ts","statementMap":{"0":{"start":{"line":7,"column":27},"end":{"line":11,"column":null}},"1":{"start":{"line":10,"column":2},"end":{"line":10,"column":null}}},"fnMap":{"0":{"name":"(anonymous_0)","decl":{"start":{"line":7,"column":27},"end":{"line":7,"column":28}},"loc":{"start":{"line":7,"column":86},"end":{"line":11,"column":null}},"line":7}},"branchMap":{"0":{"loc":{"start":{"line":10,"column":9},"end":{"line":10,"column":null}},"type":"cond-expr","locations":[{"start":{"line":10,"column":19},"end":{"line":10,"column":72}},{"start":{"line":10,"column":72},"end":{"line":10,"column":null}}],"line":10}},"s":{"0":1,"1":3},"f":{"0":3},"b":{"0":[3,0]},"meta":{"lastBranch":1,"lastFunction":1,"lastStatement":2,"seen":{"s:7:27:11:Infinity":0,"f:7:27:7:28":0,"s:10:2:10:Infinity":1,"b:10:19:10:72:10:72:10:Infinity":0}}}
,"/Users/andy/code/recipe-management-frontend/src/utils/authApi.ts": {"path":"/Users/andy/code/recipe-management-frontend/src/utils/authApi.ts","statementMap":{"0":{"start":{"line":6,"column":2},"end":{"line":12,"column":null}},"1":{"start":{"line":7,"column":4},"end":{"line":9,"column":null}},"2":{"start":{"line":8,"column":6},"end":{"line":8,"column":null}},"3":{"start":{"line":11,"column":4},"end":{"line":11,"column":null}},"4":{"start":{"line":13,"column":2},"end":{"line":13,"column":null}},"5":{"start":{"line":17,"column":16},"end":{"line":17,"column":null}},"6":{"start":{"line":18,"column":18},"end":{"line":21,"column":null}},"7":{"start":{"line":22,"column":17},"end":{"line":22,"column":null}},"8":{"start":{"line":23,"column":2},"end":{"line":23,"column":null}},"9":{"start":{"line":27,"column":16},"end":{"line":27,"column":null}},"10":{"start":{"line":28,"column":18},"end":{"line":31,"column":null}},"11":{"start":{"line":32,"column":17},"end":{"line":32,"column":null}},"12":{"start":{"line":33,"column":2},"end":{"line":33,"column":null}}},"fnMap":{"0":{"name":"getIdToken","decl":{"start":{"line":5,"column":15},"end":{"line":5,"column":52}},"loc":{"start":{"line":5,"column":52},"end":{"line":14,"column":null}},"line":5},"1":{"name":"postWithAuth","decl":{"start":{"line":16,"column":22},"end":{"line":16,"column":35}},"loc":{"start":{"line":16,"column":96},"end":{"line":24,"column":null}},"line":16},"2":{"name":"fetchWithAuth","decl":{"start":{"line":26,"column":22},"end":{"line":26,"column":36}},"loc":{"start":{"line":26,"column":73},"end":{"line":34,"column":null}},"line":26}},"branchMap":{"0":{"loc":{"start":{"line":7,"column":4},"end":{"line":9,"column":null}},"type":"if","locations":[{"start":{"line":7,"column":4},"end":{"line":9,"column":null}},{"start":{},"end":{}}],"line":7},"1":{"loc":{"start":{"line":16,"column":63},"end":{"line":16,"column":96}},"type":"default-arg","locations":[{"start":{"line":16,"column":92},"end":{"line":16,"column":96}}],"line":16},"2":{"loc":{"start":{"line":20,"column":8},"end":{"line":20,"column":null}},"type":"cond-expr","locations":[{"start":{"line":20,"column":16},"end":{"line":20,"column":55}},{"start":{"line":20,"column":55},"end":{"line":20,"column":null}}],"line":20},"3":{"loc":{"start":{"line":26,"column":49},"end":{"line":26,"column":73}},"type":"default-arg","locations":[{"start":{"line":26,"column":69},"end":{"line":26,"column":73}}],"line":26},"4":{"loc":{"start":{"line":30,"column":8},"end":{"line":30,"column":null}},"type":"cond-expr","locations":[{"start":{"line":30,"column":16},"end":{"line":30,"column":55}},{"start":{"line":30,"column":55},"end":{"line":30,"column":null}}],"line":30}},"s":{"0":0,"1":0,"2":0,"3":0,"4":0,"5":0,"6":0,"7":0,"8":0,"9":0,"10":0,"11":0,"12":0},"f":{"0":0,"1":0,"2":0},"b":{"0":[0,0],"1":[0],"2":[0,0],"3":[0],"4":[0,0]},"meta":{"lastBranch":5,"lastFunction":3,"lastStatement":13,"seen":{"f:5:15:5:52":0,"s:6:2:12:Infinity":0,"b:7:4:9:Infinity:undefined:undefined:undefined:undefined":0,"s:7:4:9:Infinity":1,"s:8:6:8:Infinity":2,"s:11:4:11:Infinity":3,"s:13:2:13:Infinity":4,"f:16:22:16:35":1,"b:16:92:16:96":1,"s:17:16:17:Infinity":5,"s:18:18:21:Infinity":6,"b:20:16:20:55:20:55:20:Infinity":2,"s:22:17:22:Infinity":7,"s:23:2:23:Infinity":8,"f:26:22:26:36":2,"b:26:69:26:73":3,"s:27:16:27:Infinity":9,"s:28:18:31:Infinity":10,"b:30:16:30:55:30:55:30:Infinity":4,"s:32:17:32:Infinity":11,"s:33:2:33:Infinity":12}}}
,"/Users/andy/code/recipe-management-frontend/src/utils/imageStorage.ts": {"path":"/Users/andy/code/recipe-management-frontend/src/utils/imageStorage.ts","statementMap":{"0":{"start":{"line":7,"column":22},"end":{"line":17,"column":null}},"1":{"start":{"line":8,"column":14},"end":{"line":8,"column":null}},"2":{"start":{"line":9,"column":15},"end":{"line":9,"column":null}},"3":{"start":{"line":10,"column":15},"end":{"line":10,"column":null}},"4":{"start":{"line":11,"column":10},"end":{"line":11,"column":null}},"5":{"start":{"line":12,"column":16},"end":{"line":12,"column":null}},"6":{"start":{"line":13,"column":2},"end":{"line":15,"column":null}},"7":{"start":{"line":14,"column":4},"end":{"line":14,"column":null}},"8":{"start":{"line":16,"column":2},"end":{"line":16,"column":null}},"9":{"start":{"line":25,"column":33},"end":{"line":50,"column":null}},"10":{"start":{"line":29,"column":2},"end":{"line":49,"column":null}},"11":{"start":{"line":31,"column":17},"end":{"line":31,"column":null}},"12":{"start":{"line":34,"column":10},"end":{"line":34,"column":null}},"13":{"start":{"line":37,"column":4},"end":{"line":40,"column":null}},"14":{"start":{"line":43,"column":24},"end":{"line":43,"column":null}},"15":{"start":{"line":45,"column":4},"end":{"line":45,"column":null}},"16":{"start":{"line":47,"column":4},"end":{"line":47,"column":null}},"17":{"start":{"line":48,"column":4},"end":{"line":48,"column":null}},"18":{"start":{"line":56,"column":33},"end":{"line":64,"column":null}},"19":{"start":{"line":57,"column":2},"end":{"line":63,"column":null}},"20":{"start":{"line":58,"column":10},"end":{"line":58,"column":null}},"21":{"start":{"line":59,"column":4},"end":{"line":59,"column":null}},"22":{"start":{"line":62,"column":4},"end":{"line":62,"column":null}}},"fnMap":{"0":{"name":"(anonymous_0)","decl":{"start":{"line":7,"column":22},"end":{"line":7,"column":23}},"loc":{"start":{"line":7,"column":49},"end":{"line":17,"column":null}},"line":7},"1":{"name":"(anonymous_1)","decl":{"start":{"line":25,"column":33},"end":{"line":25,"column":null}},"loc":{"start":{"line":28,"column":22},"end":{"line":50,"column":null}},"line":28},"2":{"name":"(anonymous_2)","decl":{"start":{"line":56,"column":33},"end":{"line":56,"column":40}},"loc":{"start":{"line":56,"column":76},"end":{"line":64,"column":null}},"line":56}},"branchMap":{"0":{"loc":{"start":{"line":9,"column":15},"end":{"line":9,"column":null}},"type":"binary-expr","locations":[{"start":{"line":9,"column":15},"end":{"line":9,"column":47}},{"start":{"line":9,"column":47},"end":{"line":9,"column":null}}],"line":9}},"s":{"0":1,"1":4,"2":4,"3":4,"4":4,"5":4,"6":4,"7":38,"8":4,"9":1,"10":4,"11":4,"12":4,"13":4,"14":3,"15":3,"16":1,"17":1,"18":1,"19":3,"20":3,"21":3,"22":1},"f":{"0":4,"1":4,"2":3},"b":{"0":[4,0]},"meta":{"lastBranch":1,"lastFunction":3,"lastStatement":23,"seen":{"s:7:22:17:Infinity":0,"f:7:22:7:23":0,"s:8:14:8:Infinity":1,"s:9:15:9:Infinity":2,"b:9:15:9:47:9:47:9:Infinity":0,"s:10:15:10:Infinity":3,"s:11:10:11:Infinity":4,"s:12:16:12:Infinity":5,"s:13:2:15:Infinity":6,"s:14:4:14:Infinity":7,"s:16:2:16:Infinity":8,"s:25:33:50:Infinity":9,"f:25:33:25:Infinity":1,"s:29:2:49:Infinity":10,"s:31:17:31:Infinity":11,"s:34:10:34:Infinity":12,"s:37:4:40:Infinity":13,"s:43:24:43:Infinity":14,"s:45:4:45:Infinity":15,"s:47:4:47:Infinity":16,"s:48:4:48:Infinity":17,"s:56:33:64:Infinity":18,"f:56:33:56:40":2,"s:57:2:63:Infinity":19,"s:58:10:58:Infinity":20,"s:59:4:59:Infinity":21,"s:62:4:62:Infinity":22}}}
,"/Users/andy/code/recipe-management-frontend/src/utils/quantityUtils.ts": {"path":"/Users/andy/code/recipe-management-frontend/src/utils/quantityUtils.ts","statementMap":{"0":{"start":{"line":2,"column":12},"end":{"line":2,"column":null}},"1":{"start":{"line":3,"column":2},"end":{"line":8,"column":null}},"2":{"start":{"line":4,"column":18},"end":{"line":4,"column":null}},"3":{"start":{"line":5,"column":16},"end":{"line":5,"column":null}},"4":{"start":{"line":6,"column":16},"end":{"line":6,"column":null}},"5":{"start":{"line":7,"column":4},"end":{"line":7,"column":null}},"6":{"start":{"line":7,"column":19},"end":{"line":7,"column":null}},"7":{"start":{"line":9,"column":13},"end":{"line":9,"column":null}},"8":{"start":{"line":10,"column":2},"end":{"line":14,"column":null}},"9":{"start":{"line":11,"column":16},"end":{"line":11,"column":null}},"10":{"start":{"line":12,"column":16},"end":{"line":12,"column":null}},"11":{"start":{"line":13,"column":4},"end":{"line":13,"column":null}},"12":{"start":{"line":13,"column":19},"end":{"line":13,"column":null}},"13":{"start":{"line":15,"column":13},"end":{"line":15,"column":null}},"14":{"start":{"line":16,"column":2},"end":{"line":18,"column":null}},"15":{"start":{"line":17,"column":4},"end":{"line":17,"column":null}},"16":{"start":{"line":19,"column":2},"end":{"line":19,"column":null}},"17":{"start":{"line":23,"column":2},"end":{"line":23,"column":null}},"18":{"start":{"line":23,"column":20},"end":{"line":23,"column":null}},"19":{"start":{"line":24,"column":15},"end":{"line":24,"column":null}},"20":{"start":{"line":25,"column":15},"end":{"line":25,"column":null}},"21":{"start":{"line":26,"column":2},"end":{"line":26,"column":null}},"22":{"start":{"line":26,"column":30},"end":{"line":26,"column":null}},"23":{"start":{"line":27,"column":16},"end":{"line":27,"column":null}},"24":{"start":{"line":28,"column":15},"end":{"line":28,"column":null}},"25":{"start":{"line":29,"column":23},"end":{"line":29,"column":null}},"26":{"start":{"line":30,"column":13},"end":{"line":30,"column":null}},"27":{"start":{"line":31,"column":2},"end":{"line":36,"column":null}},"28":{"start":{"line":32,"column":16},"end":{"line":32,"column":null}},"29":{"start":{"line":33,"column":19},"end":{"line":33,"column":null}},"30":{"start":{"line":34,"column":16},"end":{"line":34,"column":null}},"31":{"start":{"line":35,"column":4},"end":{"line":35,"column":null}},"32":{"start":{"line":35,"column":24},"end":{"line":35,"column":null}},"33":{"start":{"line":37,"column":24},"end":{"line":37,"column":null}},"34":{"start":{"line":38,"column":2},"end":{"line":47,"column":null}},"35":{"start":{"line":39,"column":16},"end":{"line":39,"column":null}},"36":{"start":{"line":40,"column":16},"end":{"line":40,"column":null}},"37":{"start":{"line":41,"column":16},"end":{"line":41,"column":null}},"38":{"start":{"line":41,"column":51},"end":{"line":41,"column":null}},"39":{"start":{"line":42,"column":14},"end":{"line":42,"column":null}},"40":{"start":{"line":43,"column":17},"end":{"line":43,"column":null}},"41":{"start":{"line":44,"column":17},"end":{"line":44,"column":null}},"42":{"start":{"line":45,"column":4},"end":{"line":45,"column":null}},"43":{"start":{"line":45,"column":21},"end":{"line":45,"column":null}},"44":{"start":{"line":46,"column":4},"end":{"line":46,"column":null}},"45":{"start":{"line":48,"column":2},"end":{"line":48,"column":null}},"46":{"start":{"line":52,"column":2},"end":{"line":52,"column":null}},"47":{"start":{"line":52,"column":19},"end":{"line":52,"column":null}},"48":{"start":{"line":53,"column":2},"end":{"line":61,"column":null}},"49":{"start":{"line":54,"column":27},"end":{"line":54,"column":null}},"50":{"start":{"line":55,"column":4},"end":{"line":59,"column":null}},"51":{"start":{"line":56,"column":21},"end":{"line":56,"column":null}},"52":{"start":{"line":57,"column":24},"end":{"line":57,"column":null}},"53":{"start":{"line":58,"column":6},"end":{"line":58,"column":null}},"54":{"start":{"line":60,"column":4},"end":{"line":60,"column":null}},"55":{"start":{"line":62,"column":2},"end":{"line":70,"column":null}},"56":{"start":{"line":64,"column":16},"end":{"line":64,"column":null}},"57":{"start":{"line":65,"column":42},"end":{"line":65,"column":null}},"58":{"start":{"line":66,"column":4},"end":{"line":66,"column":null}},"59":{"start":{"line":66,"column":41},"end":{"line":66,"column":null}},"60":{"start":{"line":67,"column":4},"end":{"line":67,"column":null}},"61":{"start":{"line":67,"column":43},"end":{"line":67,"column":null}},"62":{"start":{"line":68,"column":4},"end":{"line":68,"column":null}},"63":{"start":{"line":68,"column":40},"end":{"line":68,"column":null}},"64":{"start":{"line":69,"column":4},"end":{"line":69,"column":null}},"65":{"start":{"line":71,"column":2},"end":{"line":71,"column":null}}},"fnMap":{"0":{"name":"parseQuantityString","decl":{"start":{"line":1,"column":16},"end":{"line":1,"column":36}},"loc":{"start":{"line":1,"column":93},"end":{"line":20,"column":null}},"line":1},"1":{"name":"formatQuantity","decl":{"start":{"line":22,"column":16},"end":{"line":22,"column":31}},"loc":{"start":{"line":22,"column":42},"end":{"line":49,"column":null}},"line":22},"2":{"name":"(anonymous_2)","decl":{"start":{"line":41,"column":16},"end":{"line":41,"column":17}},"loc":{"start":{"line":41,"column":51},"end":{"line":41,"column":null}},"line":41},"3":{"name":"scaleIngredient","decl":{"start":{"line":51,"column":16},"end":{"line":51,"column":32}},"loc":{"start":{"line":51,"column":66},"end":{"line":72,"column":null}},"line":51}},"branchMap":{"0":{"loc":{"start":{"line":3,"column":2},"end":{"line":8,"column":null}},"type":"if","locations":[{"start":{"line":3,"column":2},"end":{"line":8,"column":null}},{"start":{},"end":{}}],"line":3},"1":{"loc":{"start":{"line":7,"column":4},"end":{"line":7,"column":null}},"type":"if","locations":[{"start":{"line":7,"column":4},"end":{"line":7,"column":null}},{"start":{},"end":{}}],"line":7},"2":{"loc":{"start":{"line":10,"column":2},"end":{"line":14,"column":null}},"type":"if","locations":[{"start":{"line":10,"column":2},"end":{"line":14,"column":null}},{"start":{},"end":{}}],"line":10},"3":{"loc":{"start":{"line":13,"column":4},"end":{"line":13,"column":null}},"type":"if","locations":[{"start":{"line":13,"column":4},"end":{"line":13,"column":null}},{"start":{},"end":{}}],"line":13},"4":{"loc":{"start":{"line":16,"column":2},"end":{"line":18,"column":null}},"type":"if","locations":[{"start":{"line":16,"column":2},"end":{"line":18,"column":null}},{"start":{},"end":{}}],"line":16},"5":{"loc":{"start":{"line":23,"column":2},"end":{"line":23,"column":null}},"type":"if","locations":[{"start":{"line":23,"column":2},"end":{"line":23,"column":null}},{"start":{},"end":{}}],"line":23},"6":{"loc":{"start":{"line":25,"column":15},"end":{"line":25,"column":null}},"type":"cond-expr","locations":[{"start":{"line":25,"column":23},"end":{"line":25,"column":29}},{"start":{"line":25,"column":29},"end":{"line":25,"column":null}}],"line":25},"7":{"loc":{"start":{"line":26,"column":2},"end":{"line":26,"column":null}},"type":"if","locations":[{"start":{"line":26,"column":2},"end":{"line":26,"column":null}},{"start":{},"end":{}}],"line":26},"8":{"loc":{"start":{"line":35,"column":4},"end":{"line":35,"column":null}},"type":"if","locations":[{"start":{"line":35,"column":4},"end":{"line":35,"column":null}},{"start":{},"end":{}}],"line":35},"9":{"loc":{"start":{"line":38,"column":2},"end":{"line":47,"column":null}},"type":"if","locations":[{"start":{"line":38,"column":2},"end":{"line":47,"column":null}},{"start":{},"end":{}}],"line":38},"10":{"loc":{"start":{"line":38,"column":6},"end":{"line":38,"column":51}},"type":"binary-expr","locations":[{"start":{"line":38,"column":6},"end":{"line":38,"column":24}},{"start":{"line":38,"column":24},"end":{"line":38,"column":51}}],"line":38},"11":{"loc":{"start":{"line":41,"column":51},"end":{"line":41,"column":null}},"type":"cond-expr","locations":[{"start":{"line":41,"column":61},"end":{"line":41,"column":65}},{"start":{"line":41,"column":65},"end":{"line":41,"column":null}}],"line":41},"12":{"loc":{"start":{"line":45,"column":4},"end":{"line":45,"column":null}},"type":"if","locations":[{"start":{"line":45,"column":4},"end":{"line":45,"column":null}},{"start":{},"end":{}}],"line":45},"13":{"loc":{"start":{"line":52,"column":2},"end":{"line":52,"column":null}},"type":"if","locations":[{"start":{"line":52,"column":2},"end":{"line":52,"column":null}},{"start":{},"end":{}}],"line":52},"14":{"loc":{"start":{"line":53,"column":2},"end":{"line":61,"column":null}},"type":"if","locations":[{"start":{"line":53,"column":2},"end":{"line":61,"column":null}},{"start":{},"end":{}}],"line":53},"15":{"loc":{"start":{"line":55,"column":4},"end":{"line":59,"column":null}},"type":"if","locations":[{"start":{"line":55,"column":4},"end":{"line":59,"column":null}},{"start":{},"end":{}}],"line":55},"16":{"loc":{"start":{"line":55,"column":8},"end":{"line":55,"column":30}},"type":"binary-expr","locations":[{"start":{"line":55,"column":8},"end":{"line":55,"column":25}},{"start":{"line":55,"column":25},"end":{"line":55,"column":30}}],"line":55},"17":{"loc":{"start":{"line":62,"column":2},"end":{"line":70,"column":null}},"type":"if","locations":[{"start":{"line":62,"column":2},"end":{"line":70,"column":null}},{"start":{},"end":{}}],"line":62},"18":{"loc":{"start":{"line":66,"column":4},"end":{"line":66,"column":null}},"type":"if","locations":[{"start":{"line":66,"column":4},"end":{"line":66,"column":null}},{"start":{},"end":{}}],"line":66},"19":{"loc":{"start":{"line":67,"column":4},"end":{"line":67,"column":null}},"type":"if","locations":[{"start":{"line":67,"column":4},"end":{"line":67,"column":null}},{"start":{},"end":{}}],"line":67},"20":{"loc":{"start":{"line":68,"column":4},"end":{"line":68,"column":null}},"type":"if","locations":[{"start":{"line":68,"column":4},"end":{"line":68,"column":null}},{"start":{},"end":{}}],"line":68}},"s":{"0":15,"1":15,"2":4,"3":4,"4":4,"5":4,"6":4,"7":11,"8":11,"9":4,"10":4,"11":4,"12":3,"13":8,"14":8,"15":6,"16":2,"17":22,"18":2,"19":20,"20":20,"21":22,"22":8,"23":12,"24":12,"25":12,"26":12,"27":12,"28":60,"29":60,"30":60,"31":60,"32":22,"33":12,"34":12,"35":12,"36":12,"37":12,"38":40,"39":12,"40":12,"41":12,"42":12,"43":8,"44":4,"45":0,"46":13,"47":2,"48":11,"49":7,"50":7,"51":6,"52":6,"53":6,"54":1,"55":4,"56":4,"57":4,"58":4,"59":2,"60":4,"61":1,"62":4,"63":1,"64":4,"65":0},"f":{"0":15,"1":22,"2":40,"3":13},"b":{"0":[4,11],"1":[4,0],"2":[4,7],"3":[3,1],"4":[6,2],"5":[2,20],"6":[3,17],"7":[8,14],"8":[22,38],"9":[12,0],"10":[12,12],"11":[12,28],"12":[8,4],"13":[2,11],"14":[7,4],"15":[6,1],"16":[7,6],"17":[4,0],"18":[2,2],"19":[1,3],"20":[1,3]},"meta":{"lastBranch":21,"lastFunction":4,"lastStatement":66,"seen":{"f:1:16:1:36":0,"s:2:12:2:Infinity":0,"b:3:2:8:Infinity:undefined:undefined:undefined:undefined":0,"s:3:2:8:Infinity":1,"s:4:18:4:Infinity":2,"s:5:16:5:Infinity":3,"s:6:16:6:Infinity":4,"b:7:4:7:Infinity:undefined:undefined:undefined:undefined":1,"s:7:4:7:Infinity":5,"s:7:19:7:Infinity":6,"s:9:13:9:Infinity":7,"b:10:2:14:Infinity:undefined:undefined:undefined:undefined":2,"s:10:2:14:Infinity":8,"s:11:16:11:Infinity":9,"s:12:16:12:Infinity":10,"b:13:4:13:Infinity:undefined:undefined:undefined:undefined":3,"s:13:4:13:Infinity":11,"s:13:19:13:Infinity":12,"s:15:13:15:Infinity":13,"b:16:2:18:Infinity:undefined:undefined:undefined:undefined":4,"s:16:2:18:Infinity":14,"s:17:4:17:Infinity":15,"s:19:2:19:Infinity":16,"f:22:16:22:31":1,"b:23:2:23:Infinity:undefined:undefined:undefined:undefined":5,"s:23:2:23:Infinity":17,"s:23:20:23:Infinity":18,"s:24:15:24:Infinity":19,"s:25:15:25:Infinity":20,"b:25:23:25:29:25:29:25:Infinity":6,"b:26:2:26:Infinity:undefined:undefined:undefined:undefined":7,"s:26:2:26:Infinity":21,"s:26:30:26:Infinity":22,"s:27:16:27:Infinity":23,"s:28:15:28:Infinity":24,"s:29:23:29:Infinity":25,"s:30:13:30:Infinity":26,"s:31:2:36:Infinity":27,"s:32:16:32:Infinity":28,"s:33:19:33:Infinity":29,"s:34:16:34:Infinity":30,"b:35:4:35:Infinity:undefined:undefined:undefined:undefined":8,"s:35:4:35:Infinity":31,"s:35:24:35:Infinity":32,"s:37:24:37:Infinity":33,"b:38:2:47:Infinity:undefined:undefined:undefined:undefined":9,"s:38:2:47:Infinity":34,"b:38:6:38:24:38:24:38:51":10,"s:39:16:39:Infinity":35,"s:40:16:40:Infinity":36,"s:41:16:41:Infinity":37,"f:41:16:41:17":2,"s:41:51:41:Infinity":38,"b:41:61:41:65:41:65:41:Infinity":11,"s:42:14:42:Infinity":39,"s:43:17:43:Infinity":40,"s:44:17:44:Infinity":41,"b:45:4:45:Infinity:undefined:undefined:undefined:undefined":12,"s:45:4:45:Infinity":42,"s:45:21:45:Infinity":43,"s:46:4:46:Infinity":44,"s:48:2:48:Infinity":45,"f:51:16:51:32":3,"b:52:2:52:Infinity:undefined:undefined:undefined:undefined":13,"s:52:2:52:Infinity":46,"s:52:19:52:Infinity":47,"b:53:2:61:Infinity:undefined:undefined:undefined:undefined":14,"s:53:2:61:Infinity":48,"s:54:27:54:Infinity":49,"b:55:4:59:Infinity:undefined:undefined:undefined:undefined":15,"s:55:4:59:Infinity":50,"b:55:8:55:25:55:25:55:30":16,"s:56:21:56:Infinity":51,"s:57:24:57:Infinity":52,"s:58:6:58:Infinity":53,"s:60:4:60:Infinity":54,"b:62:2:70:Infinity:undefined:undefined:undefined:undefined":17,"s:62:2:70:Infinity":55,"s:64:16:64:Infinity":56,"s:65:42:65:Infinity":57,"b:66:4:66:Infinity:undefined:undefined:undefined:undefined":18,"s:66:4:66:Infinity":58,"s:66:41:66:Infinity":59,"b:67:4:67:Infinity:undefined:undefined:undefined:undefined":19,"s:67:4:67:Infinity":60,"s:67:43:67:Infinity":61,"b:68:4:68:Infinity:undefined:undefined:undefined:undefined":20,"s:68:4:68:Infinity":62,"s:68:40:68:Infinity":63,"s:69:4:69:Infinity":64,"s:71:2:71:Infinity":65}}}
}
