{"/Users/andy/code/recipe-management-frontend/src/components/ServingsStepper.tsx": {"path":"/Users/andy/code/recipe-management-frontend/src/components/ServingsStepper.tsx","statementMap":{"0":{"start":{"line":9,"column":31},"end":{"line":9,"column":null}},"1":{"start":{"line":10,"column":2},"end":{"line":11,"column":null}},"2":{"start":{"line":10,"column":36},"end":{"line":10,"column":null}},"3":{"start":{"line":10,"column":46},"end":{"line":11,"column":null}},"4":{"start":{"line":11,"column":83},"end":{"line":11,"column":null}},"5":{"start":{"line":13,"column":18},"end":{"line":13,"column":null}},"6":{"start":{"line":15,"column":2},"end":{"line":23,"column":null}},"7":{"start":{"line":16,"column":4},"end":{"line":21,"column":null}},"8":{"start":{"line":25,"column":2},"end":{"line":34,"column":null}},"9":{"start":{"line":30,"column":140},"end":{"line":30,"column":226}},"10":{"start":{"line":32,"column":140},"end":{"line":32,"column":213}}},"fnMap":{"0":{"name":"ServingsStepper","decl":{"start":{"line":7,"column":24},"end":{"line":7,"column":40}},"loc":{"start":{"line":7,"column":96},"end":{"line":36,"column":null}},"line":7},"1":{"name":"(anonymous_1)","decl":{"start":{"line":30,"column":134},"end":{"line":30,"column":140}},"loc":{"start":{"line":30,"column":140},"end":{"line":30,"column":226}},"line":30},"2":{"name":"(anonymous_2)","decl":{"start":{"line":32,"column":134},"end":{"line":32,"column":140}},"loc":{"start":{"line":32,"column":140},"end":{"line":32,"column":213}},"line":32}},"branchMap":{"0":{"loc":{"start":{"line":10,"column":2},"end":{"line":11,"column":null}},"type":"if","locations":[{"start":{"line":10,"column":2},"end":{"line":11,"column":null}},{"start":{"line":10,"column":46},"end":{"line":11,"column":null}}],"line":10},"1":{"loc":{"start":{"line":10,"column":46},"end":{"line":11,"column":null}},"type":"if","locations":[{"start":{"line":10,"column":46},"end":{"line":11,"column":null}},{"start":{},"end":{}}],"line":10},"2":{"loc":{"start":{"line":11,"column":11},"end":{"line":11,"column":83}},"type":"binary-expr","locations":[{"start":{"line":11,"column":11},"end":{"line":11,"column":43}},{"start":{"line":11,"column":43},"end":{"line":11,"column":83}}],"line":11},"3":{"loc":{"start":{"line":13,"column":18},"end":{"line":13,"column":null}},"type":"binary-expr","locations":[{"start":{"line":13,"column":18},"end":{"line":13,"column":36}},{"start":{"line":13,"column":36},"end":{"line":13,"column":47}},{"start":{"line":13,"column":47},"end":{"line":13,"column":null}}],"line":13},"4":{"loc":{"start":{"line":15,"column":2},"end":{"line":23,"column":null}},"type":"if","locations":[{"start":{"line":15,"column":2},"end":{"line":23,"column":null}},{"start":{},"end":{}}],"line":15},"5":{"loc":{"start":{"line":20,"column":42},"end":{"line":20,"column":57}},"type":"binary-expr","locations":[{"start":{"line":20,"column":42},"end":{"line":20,"column":54}},{"start":{"line":20,"column":54},"end":{"line":20,"column":57}}],"line":20},"6":{"loc":{"start":{"line":30,"column":140},"end":{"line":30,"column":226}},"type":"binary-expr","locations":[{"start":{"line":30,"column":140},"end":{"line":30,"column":161}},{"start":{"line":30,"column":161},"end":{"line":30,"column":226}}],"line":30},"7":{"loc":{"start":{"line":30,"column":192},"end":{"line":30,"column":221}},"type":"binary-expr","locations":[{"start":{"line":30,"column":192},"end":{"line":30,"column":210}},{"start":{"line":30,"column":210},"end":{"line":30,"column":221}}],"line":30},"8":{"loc":{"start":{"line":32,"column":140},"end":{"line":32,"column":213}},"type":"binary-expr","locations":[{"start":{"line":32,"column":140},"end":{"line":32,"column":161}},{"start":{"line":32,"column":161},"end":{"line":32,"column":213}}],"line":32},"9":{"loc":{"start":{"line":32,"column":180},"end":{"line":32,"column":209}},"type":"binary-expr","locations":[{"start":{"line":32,"column":180},"end":{"line":32,"column":198}},{"start":{"line":32,"column":198},"end":{"line":32,"column":209}}],"line":32}},"s":{"0":15,"1":15,"2":9,"3":6,"4":3,"5":15,"6":15,"7":3,"8":12,"9":3,"10":4},"f":{"0":15,"1":3,"2":4},"b":{"0":[9,6],"1":[3,3],"2":[6,4],"3":[15,11,3],"4":[3,12],"5":[3,2],"6":[3,3],"7":[3,1],"8":[4,3],"9":[3,2]},"meta":{"lastBranch":10,"lastFunction":3,"lastStatement":11,"seen":{"f:7:24:7:40":0,"s:9:31:9:Infinity":0,"b:10:2:11:Infinity:10:46:11:Infinity":0,"s:10:2:11:Infinity":1,"s:10:36:10:Infinity":2,"b:10:46:11:Infinity:undefined:undefined:undefined:undefined":1,"s:10:46:11:Infinity":3,"b:11:11:11:43:11:43:11:83":2,"s:11:83:11:Infinity":4,"s:13:18:13:Infinity":5,"b:13:18:13:36:13:36:13:47:13:47:13:Infinity":3,"b:15:2:23:Infinity:undefined:undefined:undefined:undefined":4,"s:15:2:23:Infinity":6,"s:16:4:21:Infinity":7,"b:20:42:20:54:20:54:20:57":5,"s:25:2:34:Infinity":8,"f:30:134:30:140":1,"s:30:140:30:226":9,"b:30:140:30:161:30:161:30:226":6,"b:30:192:30:210:30:210:30:221":7,"f:32:134:32:140":2,"s:32:140:32:213":10,"b:32:140:32:161:32:161:32:213":8,"b:32:180:32:198:32:198:32:209":9}}}
,"/Users/andy/code/recipe-management-frontend/src/features/recipes/CreateRecipe.tsx": {"path":"/Users/andy/code/recipe-management-frontend/src/features/recipes/CreateRecipe.tsx","statementMap":{"0":{"start":{"line":6,"column":38},"end":{"line":742,"column":null}},"1":{"start":{"line":7,"column":8},"end":{"line":7,"column":null}},"2":{"start":{"line":10,"column":36},"end":{"line":10,"column":null}},"3":{"start":{"line":11,"column":21},"end":{"line":11,"column":null}},"4":{"start":{"line":14,"column":36},"end":{"line":14,"column":null}},"5":{"start":{"line":15,"column":32},"end":{"line":15,"column":null}},"6":{"start":{"line":18,"column":24},"end":{"line":18,"column":null}},"7":{"start":{"line":19,"column":36},"end":{"line":19,"column":null}},"8":{"start":{"line":20,"column":30},"end":{"line":20,"column":null}},"9":{"start":{"line":21,"column":30},"end":{"line":21,"column":null}},"10":{"start":{"line":22,"column":30},"end":{"line":22,"column":null}},"11":{"start":{"line":23,"column":36},"end":{"line":23,"column":null}},"12":{"start":{"line":24,"column":38},"end":{"line":24,"column":null}},"13":{"start":{"line":25,"column":22},"end":{"line":25,"column":null}},"14":{"start":{"line":26,"column":30},"end":{"line":26,"column":null}},"15":{"start":{"line":27,"column":38},"end":{"line":27,"column":null}},"16":{"start":{"line":30,"column":24},"end":{"line":32,"column":null}},"17":{"start":{"line":31,"column":4},"end":{"line":31,"column":null}},"18":{"start":{"line":34,"column":27},"end":{"line":38,"column":null}},"19":{"start":{"line":35,"column":27},"end":{"line":35,"column":null}},"20":{"start":{"line":36,"column":4},"end":{"line":36,"column":null}},"21":{"start":{"line":37,"column":4},"end":{"line":37,"column":null}},"22":{"start":{"line":40,"column":27},"end":{"line":44,"column":null}},"23":{"start":{"line":41,"column":4},"end":{"line":43,"column":null}},"24":{"start":{"line":42,"column":6},"end":{"line":42,"column":null}},"25":{"start":{"line":42,"column":50},"end":{"line":42,"column":61}},"26":{"start":{"line":47,"column":25},"end":{"line":49,"column":null}},"27":{"start":{"line":48,"column":4},"end":{"line":48,"column":null}},"28":{"start":{"line":51,"column":28},"end":{"line":55,"column":null}},"29":{"start":{"line":52,"column":28},"end":{"line":52,"column":null}},"30":{"start":{"line":53,"column":4},"end":{"line":53,"column":null}},"31":{"start":{"line":54,"column":4},"end":{"line":54,"column":null}},"32":{"start":{"line":57,"column":28},"end":{"line":61,"column":null}},"33":{"start":{"line":58,"column":4},"end":{"line":60,"column":null}},"34":{"start":{"line":59,"column":6},"end":{"line":59,"column":null}},"35":{"start":{"line":59,"column":52},"end":{"line":59,"column":63}},"36":{"start":{"line":64,"column":17},"end":{"line":69,"column":null}},"37":{"start":{"line":65,"column":4},"end":{"line":68,"column":null}},"38":{"start":{"line":66,"column":6},"end":{"line":66,"column":null}},"39":{"start":{"line":67,"column":6},"end":{"line":67,"column":null}},"40":{"start":{"line":71,"column":20},"end":{"line":73,"column":null}},"41":{"start":{"line":72,"column":4},"end":{"line":72,"column":null}},"42":{"start":{"line":72,"column":34},"end":{"line":72,"column":45}},"43":{"start":{"line":76,"column":28},"end":{"line":86,"column":null}},"44":{"start":{"line":77,"column":17},"end":{"line":77,"column":null}},"45":{"start":{"line":78,"column":4},"end":{"line":85,"column":null}},"46":{"start":{"line":80,"column":21},"end":{"line":80,"column":null}},"47":{"start":{"line":81,"column":6},"end":{"line":83,"column":null}},"48":{"start":{"line":82,"column":8},"end":{"line":82,"column":null}},"49":{"start":{"line":84,"column":6},"end":{"line":84,"column":null}},"50":{"start":{"line":88,"column":22},"end":{"line":90,"column":null}},"51":{"start":{"line":89,"column":4},"end":{"line":89,"column":null}},"52":{"start":{"line":92,"column":23},"end":{"line":129,"column":null}},"53":{"start":{"line":93,"column":4},"end":{"line":93,"column":null}},"54":{"start":{"line":95,"column":4},"end":{"line":95,"column":null}},"55":{"start":{"line":96,"column":4},"end":{"line":96,"column":null}},"56":{"start":{"line":98,"column":4},"end":{"line":128,"column":null}},"57":{"start":{"line":100,"column":29},"end":{"line":110,"column":null}},"58":{"start":{"line":106,"column":45},"end":{"line":106,"column":53}},"59":{"start":{"line":107,"column":47},"end":{"line":107,"column":55}},"60":{"start":{"line":113,"column":26},"end":{"line":113,"column":null}},"61":{"start":{"line":115,"column":6},"end":{"line":115,"column":null}},"62":{"start":{"line":118,"column":6},"end":{"line":118,"column":null}},"63":{"start":{"line":120,"column":6},"end":{"line":120,"column":null}},"64":{"start":{"line":121,"column":27},"end":{"line":121,"column":null}},"65":{"start":{"line":122,"column":6},"end":{"line":122,"column":null}},"66":{"start":{"line":125,"column":6},"end":{"line":125,"column":null}},"67":{"start":{"line":127,"column":6},"end":{"line":127,"column":null}},"68":{"start":{"line":131,"column":23},"end":{"line":133,"column":null}},"69":{"start":{"line":132,"column":4},"end":{"line":132,"column":null}},"70":{"start":{"line":135,"column":19},"end":{"line":139,"column":null}},"71":{"start":{"line":136,"column":4},"end":{"line":138,"column":null}},"72":{"start":{"line":137,"column":6},"end":{"line":137,"column":null}},"73":{"start":{"line":141,"column":19},"end":{"line":145,"column":null}},"74":{"start":{"line":142,"column":4},"end":{"line":144,"column":null}},"75":{"start":{"line":143,"column":6},"end":{"line":143,"column":null}},"76":{"start":{"line":147,"column":19},"end":{"line":149,"column":null}},"77":{"start":{"line":148,"column":4},"end":{"line":148,"column":null}},"78":{"start":{"line":151,"column":16},"end":{"line":156,"column":null}},"79":{"start":{"line":158,"column":2},"end":{"line":740,"column":null}},"80":{"start":{"line":172,"column":12},"end":{"line":202,"column":null}},"81":{"start":{"line":175,"column":31},"end":{"line":175,"column":null}},"82":{"start":{"line":222,"column":31},"end":{"line":222,"column":null}},"83":{"start":{"line":295,"column":35},"end":{"line":295,"column":43}},"84":{"start":{"line":299,"column":41},"end":{"line":299,"column":49}},"85":{"start":{"line":300,"column":18},"end":{"line":305,"column":null}},"86":{"start":{"line":312,"column":36},"end":{"line":312,"column":44}},"87":{"start":{"line":316,"column":42},"end":{"line":316,"column":50}},"88":{"start":{"line":317,"column":18},"end":{"line":322,"column":null}},"89":{"start":{"line":334,"column":18},"end":{"line":339,"column":null}},"90":{"start":{"line":409,"column":37},"end":{"line":409,"column":null}},"91":{"start":{"line":423,"column":37},"end":{"line":423,"column":null}},"92":{"start":{"line":439,"column":39},"end":{"line":439,"column":null}},"93":{"start":{"line":452,"column":39},"end":{"line":452,"column":null}},"94":{"start":{"line":465,"column":39},"end":{"line":465,"column":null}},"95":{"start":{"line":544,"column":16},"end":{"line":567,"column":null}},"96":{"start":{"line":551,"column":37},"end":{"line":551,"column":null}},"97":{"start":{"line":559,"column":37},"end":{"line":559,"column":null}},"98":{"start":{"line":596,"column":16},"end":{"line":621,"column":null}},"99":{"start":{"line":604,"column":37},"end":{"line":604,"column":null}},"100":{"start":{"line":613,"column":37},"end":{"line":613,"column":null}},"101":{"start":{"line":636,"column":35},"end":{"line":636,"column":null}},"102":{"start":{"line":638,"column":20},"end":{"line":641,"column":null}},"103":{"start":{"line":639,"column":22},"end":{"line":639,"column":null}},"104":{"start":{"line":640,"column":22},"end":{"line":640,"column":null}},"105":{"start":{"line":658,"column":20},"end":{"line":670,"column":null}},"106":{"start":{"line":665,"column":39},"end":{"line":665,"column":null}}},"fnMap":{"0":{"name":"(anonymous_0)","decl":{"start":{"line":6,"column":38},"end":{"line":6,"column":44}},"loc":{"start":{"line":6,"column":44},"end":{"line":742,"column":null}},"line":6},"1":{"name":"(anonymous_1)","decl":{"start":{"line":30,"column":24},"end":{"line":30,"column":30}},"loc":{"start":{"line":30,"column":30},"end":{"line":32,"column":null}},"line":30},"2":{"name":"(anonymous_2)","decl":{"start":{"line":34,"column":27},"end":{"line":34,"column":28}},"loc":{"start":{"line":34,"column":61},"end":{"line":38,"column":null}},"line":34},"3":{"name":"(anonymous_3)","decl":{"start":{"line":40,"column":27},"end":{"line":40,"column":28}},"loc":{"start":{"line":40,"column":46},"end":{"line":44,"column":null}},"line":40},"4":{"name":"(anonymous_4)","decl":{"start":{"line":42,"column":40},"end":{"line":42,"column":41}},"loc":{"start":{"line":42,"column":50},"end":{"line":42,"column":61}},"line":42},"5":{"name":"(anonymous_5)","decl":{"start":{"line":47,"column":25},"end":{"line":47,"column":31}},"loc":{"start":{"line":47,"column":31},"end":{"line":49,"column":null}},"line":47},"6":{"name":"(anonymous_6)","decl":{"start":{"line":51,"column":28},"end":{"line":51,"column":29}},"loc":{"start":{"line":51,"column":62},"end":{"line":55,"column":null}},"line":51},"7":{"name":"(anonymous_7)","decl":{"start":{"line":57,"column":28},"end":{"line":57,"column":29}},"loc":{"start":{"line":57,"column":47},"end":{"line":61,"column":null}},"line":57},"8":{"name":"(anonymous_8)","decl":{"start":{"line":59,"column":42},"end":{"line":59,"column":43}},"loc":{"start":{"line":59,"column":52},"end":{"line":59,"column":63}},"line":59},"9":{"name":"(anonymous_9)","decl":{"start":{"line":64,"column":17},"end":{"line":64,"column":23}},"loc":{"start":{"line":64,"column":23},"end":{"line":69,"column":null}},"line":64},"10":{"name":"(anonymous_10)","decl":{"start":{"line":71,"column":20},"end":{"line":71,"column":21}},"loc":{"start":{"line":71,"column":39},"end":{"line":73,"column":null}},"line":71},"11":{"name":"(anonymous_11)","decl":{"start":{"line":72,"column":24},"end":{"line":72,"column":25}},"loc":{"start":{"line":72,"column":34},"end":{"line":72,"column":45}},"line":72},"12":{"name":"(anonymous_12)","decl":{"start":{"line":76,"column":28},"end":{"line":76,"column":29}},"loc":{"start":{"line":76,"column":72},"end":{"line":86,"column":null}},"line":76},"13":{"name":"(anonymous_13)","decl":{"start":{"line":81,"column":25},"end":{"line":81,"column":31}},"loc":{"start":{"line":81,"column":31},"end":{"line":83,"column":null}},"line":81},"14":{"name":"(anonymous_14)","decl":{"start":{"line":88,"column":22},"end":{"line":88,"column":28}},"loc":{"start":{"line":88,"column":28},"end":{"line":90,"column":null}},"line":88},"15":{"name":"(anonymous_15)","decl":{"start":{"line":92,"column":23},"end":{"line":92,"column":30}},"loc":{"start":{"line":92,"column":53},"end":{"line":129,"column":null}},"line":92},"16":{"name":"(anonymous_16)","decl":{"start":{"line":106,"column":40},"end":{"line":106,"column":45}},"loc":{"start":{"line":106,"column":45},"end":{"line":106,"column":53}},"line":106},"17":{"name":"(anonymous_17)","decl":{"start":{"line":107,"column":42},"end":{"line":107,"column":47}},"loc":{"start":{"line":107,"column":47},"end":{"line":107,"column":55}},"line":107},"18":{"name":"(anonymous_18)","decl":{"start":{"line":131,"column":23},"end":{"line":131,"column":29}},"loc":{"start":{"line":131,"column":29},"end":{"line":133,"column":null}},"line":131},"19":{"name":"(anonymous_19)","decl":{"start":{"line":135,"column":19},"end":{"line":135,"column":25}},"loc":{"start":{"line":135,"column":25},"end":{"line":139,"column":null}},"line":135},"20":{"name":"(anonymous_20)","decl":{"start":{"line":141,"column":19},"end":{"line":141,"column":25}},"loc":{"start":{"line":141,"column":25},"end":{"line":145,"column":null}},"line":141},"21":{"name":"(anonymous_21)","decl":{"start":{"line":147,"column":19},"end":{"line":147,"column":20}},"loc":{"start":{"line":147,"column":37},"end":{"line":149,"column":null}},"line":147},"22":{"name":"(anonymous_22)","decl":{"start":{"line":171,"column":21},"end":{"line":171,"column":22}},"loc":{"start":{"line":172,"column":12},"end":{"line":202,"column":null}},"line":172},"23":{"name":"(anonymous_23)","decl":{"start":{"line":175,"column":25},"end":{"line":175,"column":31}},"loc":{"start":{"line":175,"column":31},"end":{"line":175,"column":null}},"line":175},"24":{"name":"(anonymous_24)","decl":{"start":{"line":222,"column":25},"end":{"line":222,"column":31}},"loc":{"start":{"line":222,"column":31},"end":{"line":222,"column":null}},"line":222},"25":{"name":"(anonymous_25)","decl":{"start":{"line":295,"column":30},"end":{"line":295,"column":35}},"loc":{"start":{"line":295,"column":35},"end":{"line":295,"column":43}},"line":295},"26":{"name":"(anonymous_26)","decl":{"start":{"line":299,"column":36},"end":{"line":299,"column":41}},"loc":{"start":{"line":299,"column":41},"end":{"line":299,"column":49}},"line":299},"27":{"name":"(anonymous_27)","decl":{"start":{"line":299,"column":55},"end":{"line":299,"column":56}},"loc":{"start":{"line":300,"column":18},"end":{"line":305,"column":null}},"line":300},"28":{"name":"(anonymous_28)","decl":{"start":{"line":312,"column":31},"end":{"line":312,"column":36}},"loc":{"start":{"line":312,"column":36},"end":{"line":312,"column":44}},"line":312},"29":{"name":"(anonymous_29)","decl":{"start":{"line":316,"column":37},"end":{"line":316,"column":42}},"loc":{"start":{"line":316,"column":42},"end":{"line":316,"column":50}},"line":316},"30":{"name":"(anonymous_30)","decl":{"start":{"line":316,"column":56},"end":{"line":316,"column":57}},"loc":{"start":{"line":317,"column":18},"end":{"line":322,"column":null}},"line":317},"31":{"name":"(anonymous_31)","decl":{"start":{"line":333,"column":26},"end":{"line":333,"column":27}},"loc":{"start":{"line":334,"column":18},"end":{"line":339,"column":null}},"line":334},"32":{"name":"(anonymous_32)","decl":{"start":{"line":409,"column":30},"end":{"line":409,"column":31}},"loc":{"start":{"line":409,"column":37},"end":{"line":409,"column":null}},"line":409},"33":{"name":"(anonymous_33)","decl":{"start":{"line":423,"column":30},"end":{"line":423,"column":31}},"loc":{"start":{"line":423,"column":37},"end":{"line":423,"column":null}},"line":423},"34":{"name":"(anonymous_34)","decl":{"start":{"line":439,"column":32},"end":{"line":439,"column":33}},"loc":{"start":{"line":439,"column":39},"end":{"line":439,"column":null}},"line":439},"35":{"name":"(anonymous_35)","decl":{"start":{"line":452,"column":32},"end":{"line":452,"column":33}},"loc":{"start":{"line":452,"column":39},"end":{"line":452,"column":null}},"line":452},"36":{"name":"(anonymous_36)","decl":{"start":{"line":465,"column":32},"end":{"line":465,"column":33}},"loc":{"start":{"line":465,"column":39},"end":{"line":465,"column":null}},"line":465},"37":{"name":"(anonymous_37)","decl":{"start":{"line":543,"column":35},"end":{"line":543,"column":36}},"loc":{"start":{"line":544,"column":16},"end":{"line":567,"column":null}},"line":544},"38":{"name":"(anonymous_38)","decl":{"start":{"line":551,"column":30},"end":{"line":551,"column":31}},"loc":{"start":{"line":551,"column":37},"end":{"line":551,"column":null}},"line":551},"39":{"name":"(anonymous_39)","decl":{"start":{"line":559,"column":31},"end":{"line":559,"column":37}},"loc":{"start":{"line":559,"column":37},"end":{"line":559,"column":null}},"line":559},"40":{"name":"(anonymous_40)","decl":{"start":{"line":595,"column":32},"end":{"line":595,"column":33}},"loc":{"start":{"line":596,"column":16},"end":{"line":621,"column":null}},"line":596},"41":{"name":"(anonymous_41)","decl":{"start":{"line":604,"column":30},"end":{"line":604,"column":31}},"loc":{"start":{"line":604,"column":37},"end":{"line":604,"column":null}},"line":604},"42":{"name":"(anonymous_42)","decl":{"start":{"line":613,"column":31},"end":{"line":613,"column":37}},"loc":{"start":{"line":613,"column":37},"end":{"line":613,"column":null}},"line":613},"43":{"name":"(anonymous_43)","decl":{"start":{"line":636,"column":28},"end":{"line":636,"column":29}},"loc":{"start":{"line":636,"column":35},"end":{"line":636,"column":null}},"line":636},"44":{"name":"(anonymous_44)","decl":{"start":{"line":637,"column":29},"end":{"line":637,"column":30}},"loc":{"start":{"line":637,"column":36},"end":{"line":642,"column":null}},"line":637},"45":{"name":"(anonymous_45)","decl":{"start":{"line":657,"column":28},"end":{"line":657,"column":29}},"loc":{"start":{"line":658,"column":20},"end":{"line":670,"column":null}},"line":658},"46":{"name":"(anonymous_46)","decl":{"start":{"line":665,"column":33},"end":{"line":665,"column":39}},"loc":{"start":{"line":665,"column":39},"end":{"line":665,"column":null}},"line":665}},"branchMap":{"0":{"loc":{"start":{"line":41,"column":4},"end":{"line":43,"column":null}},"type":"if","locations":[{"start":{"line":41,"column":4},"end":{"line":43,"column":null}},{"start":{},"end":{}}],"line":41},"1":{"loc":{"start":{"line":58,"column":4},"end":{"line":60,"column":null}},"type":"if","locations":[{"start":{"line":58,"column":4},"end":{"line":60,"column":null}},{"start":{},"end":{}}],"line":58},"2":{"loc":{"start":{"line":65,"column":4},"end":{"line":68,"column":null}},"type":"if","locations":[{"start":{"line":65,"column":4},"end":{"line":68,"column":null}},{"start":{},"end":{}}],"line":65},"3":{"loc":{"start":{"line":65,"column":8},"end":{"line":65,"column":60}},"type":"binary-expr","locations":[{"start":{"line":65,"column":8},"end":{"line":65,"column":27}},{"start":{"line":65,"column":27},"end":{"line":65,"column":60}}],"line":65},"4":{"loc":{"start":{"line":78,"column":4},"end":{"line":85,"column":null}},"type":"if","locations":[{"start":{"line":78,"column":4},"end":{"line":85,"column":null}},{"start":{},"end":{}}],"line":78},"5":{"loc":{"start":{"line":102,"column":21},"end":{"line":102,"column":null}},"type":"binary-expr","locations":[{"start":{"line":102,"column":21},"end":{"line":102,"column":36}},{"start":{"line":102,"column":36},"end":{"line":102,"column":null}}],"line":102},"6":{"loc":{"start":{"line":103,"column":18},"end":{"line":103,"column":null}},"type":"cond-expr","locations":[{"start":{"line":103,"column":29},"end":{"line":103,"column":53}},{"start":{"line":103,"column":53},"end":{"line":103,"column":null}}],"line":103},"7":{"loc":{"start":{"line":104,"column":18},"end":{"line":104,"column":null}},"type":"cond-expr","locations":[{"start":{"line":104,"column":29},"end":{"line":104,"column":53}},{"start":{"line":104,"column":53},"end":{"line":104,"column":null}}],"line":104},"8":{"loc":{"start":{"line":105,"column":18},"end":{"line":105,"column":null}},"type":"cond-expr","locations":[{"start":{"line":105,"column":29},"end":{"line":105,"column":50}},{"start":{"line":105,"column":50},"end":{"line":105,"column":null}}],"line":105},"9":{"loc":{"start":{"line":108,"column":18},"end":{"line":108,"column":null}},"type":"binary-expr","locations":[{"start":{"line":108,"column":18},"end":{"line":108,"column":34}},{"start":{"line":108,"column":34},"end":{"line":108,"column":null}}],"line":108},"10":{"loc":{"start":{"line":121,"column":27},"end":{"line":121,"column":null}},"type":"binary-expr","locations":[{"start":{"line":121,"column":27},"end":{"line":121,"column":58}},{"start":{"line":121,"column":58},"end":{"line":121,"column":73}},{"start":{"line":121,"column":73},"end":{"line":121,"column":null}}],"line":121},"11":{"loc":{"start":{"line":136,"column":4},"end":{"line":138,"column":null}},"type":"if","locations":[{"start":{"line":136,"column":4},"end":{"line":138,"column":null}},{"start":{},"end":{}}],"line":136},"12":{"loc":{"start":{"line":142,"column":4},"end":{"line":144,"column":null}},"type":"if","locations":[{"start":{"line":142,"column":4},"end":{"line":144,"column":null}},{"start":{},"end":{}}],"line":142},"13":{"loc":{"start":{"line":177,"column":18},"end":{"line":177,"column":null}},"type":"cond-expr","locations":[{"start":{"line":177,"column":48},"end":{"line":177,"column":64}},{"start":{"line":177,"column":64},"end":{"line":177,"column":null}}],"line":177},"14":{"loc":{"start":{"line":177,"column":64},"end":{"line":177,"column":null}},"type":"cond-expr","locations":[{"start":{"line":177,"column":92},"end":{"line":177,"column":108}},{"start":{"line":177,"column":108},"end":{"line":177,"column":null}}],"line":177},"15":{"loc":{"start":{"line":182,"column":20},"end":{"line":186,"column":null}},"type":"cond-expr","locations":[{"start":{"line":183,"column":24},"end":{"line":183,"column":null}},{"start":{"line":184,"column":24},"end":{"line":186,"column":null}}],"line":182},"16":{"loc":{"start":{"line":184,"column":24},"end":{"line":186,"column":null}},"type":"cond-expr","locations":[{"start":{"line":185,"column":24},"end":{"line":185,"column":null}},{"start":{"line":186,"column":24},"end":{"line":186,"column":null}}],"line":184},"17":{"loc":{"start":{"line":189,"column":19},"end":{"line":189,"column":null}},"type":"cond-expr","locations":[{"start":{"line":189,"column":47},"end":{"line":189,"column":53}},{"start":{"line":189,"column":53},"end":{"line":189,"column":null}}],"line":189},"18":{"loc":{"start":{"line":192,"column":18},"end":{"line":192,"column":null}},"type":"cond-expr","locations":[{"start":{"line":192,"column":48},"end":{"line":192,"column":66}},{"start":{"line":192,"column":66},"end":{"line":192,"column":null}}],"line":192},"19":{"loc":{"start":{"line":197,"column":15},"end":{"line":200,"column":null}},"type":"binary-expr","locations":[{"start":{"line":197,"column":15},"end":{"line":197,"column":null}},{"start":{"line":198,"column":16},"end":{"line":200,"column":null}}],"line":197},"20":{"loc":{"start":{"line":199,"column":18},"end":{"line":199,"column":null}},"type":"cond-expr","locations":[{"start":{"line":199,"column":46},"end":{"line":199,"column":63}},{"start":{"line":199,"column":63},"end":{"line":199,"column":null}}],"line":199},"21":{"loc":{"start":{"line":208,"column":7},"end":{"line":738,"column":null}},"type":"cond-expr","locations":[{"start":{"line":209,"column":8},"end":{"line":388,"column":null}},{"start":{"line":391,"column":8},"end":{"line":738,"column":null}}],"line":208},"22":{"loc":{"start":{"line":211,"column":11},"end":{"line":230,"column":null}},"type":"binary-expr","locations":[{"start":{"line":211,"column":11},"end":{"line":211,"column":null}},{"start":{"line":212,"column":12},"end":{"line":230,"column":null}}],"line":211},"23":{"loc":{"start":{"line":236,"column":15},"end":{"line":236,"column":null}},"type":"binary-expr","locations":[{"start":{"line":236,"column":15},"end":{"line":236,"column":24}},{"start":{"line":236,"column":24},"end":{"line":236,"column":null}}],"line":236},"24":{"loc":{"start":{"line":239,"column":13},"end":{"line":240,"column":null}},"type":"binary-expr","locations":[{"start":{"line":239,"column":13},"end":{"line":239,"column":null}},{"start":{"line":240,"column":14},"end":{"line":240,"column":null}}],"line":239},"25":{"loc":{"start":{"line":244,"column":13},"end":{"line":251,"column":null}},"type":"binary-expr","locations":[{"start":{"line":244,"column":13},"end":{"line":244,"column":null}},{"start":{"line":245,"column":14},"end":{"line":251,"column":null}}],"line":244},"26":{"loc":{"start":{"line":248,"column":23},"end":{"line":248,"column":null}},"type":"binary-expr","locations":[{"start":{"line":248,"column":23},"end":{"line":248,"column":32}},{"start":{"line":248,"column":32},"end":{"line":248,"column":null}}],"line":248},"27":{"loc":{"start":{"line":256,"column":15},"end":{"line":265,"column":null}},"type":"binary-expr","locations":[{"start":{"line":256,"column":15},"end":{"line":256,"column":null}},{"start":{"line":257,"column":16},"end":{"line":265,"column":null}}],"line":256},"28":{"loc":{"start":{"line":268,"column":15},"end":{"line":277,"column":null}},"type":"binary-expr","locations":[{"start":{"line":268,"column":15},"end":{"line":268,"column":null}},{"start":{"line":269,"column":16},"end":{"line":277,"column":null}}],"line":268},"29":{"loc":{"start":{"line":280,"column":15},"end":{"line":289,"column":null}},"type":"binary-expr","locations":[{"start":{"line":280,"column":15},"end":{"line":280,"column":null}},{"start":{"line":281,"column":16},"end":{"line":289,"column":null}}],"line":280},"30":{"loc":{"start":{"line":295,"column":11},"end":{"line":308,"column":null}},"type":"binary-expr","locations":[{"start":{"line":295,"column":11},"end":{"line":295,"column":null}},{"start":{"line":296,"column":12},"end":{"line":308,"column":null}}],"line":295},"31":{"loc":{"start":{"line":312,"column":11},"end":{"line":325,"column":null}},"type":"binary-expr","locations":[{"start":{"line":312,"column":11},"end":{"line":312,"column":null}},{"start":{"line":313,"column":12},"end":{"line":325,"column":null}}],"line":312},"32":{"loc":{"start":{"line":329,"column":11},"end":{"line":342,"column":null}},"type":"binary-expr","locations":[{"start":{"line":329,"column":11},"end":{"line":329,"column":null}},{"start":{"line":330,"column":12},"end":{"line":342,"column":null}}],"line":329},"33":{"loc":{"start":{"line":369,"column":17},"end":{"line":383,"column":null}},"type":"cond-expr","locations":[{"start":{"line":370,"column":18},"end":{"line":376,"column":null}},{"start":{"line":378,"column":18},"end":{"line":383,"column":null}}],"line":369},"34":{"loc":{"start":{"line":395,"column":13},"end":{"line":520,"column":null}},"type":"binary-expr","locations":[{"start":{"line":395,"column":13},"end":{"line":395,"column":null}},{"start":{"line":396,"column":14},"end":{"line":520,"column":null}}],"line":395},"35":{"loc":{"start":{"line":480,"column":19},"end":{"line":517,"column":null}},"type":"cond-expr","locations":[{"start":{"line":481,"column":20},"end":{"line":499,"column":null}},{"start":{"line":501,"column":20},"end":{"line":517,"column":null}}],"line":480},"36":{"loc":{"start":{"line":524,"column":13},"end":{"line":570,"column":null}},"type":"binary-expr","locations":[{"start":{"line":524,"column":13},"end":{"line":524,"column":null}},{"start":{"line":525,"column":14},"end":{"line":570,"column":null}}],"line":524},"37":{"loc":{"start":{"line":556,"column":19},"end":{"line":565,"column":null}},"type":"binary-expr","locations":[{"start":{"line":556,"column":19},"end":{"line":556,"column":null}},{"start":{"line":557,"column":20},"end":{"line":565,"column":null}}],"line":556},"38":{"loc":{"start":{"line":574,"column":13},"end":{"line":675,"column":null}},"type":"binary-expr","locations":[{"start":{"line":574,"column":13},"end":{"line":574,"column":null}},{"start":{"line":575,"column":14},"end":{"line":675,"column":null}}],"line":574},"39":{"loc":{"start":{"line":610,"column":19},"end":{"line":619,"column":null}},"type":"binary-expr","locations":[{"start":{"line":610,"column":19},"end":{"line":610,"column":null}},{"start":{"line":611,"column":20},"end":{"line":619,"column":null}}],"line":610},"40":{"loc":{"start":{"line":638,"column":20},"end":{"line":641,"column":null}},"type":"if","locations":[{"start":{"line":638,"column":20},"end":{"line":641,"column":null}},{"start":{},"end":{}}],"line":638},"41":{"loc":{"start":{"line":655,"column":15},"end":{"line":672,"column":null}},"type":"binary-expr","locations":[{"start":{"line":655,"column":15},"end":{"line":655,"column":null}},{"start":{"line":656,"column":16},"end":{"line":672,"column":null}}],"line":655},"42":{"loc":{"start":{"line":685,"column":16},"end":{"line":687,"column":null}},"type":"cond-expr","locations":[{"start":{"line":686,"column":20},"end":{"line":686,"column":null}},{"start":{"line":687,"column":20},"end":{"line":687,"column":null}}],"line":685},"43":{"loc":{"start":{"line":702,"column":15},"end":{"line":733,"column":null}},"type":"cond-expr","locations":[{"start":{"line":703,"column":16},"end":{"line":709,"column":null}},{"start":{"line":711,"column":16},"end":{"line":733,"column":null}}],"line":702},"44":{"loc":{"start":{"line":717,"column":19},"end":{"line":731,"column":null}},"type":"cond-expr","locations":[{"start":{"line":718,"column":20},"end":{"line":724,"column":null}},{"start":{"line":726,"column":20},"end":{"line":731,"column":null}}],"line":717}},"s":{"0":1,"1":77,"2":77,"3":77,"4":77,"5":77,"6":77,"7":77,"8":77,"9":77,"10":77,"11":77,"12":77,"13":77,"14":77,"15":77,"16":77,"17":2,"18":77,"19":1,"20":1,"21":1,"22":77,"23":1,"24":1,"25":2,"26":77,"27":1,"28":77,"29":0,"30":0,"31":0,"32":77,"33":0,"34":0,"35":0,"36":77,"37":3,"38":3,"39":3,"40":77,"41":1,"42":1,"43":77,"44":0,"45":0,"46":0,"47":0,"48":0,"49":0,"50":77,"51":0,"52":77,"53":0,"54":0,"55":0,"56":0,"57":0,"58":0,"59":0,"60":0,"61":0,"62":0,"63":0,"64":0,"65":0,"66":0,"67":0,"68":77,"69":1,"70":77,"71":13,"72":13,"73":77,"74":3,"75":3,"76":77,"77":13,"78":77,"79":77,"80":308,"81":13,"82":0,"83":6,"84":0,"85":0,"86":6,"87":0,"88":0,"89":0,"90":2,"91":0,"92":0,"93":0,"94":0,"95":17,"96":1,"97":1,"98":19,"99":0,"100":0,"101":3,"102":1,"103":1,"104":1,"105":3,"106":1},"f":{"0":77,"1":2,"2":1,"3":1,"4":2,"5":1,"6":0,"7":0,"8":0,"9":3,"10":1,"11":1,"12":0,"13":0,"14":0,"15":0,"16":0,"17":0,"18":1,"19":13,"20":3,"21":13,"22":308,"23":13,"24":0,"25":6,"26":0,"27":0,"28":6,"29":0,"30":0,"31":0,"32":2,"33":0,"34":0,"35":0,"36":0,"37":17,"38":1,"39":1,"40":19,"41":0,"42":0,"43":3,"44":1,"45":3,"46":1},"b":{"0":[1,0],"1":[0,0],"2":[3,0],"3":[3,3],"4":[0,0],"5":[0,0],"6":[0,0],"7":[0,0],"8":[0,0],"9":[0,0],"10":[0,0,0],"11":[13,0],"12":[3,0],"13":[77,231],"14":[69,162],"15":[77,231],"16":[69,162],"17":[69,239],"18":[77,231],"19":[308,231],"20":[69,162],"21":[6,71],"22":[6,0],"23":[6,6],"24":[6,0],"25":[6,0],"26":[0,0],"27":[6,0],"28":[6,0],"29":[6,0],"30":[6,0],"31":[6,0],"32":[6,0],"33":[0,6],"34":[71,38],"35":[38,0],"36":[71,15],"37":[17,4],"38":[71,18],"39":[19,2],"40":[1,0],"41":[18,3],"42":[38,33],"43":[71,0],"44":[0,0]},"meta":{"lastBranch":45,"lastFunction":47,"lastStatement":107,"seen":{"s:6:38:742:Infinity":0,"f:6:38:6:44":0,"s:7:8:7:Infinity":1,"s:10:36:10:Infinity":2,"s:11:21:11:Infinity":3,"s:14:36:14:Infinity":4,"s:15:32:15:Infinity":5,"s:18:24:18:Infinity":6,"s:19:36:19:Infinity":7,"s:20:30:20:Infinity":8,"s:21:30:21:Infinity":9,"s:22:30:22:Infinity":10,"s:23:36:23:Infinity":11,"s:24:38:24:Infinity":12,"s:25:22:25:Infinity":13,"s:26:30:26:Infinity":14,"s:27:38:27:Infinity":15,"s:30:24:32:Infinity":16,"f:30:24:30:30":1,"s:31:4:31:Infinity":17,"s:34:27:38:Infinity":18,"f:34:27:34:28":2,"s:35:27:35:Infinity":19,"s:36:4:36:Infinity":20,"s:37:4:37:Infinity":21,"s:40:27:44:Infinity":22,"f:40:27:40:28":3,"b:41:4:43:Infinity:undefined:undefined:undefined:undefined":0,"s:41:4:43:Infinity":23,"s:42:6:42:Infinity":24,"f:42:40:42:41":4,"s:42:50:42:61":25,"s:47:25:49:Infinity":26,"f:47:25:47:31":5,"s:48:4:48:Infinity":27,"s:51:28:55:Infinity":28,"f:51:28:51:29":6,"s:52:28:52:Infinity":29,"s:53:4:53:Infinity":30,"s:54:4:54:Infinity":31,"s:57:28:61:Infinity":32,"f:57:28:57:29":7,"b:58:4:60:Infinity:undefined:undefined:undefined:undefined":1,"s:58:4:60:Infinity":33,"s:59:6:59:Infinity":34,"f:59:42:59:43":8,"s:59:52:59:63":35,"s:64:17:69:Infinity":36,"f:64:17:64:23":9,"b:65:4:68:Infinity:undefined:undefined:undefined:undefined":2,"s:65:4:68:Infinity":37,"b:65:8:65:27:65:27:65:60":3,"s:66:6:66:Infinity":38,"s:67:6:67:Infinity":39,"s:71:20:73:Infinity":40,"f:71:20:71:21":10,"s:72:4:72:Infinity":41,"f:72:24:72:25":11,"s:72:34:72:45":42,"s:76:28:86:Infinity":43,"f:76:28:76:29":12,"s:77:17:77:Infinity":44,"b:78:4:85:Infinity:undefined:undefined:undefined:undefined":4,"s:78:4:85:Infinity":45,"s:80:21:80:Infinity":46,"s:81:6:83:Infinity":47,"f:81:25:81:31":13,"s:82:8:82:Infinity":48,"s:84:6:84:Infinity":49,"s:88:22:90:Infinity":50,"f:88:22:88:28":14,"s:89:4:89:Infinity":51,"s:92:23:129:Infinity":52,"f:92:23:92:30":15,"s:93:4:93:Infinity":53,"s:95:4:95:Infinity":54,"s:96:4:96:Infinity":55,"s:98:4:128:Infinity":56,"s:100:29:110:Infinity":57,"b:102:21:102:36:102:36:102:Infinity":5,"b:103:29:103:53:103:53:103:Infinity":6,"b:104:29:104:53:104:53:104:Infinity":7,"b:105:29:105:50:105:50:105:Infinity":8,"f:106:40:106:45":16,"s:106:45:106:53":58,"f:107:42:107:47":17,"s:107:47:107:55":59,"b:108:18:108:34:108:34:108:Infinity":9,"s:113:26:113:Infinity":60,"s:115:6:115:Infinity":61,"s:118:6:118:Infinity":62,"s:120:6:120:Infinity":63,"s:121:27:121:Infinity":64,"b:121:27:121:58:121:58:121:73:121:73:121:Infinity":10,"s:122:6:122:Infinity":65,"s:125:6:125:Infinity":66,"s:127:6:127:Infinity":67,"s:131:23:133:Infinity":68,"f:131:23:131:29":18,"s:132:4:132:Infinity":69,"s:135:19:139:Infinity":70,"f:135:19:135:25":19,"b:136:4:138:Infinity:undefined:undefined:undefined:undefined":11,"s:136:4:138:Infinity":71,"s:137:6:137:Infinity":72,"s:141:19:145:Infinity":73,"f:141:19:141:25":20,"b:142:4:144:Infinity:undefined:undefined:undefined:undefined":12,"s:142:4:144:Infinity":74,"s:143:6:143:Infinity":75,"s:147:19:149:Infinity":76,"f:147:19:147:20":21,"s:148:4:148:Infinity":77,"s:151:16:156:Infinity":78,"s:158:2:740:Infinity":79,"f:171:21:171:22":22,"s:172:12:202:Infinity":80,"f:175:25:175:31":23,"s:175:31:175:Infinity":81,"b:177:48:177:64:177:64:177:Infinity":13,"b:177:92:177:108:177:108:177:Infinity":14,"b:183:24:183:Infinity:184:24:186:Infinity":15,"b:185:24:185:Infinity:186:24:186:Infinity":16,"b:189:47:189:53:189:53:189:Infinity":17,"b:192:48:192:66:192:66:192:Infinity":18,"b:197:15:197:Infinity:198:16:200:Infinity":19,"b:199:46:199:63:199:63:199:Infinity":20,"b:209:8:388:Infinity:391:8:738:Infinity":21,"b:211:11:211:Infinity:212:12:230:Infinity":22,"f:222:25:222:31":24,"s:222:31:222:Infinity":82,"b:236:15:236:24:236:24:236:Infinity":23,"b:239:13:239:Infinity:240:14:240:Infinity":24,"b:244:13:244:Infinity:245:14:251:Infinity":25,"b:248:23:248:32:248:32:248:Infinity":26,"b:256:15:256:Infinity:257:16:265:Infinity":27,"b:268:15:268:Infinity:269:16:277:Infinity":28,"b:280:15:280:Infinity:281:16:289:Infinity":29,"b:295:11:295:Infinity:296:12:308:Infinity":30,"f:295:30:295:35":25,"s:295:35:295:43":83,"f:299:36:299:41":26,"s:299:41:299:49":84,"f:299:55:299:56":27,"s:300:18:305:Infinity":85,"b:312:11:312:Infinity:313:12:325:Infinity":31,"f:312:31:312:36":28,"s:312:36:312:44":86,"f:316:37:316:42":29,"s:316:42:316:50":87,"f:316:56:316:57":30,"s:317:18:322:Infinity":88,"b:329:11:329:Infinity:330:12:342:Infinity":32,"f:333:26:333:27":31,"s:334:18:339:Infinity":89,"b:370:18:376:Infinity:378:18:383:Infinity":33,"b:395:13:395:Infinity:396:14:520:Infinity":34,"f:409:30:409:31":32,"s:409:37:409:Infinity":90,"f:423:30:423:31":33,"s:423:37:423:Infinity":91,"f:439:32:439:33":34,"s:439:39:439:Infinity":92,"f:452:32:452:33":35,"s:452:39:452:Infinity":93,"f:465:32:465:33":36,"s:465:39:465:Infinity":94,"b:481:20:499:Infinity:501:20:517:Infinity":35,"b:524:13:524:Infinity:525:14:570:Infinity":36,"f:543:35:543:36":37,"s:544:16:567:Infinity":95,"f:551:30:551:31":38,"s:551:37:551:Infinity":96,"b:556:19:556:Infinity:557:20:565:Infinity":37,"f:559:31:559:37":39,"s:559:37:559:Infinity":97,"b:574:13:574:Infinity:575:14:675:Infinity":38,"f:595:32:595:33":40,"s:596:16:621:Infinity":98,"f:604:30:604:31":41,"s:604:37:604:Infinity":99,"b:610:19:610:Infinity:611:20:619:Infinity":39,"f:613:31:613:37":42,"s:613:37:613:Infinity":100,"f:636:28:636:29":43,"s:636:35:636:Infinity":101,"f:637:29:637:30":44,"b:638:20:641:Infinity:undefined:undefined:undefined:undefined":40,"s:638:20:641:Infinity":102,"s:639:22:639:Infinity":103,"s:640:22:640:Infinity":104,"b:655:15:655:Infinity:656:16:672:Infinity":41,"f:657:28:657:29":45,"s:658:20:670:Infinity":105,"f:665:33:665:39":46,"s:665:39:665:Infinity":106,"b:686:20:686:Infinity:687:20:687:Infinity":42,"b:703:16:709:Infinity:711:16:733:Infinity":43,"b:718:20:724:Infinity:726:20:731:Infinity":44}}}
,"/Users/andy/code/recipe-management-frontend/src/features/recipes/RecipeLibrary.tsx": {"path":"/Users/andy/code/recipe-management-frontend/src/features/recipes/RecipeLibrary.tsx","statementMap":{"0":{"start":{"line":5,"column":39},"end":{"line":226,"column":null}},"1":{"start":{"line":6,"column":8},"end":{"line":6,"column":null}},"2":{"start":{"line":7,"column":28},"end":{"line":7,"column":null}},"3":{"start":{"line":8,"column":28},"end":{"line":8,"column":null}},"4":{"start":{"line":9,"column":24},"end":{"line":9,"column":null}},"5":{"start":{"line":10,"column":40},"end":{"line":10,"column":null}},"6":{"start":{"line":11,"column":30},"end":{"line":11,"column":null}},"7":{"start":{"line":13,"column":2},"end":{"line":30,"column":null}},"8":{"start":{"line":14,"column":25},"end":{"line":27,"column":null}},"9":{"start":{"line":15,"column":6},"end":{"line":26,"column":null}},"10":{"start":{"line":16,"column":8},"end":{"line":16,"column":null}},"11":{"start":{"line":17,"column":8},"end":{"line":17,"column":null}},"12":{"start":{"line":18,"column":21},"end":{"line":18,"column":null}},"13":{"start":{"line":19,"column":8},"end":{"line":19,"column":null}},"14":{"start":{"line":20,"column":8},"end":{"line":20,"column":null}},"15":{"start":{"line":22,"column":8},"end":{"line":22,"column":null}},"16":{"start":{"line":23,"column":8},"end":{"line":23,"column":null}},"17":{"start":{"line":25,"column":8},"end":{"line":25,"column":null}},"18":{"start":{"line":29,"column":4},"end":{"line":29,"column":null}},"19":{"start":{"line":32,"column":28},"end":{"line":35,"column":null}},"20":{"start":{"line":33,"column":4},"end":{"line":33,"column":null}},"21":{"start":{"line":34,"column":4},"end":{"line":34,"column":null}},"22":{"start":{"line":37,"column":30},"end":{"line":52,"column":null}},"23":{"start":{"line":38,"column":4},"end":{"line":38,"column":null}},"24":{"start":{"line":38,"column":24},"end":{"line":38,"column":null}},"25":{"start":{"line":40,"column":4},"end":{"line":51,"column":null}},"26":{"start":{"line":41,"column":6},"end":{"line":41,"column":null}},"27":{"start":{"line":42,"column":6},"end":{"line":42,"column":null}},"28":{"start":{"line":44,"column":6},"end":{"line":44,"column":null}},"29":{"start":{"line":44,"column":37},"end":{"line":44,"column":62}},"30":{"start":{"line":45,"column":6},"end":{"line":45,"column":null}},"31":{"start":{"line":47,"column":6},"end":{"line":47,"column":null}},"32":{"start":{"line":48,"column":6},"end":{"line":48,"column":null}},"33":{"start":{"line":50,"column":6},"end":{"line":50,"column":null}},"34":{"start":{"line":54,"column":29},"end":{"line":56,"column":null}},"35":{"start":{"line":55,"column":4},"end":{"line":55,"column":null}},"36":{"start":{"line":58,"column":2},"end":{"line":70,"column":null}},"37":{"start":{"line":59,"column":4},"end":{"line":68,"column":null}},"38":{"start":{"line":72,"column":2},"end":{"line":85,"column":null}},"39":{"start":{"line":73,"column":4},"end":{"line":83,"column":null}},"40":{"start":{"line":87,"column":2},"end":{"line":103,"column":null}},"41":{"start":{"line":88,"column":4},"end":{"line":101,"column":null}},"42":{"start":{"line":105,"column":2},"end":{"line":224,"column":null}},"43":{"start":{"line":114,"column":10},"end":{"line":171,"column":null}},"44":{"start":{"line":120,"column":30},"end":{"line":120,"column":null}},"45":{"start":{"line":130,"column":29},"end":{"line":130,"column":null}}},"fnMap":{"0":{"name":"(anonymous_0)","decl":{"start":{"line":5,"column":39},"end":{"line":5,"column":45}},"loc":{"start":{"line":5,"column":45},"end":{"line":226,"column":null}},"line":5},"1":{"name":"(anonymous_1)","decl":{"start":{"line":13,"column":12},"end":{"line":13,"column":18}},"loc":{"start":{"line":13,"column":18},"end":{"line":30,"column":5}},"line":13},"2":{"name":"(anonymous_2)","decl":{"start":{"line":14,"column":25},"end":{"line":14,"column":37}},"loc":{"start":{"line":14,"column":37},"end":{"line":27,"column":null}},"line":14},"3":{"name":"(anonymous_3)","decl":{"start":{"line":32,"column":28},"end":{"line":32,"column":29}},"loc":{"start":{"line":32,"column":77},"end":{"line":35,"column":null}},"line":32},"4":{"name":"(anonymous_4)","decl":{"start":{"line":37,"column":30},"end":{"line":37,"column":42}},"loc":{"start":{"line":37,"column":42},"end":{"line":52,"column":null}},"line":37},"5":{"name":"(anonymous_5)","decl":{"start":{"line":44,"column":32},"end":{"line":44,"column":37}},"loc":{"start":{"line":44,"column":37},"end":{"line":44,"column":62}},"line":44},"6":{"name":"(anonymous_6)","decl":{"start":{"line":54,"column":29},"end":{"line":54,"column":35}},"loc":{"start":{"line":54,"column":35},"end":{"line":56,"column":null}},"line":54},"7":{"name":"(anonymous_7)","decl":{"start":{"line":113,"column":21},"end":{"line":113,"column":22}},"loc":{"start":{"line":114,"column":10},"end":{"line":171,"column":null}},"line":114},"8":{"name":"(anonymous_8)","decl":{"start":{"line":120,"column":23},"end":{"line":120,"column":24}},"loc":{"start":{"line":120,"column":30},"end":{"line":120,"column":null}},"line":120},"9":{"name":"(anonymous_9)","decl":{"start":{"line":130,"column":23},"end":{"line":130,"column":29}},"loc":{"start":{"line":130,"column":29},"end":{"line":130,"column":null}},"line":130}},"branchMap":{"0":{"loc":{"start":{"line":23,"column":17},"end":{"line":23,"column":87}},"type":"binary-expr","locations":[{"start":{"line":23,"column":17},"end":{"line":23,"column":48}},{"start":{"line":23,"column":48},"end":{"line":23,"column":63}},{"start":{"line":23,"column":63},"end":{"line":23,"column":87}}],"line":23},"1":{"loc":{"start":{"line":38,"column":4},"end":{"line":38,"column":null}},"type":"if","locations":[{"start":{"line":38,"column":4},"end":{"line":38,"column":null}},{"start":{},"end":{}}],"line":38},"2":{"loc":{"start":{"line":48,"column":15},"end":{"line":48,"column":86}},"type":"binary-expr","locations":[{"start":{"line":48,"column":15},"end":{"line":48,"column":46}},{"start":{"line":48,"column":46},"end":{"line":48,"column":61}},{"start":{"line":48,"column":61},"end":{"line":48,"column":86}}],"line":48},"3":{"loc":{"start":{"line":58,"column":2},"end":{"line":70,"column":null}},"type":"if","locations":[{"start":{"line":58,"column":2},"end":{"line":70,"column":null}},{"start":{},"end":{}}],"line":58},"4":{"loc":{"start":{"line":72,"column":2},"end":{"line":85,"column":null}},"type":"if","locations":[{"start":{"line":72,"column":2},"end":{"line":85,"column":null}},{"start":{},"end":{}}],"line":72},"5":{"loc":{"start":{"line":87,"column":2},"end":{"line":103,"column":null}},"type":"if","locations":[{"start":{"line":87,"column":2},"end":{"line":103,"column":null}},{"start":{},"end":{}}],"line":87},"6":{"loc":{"start":{"line":109,"column":55},"end":{"line":109,"column":99}},"type":"cond-expr","locations":[{"start":{"line":109,"column":78},"end":{"line":109,"column":89}},{"start":{"line":109,"column":89},"end":{"line":109,"column":99}}],"line":109},"7":{"loc":{"start":{"line":133,"column":15},"end":{"line":146,"column":null}},"type":"cond-expr","locations":[{"start":{"line":134,"column":16},"end":{"line":140,"column":null}},{"start":{"line":142,"column":16},"end":{"line":146,"column":null}}],"line":133},"8":{"loc":{"start":{"line":150,"column":17},"end":{"line":151,"column":null}},"type":"binary-expr","locations":[{"start":{"line":150,"column":17},"end":{"line":150,"column":null}},{"start":{"line":151,"column":18},"end":{"line":151,"column":null}}],"line":150},"9":{"loc":{"start":{"line":154,"column":20},"end":{"line":160,"column":null}},"type":"binary-expr","locations":[{"start":{"line":154,"column":20},"end":{"line":154,"column":39}},{"start":{"line":154,"column":39},"end":{"line":154,"column":null}},{"start":{"line":155,"column":20},"end":{"line":160,"column":null}}],"line":154},"10":{"loc":{"start":{"line":159,"column":24},"end":{"line":159,"column":49}},"type":"binary-expr","locations":[{"start":{"line":159,"column":24},"end":{"line":159,"column":43}},{"start":{"line":159,"column":43},"end":{"line":159,"column":49}}],"line":159},"11":{"loc":{"start":{"line":159,"column":49},"end":{"line":159,"column":71}},"type":"binary-expr","locations":[{"start":{"line":159,"column":49},"end":{"line":159,"column":68}},{"start":{"line":159,"column":68},"end":{"line":159,"column":71}}],"line":159},"12":{"loc":{"start":{"line":176,"column":7},"end":{"line":222,"column":null}},"type":"binary-expr","locations":[{"start":{"line":176,"column":7},"end":{"line":176,"column":null}},{"start":{"line":177,"column":8},"end":{"line":222,"column":null}}],"line":176},"13":{"loc":{"start":{"line":208,"column":17},"end":{"line":217,"column":null}},"type":"cond-expr","locations":[{"start":{"line":209,"column":18},"end":{"line":215,"column":null}},{"start":{"line":217,"column":18},"end":{"line":217,"column":null}}],"line":208}},"s":{"0":1,"1":47,"2":47,"3":47,"4":47,"5":47,"6":47,"7":47,"8":18,"9":18,"10":18,"11":18,"12":18,"13":15,"14":15,"15":2,"16":2,"17":17,"18":18,"19":47,"20":6,"21":6,"22":47,"23":3,"24":0,"25":3,"26":3,"27":3,"28":1,"29":2,"30":1,"31":1,"32":1,"33":2,"34":47,"35":1,"36":47,"37":18,"38":29,"39":3,"40":26,"41":1,"42":25,"43":48,"44":6,"45":1},"f":{"0":47,"1":18,"2":18,"3":6,"4":3,"5":2,"6":1,"7":48,"8":6,"9":1},"b":{"0":[2,1,0],"1":[0,3],"2":[1,1,0],"3":[18,29],"4":[3,26],"5":[1,25],"6":[2,23],"7":[24,24],"8":[48,48],"9":[48,0,48],"10":[48,0],"11":[48,0],"12":[47,9],"13":[3,6]},"meta":{"lastBranch":14,"lastFunction":10,"lastStatement":46,"seen":{"s:5:39:226:Infinity":0,"f:5:39:5:45":0,"s:6:8:6:Infinity":1,"s:7:28:7:Infinity":2,"s:8:28:8:Infinity":3,"s:9:24:9:Infinity":4,"s:10:40:10:Infinity":5,"s:11:30:11:Infinity":6,"s:13:2:30:Infinity":7,"f:13:12:13:18":1,"s:14:25:27:Infinity":8,"f:14:25:14:37":2,"s:15:6:26:Infinity":9,"s:16:8:16:Infinity":10,"s:17:8:17:Infinity":11,"s:18:21:18:Infinity":12,"s:19:8:19:Infinity":13,"s:20:8:20:Infinity":14,"s:22:8:22:Infinity":15,"s:23:8:23:Infinity":16,"b:23:17:23:48:23:48:23:63:23:63:23:87":0,"s:25:8:25:Infinity":17,"s:29:4:29:Infinity":18,"s:32:28:35:Infinity":19,"f:32:28:32:29":3,"s:33:4:33:Infinity":20,"s:34:4:34:Infinity":21,"s:37:30:52:Infinity":22,"f:37:30:37:42":4,"b:38:4:38:Infinity:undefined:undefined:undefined:undefined":1,"s:38:4:38:Infinity":23,"s:38:24:38:Infinity":24,"s:40:4:51:Infinity":25,"s:41:6:41:Infinity":26,"s:42:6:42:Infinity":27,"s:44:6:44:Infinity":28,"f:44:32:44:37":5,"s:44:37:44:62":29,"s:45:6:45:Infinity":30,"s:47:6:47:Infinity":31,"s:48:6:48:Infinity":32,"b:48:15:48:46:48:46:48:61:48:61:48:86":2,"s:50:6:50:Infinity":33,"s:54:29:56:Infinity":34,"f:54:29:54:35":6,"s:55:4:55:Infinity":35,"b:58:2:70:Infinity:undefined:undefined:undefined:undefined":3,"s:58:2:70:Infinity":36,"s:59:4:68:Infinity":37,"b:72:2:85:Infinity:undefined:undefined:undefined:undefined":4,"s:72:2:85:Infinity":38,"s:73:4:83:Infinity":39,"b:87:2:103:Infinity:undefined:undefined:undefined:undefined":5,"s:87:2:103:Infinity":40,"s:88:4:101:Infinity":41,"s:105:2:224:Infinity":42,"b:109:78:109:89:109:89:109:99":6,"f:113:21:113:22":7,"s:114:10:171:Infinity":43,"f:120:23:120:24":8,"s:120:30:120:Infinity":44,"f:130:23:130:29":9,"s:130:29:130:Infinity":45,"b:134:16:140:Infinity:142:16:146:Infinity":7,"b:150:17:150:Infinity:151:18:151:Infinity":8,"b:154:20:154:39:154:39:154:Infinity:155:20:160:Infinity":9,"b:159:24:159:43:159:43:159:49":10,"b:159:49:159:68:159:68:159:71":11,"b:176:7:176:Infinity:177:8:222:Infinity":12,"b:209:18:215:Infinity:217:18:217:Infinity":13}}}
,"/Users/andy/code/recipe-management-frontend/src/services/recipeStorageApi.ts": {"path":"/Users/andy/code/recipe-management-frontend/src/services/recipeStorageApi.ts","statementMap":{"0":{"start":{"line":6,"column":25},"end":{"line":6,"column":null}},"1":{"start":{"line":67,"column":33},"end":{"line":121,"column":null}},"2":{"start":{"line":69,"column":29},"end":{"line":76,"column":null}},"3":{"start":{"line":70,"column":4},"end":{"line":70,"column":null}},"4":{"start":{"line":70,"column":18},"end":{"line":70,"column":null}},"5":{"start":{"line":71,"column":18},"end":{"line":71,"column":null}},"6":{"start":{"line":72,"column":4},"end":{"line":72,"column":null}},"7":{"start":{"line":72,"column":16},"end":{"line":72,"column":null}},"8":{"start":{"line":73,"column":18},"end":{"line":73,"column":null}},"9":{"start":{"line":74,"column":17},"end":{"line":74,"column":null}},"10":{"start":{"line":75,"column":4},"end":{"line":75,"column":null}},"11":{"start":{"line":79,"column":18},"end":{"line":101,"column":null}},"12":{"start":{"line":80,"column":4},"end":{"line":80,"column":null}},"13":{"start":{"line":80,"column":15},"end":{"line":80,"column":null}},"14":{"start":{"line":82,"column":45},"end":{"line":82,"column":null}},"15":{"start":{"line":84,"column":4},"end":{"line":86,"column":null}},"16":{"start":{"line":85,"column":6},"end":{"line":85,"column":null}},"17":{"start":{"line":87,"column":4},"end":{"line":89,"column":null}},"18":{"start":{"line":88,"column":6},"end":{"line":88,"column":null}},"19":{"start":{"line":90,"column":4},"end":{"line":92,"column":null}},"20":{"start":{"line":91,"column":6},"end":{"line":91,"column":null}},"21":{"start":{"line":93,"column":4},"end":{"line":95,"column":null}},"22":{"start":{"line":94,"column":6},"end":{"line":94,"column":null}},"23":{"start":{"line":96,"column":4},"end":{"line":98,"column":null}},"24":{"start":{"line":97,"column":6},"end":{"line":97,"column":null}},"25":{"start":{"line":100,"column":4},"end":{"line":100,"column":null}},"26":{"start":{"line":104,"column":19},"end":{"line":104,"column":null}},"27":{"start":{"line":106,"column":2},"end":{"line":120,"column":null}},"28":{"start":{"line":128,"column":26},"end":{"line":156,"column":null}},"29":{"start":{"line":129,"column":8},"end":{"line":129,"column":null}},"30":{"start":{"line":130,"column":16},"end":{"line":130,"column":null}},"31":{"start":{"line":133,"column":2},"end":{"line":152,"column":null}},"32":{"start":{"line":134,"column":4},"end":{"line":151,"column":null}},"33":{"start":{"line":136,"column":21},"end":{"line":136,"column":null}},"34":{"start":{"line":137,"column":26},"end":{"line":137,"column":null}},"35":{"start":{"line":140,"column":6},"end":{"line":143,"column":null}},"36":{"start":{"line":145,"column":6},"end":{"line":145,"column":null}},"37":{"start":{"line":147,"column":6},"end":{"line":150,"column":null}},"38":{"start":{"line":154,"column":19},"end":{"line":154,"column":null}},"39":{"start":{"line":155,"column":2},"end":{"line":155,"column":null}},"40":{"start":{"line":162,"column":26},"end":{"line":182,"column":null}},"41":{"start":{"line":163,"column":29},"end":{"line":163,"column":null}},"42":{"start":{"line":164,"column":19},"end":{"line":164,"column":null}},"43":{"start":{"line":166,"column":15},"end":{"line":166,"column":null}},"44":{"start":{"line":167,"column":2},"end":{"line":169,"column":null}},"45":{"start":{"line":168,"column":4},"end":{"line":168,"column":null}},"46":{"start":{"line":171,"column":16},"end":{"line":171,"column":null}},"47":{"start":{"line":172,"column":8},"end":{"line":172,"column":null}},"48":{"start":{"line":174,"column":19},"end":{"line":179,"column":null}},"49":{"start":{"line":181,"column":2},"end":{"line":181,"column":null}},"50":{"start":{"line":189,"column":25},"end":{"line":209,"column":null}},"51":{"start":{"line":190,"column":29},"end":{"line":190,"column":null}},"52":{"start":{"line":191,"column":19},"end":{"line":191,"column":null}},"53":{"start":{"line":193,"column":15},"end":{"line":193,"column":null}},"54":{"start":{"line":194,"column":2},"end":{"line":196,"column":null}},"55":{"start":{"line":195,"column":4},"end":{"line":195,"column":null}},"56":{"start":{"line":198,"column":16},"end":{"line":198,"column":null}},"57":{"start":{"line":199,"column":8},"end":{"line":199,"column":null}},"58":{"start":{"line":201,"column":19},"end":{"line":206,"column":null}},"59":{"start":{"line":208,"column":2},"end":{"line":208,"column":null}},"60":{"start":{"line":215,"column":28},"end":{"line":243,"column":null}},"61":{"start":{"line":216,"column":29},"end":{"line":216,"column":null}},"62":{"start":{"line":217,"column":19},"end":{"line":217,"column":null}},"63":{"start":{"line":219,"column":15},"end":{"line":219,"column":null}},"64":{"start":{"line":220,"column":2},"end":{"line":222,"column":null}},"65":{"start":{"line":221,"column":4},"end":{"line":221,"column":null}},"66":{"start":{"line":224,"column":16},"end":{"line":224,"column":null}},"67":{"start":{"line":225,"column":8},"end":{"line":225,"column":null}},"68":{"start":{"line":228,"column":2},"end":{"line":233,"column":null}},"69":{"start":{"line":237,"column":2},"end":{"line":242,"column":null}},"70":{"start":{"line":238,"column":4},"end":{"line":238,"column":null}},"71":{"start":{"line":241,"column":4},"end":{"line":241,"column":null}}},"fnMap":{"0":{"name":"(anonymous_0)","decl":{"start":{"line":67,"column":33},"end":{"line":67,"column":34}},"loc":{"start":{"line":67,"column":74},"end":{"line":121,"column":null}},"line":67},"1":{"name":"(anonymous_1)","decl":{"start":{"line":69,"column":29},"end":{"line":69,"column":30}},"loc":{"start":{"line":69,"column":71},"end":{"line":76,"column":null}},"line":69},"2":{"name":"(anonymous_2)","decl":{"start":{"line":79,"column":18},"end":{"line":79,"column":19}},"loc":{"start":{"line":79,"column":79},"end":{"line":101,"column":null}},"line":79},"3":{"name":"(anonymous_3)","decl":{"start":{"line":128,"column":26},"end":{"line":128,"column":33}},"loc":{"start":{"line":128,"column":77},"end":{"line":156,"column":null}},"line":128},"4":{"name":"(anonymous_4)","decl":{"start":{"line":162,"column":26},"end":{"line":162,"column":65}},"loc":{"start":{"line":162,"column":65},"end":{"line":182,"column":null}},"line":162},"5":{"name":"(anonymous_5)","decl":{"start":{"line":189,"column":25},"end":{"line":189,"column":32}},"loc":{"start":{"line":189,"column":72},"end":{"line":209,"column":null}},"line":189},"6":{"name":"(anonymous_6)","decl":{"start":{"line":215,"column":28},"end":{"line":215,"column":35}},"loc":{"start":{"line":215,"column":65},"end":{"line":243,"column":null}},"line":215}},"branchMap":{"0":{"loc":{"start":{"line":6,"column":25},"end":{"line":6,"column":null}},"type":"binary-expr","locations":[{"start":{"line":6,"column":25},"end":{"line":6,"column":65}},{"start":{"line":6,"column":65},"end":{"line":6,"column":null}}],"line":6},"1":{"loc":{"start":{"line":70,"column":4},"end":{"line":70,"column":null}},"type":"if","locations":[{"start":{"line":70,"column":4},"end":{"line":70,"column":null}},{"start":{},"end":{}}],"line":70},"2":{"loc":{"start":{"line":72,"column":4},"end":{"line":72,"column":null}},"type":"if","locations":[{"start":{"line":72,"column":4},"end":{"line":72,"column":null}},{"start":{},"end":{}}],"line":72},"3":{"loc":{"start":{"line":75,"column":11},"end":{"line":75,"column":null}},"type":"cond-expr","locations":[{"start":{"line":75,"column":62},"end":{"line":75,"column":75}},{"start":{"line":75,"column":75},"end":{"line":75,"column":null}}],"line":75},"4":{"loc":{"start":{"line":75,"column":11},"end":{"line":75,"column":62}},"type":"binary-expr","locations":[{"start":{"line":75,"column":11},"end":{"line":75,"column":38}},{"start":{"line":75,"column":38},"end":{"line":75,"column":62}}],"line":75},"5":{"loc":{"start":{"line":80,"column":4},"end":{"line":80,"column":null}},"type":"if","locations":[{"start":{"line":80,"column":4},"end":{"line":80,"column":null}},{"start":{},"end":{}}],"line":80},"6":{"loc":{"start":{"line":84,"column":4},"end":{"line":86,"column":null}},"type":"if","locations":[{"start":{"line":84,"column":4},"end":{"line":86,"column":null}},{"start":{},"end":{}}],"line":84},"7":{"loc":{"start":{"line":87,"column":4},"end":{"line":89,"column":null}},"type":"if","locations":[{"start":{"line":87,"column":4},"end":{"line":89,"column":null}},{"start":{},"end":{}}],"line":87},"8":{"loc":{"start":{"line":90,"column":4},"end":{"line":92,"column":null}},"type":"if","locations":[{"start":{"line":90,"column":4},"end":{"line":92,"column":null}},{"start":{},"end":{}}],"line":90},"9":{"loc":{"start":{"line":93,"column":4},"end":{"line":95,"column":null}},"type":"if","locations":[{"start":{"line":93,"column":4},"end":{"line":95,"column":null}},{"start":{},"end":{}}],"line":93},"10":{"loc":{"start":{"line":96,"column":4},"end":{"line":98,"column":null}},"type":"if","locations":[{"start":{"line":96,"column":4},"end":{"line":98,"column":null}},{"start":{},"end":{}}],"line":96},"11":{"loc":{"start":{"line":100,"column":11},"end":{"line":100,"column":null}},"type":"cond-expr","locations":[{"start":{"line":100,"column":44},"end":{"line":100,"column":53}},{"start":{"line":100,"column":53},"end":{"line":100,"column":null}}],"line":100},"12":{"loc":{"start":{"line":104,"column":19},"end":{"line":104,"column":null}},"type":"cond-expr","locations":[{"start":{"line":104,"column":58},"end":{"line":104,"column":70}},{"start":{"line":104,"column":70},"end":{"line":104,"column":null}}],"line":104},"13":{"loc":{"start":{"line":113,"column":14},"end":{"line":113,"column":null}},"type":"cond-expr","locations":[{"start":{"line":113,"column":52},"end":{"line":113,"column":71}},{"start":{"line":113,"column":71},"end":{"line":113,"column":null}}],"line":113},"14":{"loc":{"start":{"line":113,"column":71},"end":{"line":113,"column":null}},"type":"binary-expr","locations":[{"start":{"line":113,"column":71},"end":{"line":113,"column":112}},{"start":{"line":113,"column":112},"end":{"line":113,"column":null}}],"line":113},"15":{"loc":{"start":{"line":117,"column":12},"end":{"line":117,"column":null}},"type":"binary-expr","locations":[{"start":{"line":117,"column":12},"end":{"line":117,"column":29}},{"start":{"line":117,"column":29},"end":{"line":117,"column":null}}],"line":117},"16":{"loc":{"start":{"line":133,"column":2},"end":{"line":152,"column":null}},"type":"if","locations":[{"start":{"line":133,"column":2},"end":{"line":152,"column":null}},{"start":{},"end":{}}],"line":133},"17":{"loc":{"start":{"line":167,"column":2},"end":{"line":169,"column":null}},"type":"if","locations":[{"start":{"line":167,"column":2},"end":{"line":169,"column":null}},{"start":{},"end":{}}],"line":167},"18":{"loc":{"start":{"line":194,"column":2},"end":{"line":196,"column":null}},"type":"if","locations":[{"start":{"line":194,"column":2},"end":{"line":196,"column":null}},{"start":{},"end":{}}],"line":194},"19":{"loc":{"start":{"line":220,"column":2},"end":{"line":222,"column":null}},"type":"if","locations":[{"start":{"line":220,"column":2},"end":{"line":222,"column":null}},{"start":{},"end":{}}],"line":220}},"s":{"0":1,"1":1,"2":0,"3":0,"4":0,"5":0,"6":0,"7":0,"8":0,"9":0,"10":0,"11":0,"12":0,"13":0,"14":0,"15":0,"16":0,"17":0,"18":0,"19":0,"20":0,"21":0,"22":0,"23":0,"24":0,"25":0,"26":0,"27":0,"28":1,"29":0,"30":0,"31":0,"32":0,"33":0,"34":0,"35":0,"36":0,"37":0,"38":0,"39":0,"40":1,"41":0,"42":0,"43":0,"44":0,"45":0,"46":0,"47":0,"48":0,"49":0,"50":1,"51":0,"52":0,"53":0,"54":0,"55":0,"56":0,"57":0,"58":0,"59":0,"60":1,"61":3,"62":3,"63":3,"64":3,"65":0,"66":3,"67":3,"68":3,"69":3,"70":3,"71":1},"f":{"0":0,"1":0,"2":0,"3":0,"4":0,"5":0,"6":3},"b":{"0":[1,0],"1":[0,0],"2":[0,0],"3":[0,0],"4":[0,0],"5":[0,0],"6":[0,0],"7":[0,0],"8":[0,0],"9":[0,0],"10":[0,0],"11":[0,0],"12":[0,0],"13":[0,0],"14":[0,0],"15":[0,0],"16":[0,0],"17":[0,0],"18":[0,0],"19":[0,3]},"meta":{"lastBranch":20,"lastFunction":7,"lastStatement":72,"seen":{"s:6:25:6:Infinity":0,"b:6:25:6:65:6:65:6:Infinity":0,"s:67:33:121:Infinity":1,"f:67:33:67:34":0,"s:69:29:76:Infinity":2,"f:69:29:69:30":1,"b:70:4:70:Infinity:undefined:undefined:undefined:undefined":1,"s:70:4:70:Infinity":3,"s:70:18:70:Infinity":4,"s:71:18:71:Infinity":5,"b:72:4:72:Infinity:undefined:undefined:undefined:undefined":2,"s:72:4:72:Infinity":6,"s:72:16:72:Infinity":7,"s:73:18:73:Infinity":8,"s:74:17:74:Infinity":9,"s:75:4:75:Infinity":10,"b:75:62:75:75:75:75:75:Infinity":3,"b:75:11:75:38:75:38:75:62":4,"s:79:18:101:Infinity":11,"f:79:18:79:19":2,"b:80:4:80:Infinity:undefined:undefined:undefined:undefined":5,"s:80:4:80:Infinity":12,"s:80:15:80:Infinity":13,"s:82:45:82:Infinity":14,"b:84:4:86:Infinity:undefined:undefined:undefined:undefined":6,"s:84:4:86:Infinity":15,"s:85:6:85:Infinity":16,"b:87:4:89:Infinity:undefined:undefined:undefined:undefined":7,"s:87:4:89:Infinity":17,"s:88:6:88:Infinity":18,"b:90:4:92:Infinity:undefined:undefined:undefined:undefined":8,"s:90:4:92:Infinity":19,"s:91:6:91:Infinity":20,"b:93:4:95:Infinity:undefined:undefined:undefined:undefined":9,"s:93:4:95:Infinity":21,"s:94:6:94:Infinity":22,"b:96:4:98:Infinity:undefined:undefined:undefined:undefined":10,"s:96:4:98:Infinity":23,"s:97:6:97:Infinity":24,"s:100:4:100:Infinity":25,"b:100:44:100:53:100:53:100:Infinity":11,"s:104:19:104:Infinity":26,"b:104:58:104:70:104:70:104:Infinity":12,"s:106:2:120:Infinity":27,"b:113:52:113:71:113:71:113:Infinity":13,"b:113:71:113:112:113:112:113:Infinity":14,"b:117:12:117:29:117:29:117:Infinity":15,"s:128:26:156:Infinity":28,"f:128:26:128:33":3,"s:129:8:129:Infinity":29,"s:130:16:130:Infinity":30,"b:133:2:152:Infinity:undefined:undefined:undefined:undefined":16,"s:133:2:152:Infinity":31,"s:134:4:151:Infinity":32,"s:136:21:136:Infinity":33,"s:137:26:137:Infinity":34,"s:140:6:143:Infinity":35,"s:145:6:145:Infinity":36,"s:147:6:150:Infinity":37,"s:154:19:154:Infinity":38,"s:155:2:155:Infinity":39,"s:162:26:182:Infinity":40,"f:162:26:162:65":4,"s:163:29:163:Infinity":41,"s:164:19:164:Infinity":42,"s:166:15:166:Infinity":43,"b:167:2:169:Infinity:undefined:undefined:undefined:undefined":17,"s:167:2:169:Infinity":44,"s:168:4:168:Infinity":45,"s:171:16:171:Infinity":46,"s:172:8:172:Infinity":47,"s:174:19:179:Infinity":48,"s:181:2:181:Infinity":49,"s:189:25:209:Infinity":50,"f:189:25:189:32":5,"s:190:29:190:Infinity":51,"s:191:19:191:Infinity":52,"s:193:15:193:Infinity":53,"b:194:2:196:Infinity:undefined:undefined:undefined:undefined":18,"s:194:2:196:Infinity":54,"s:195:4:195:Infinity":55,"s:198:16:198:Infinity":56,"s:199:8:199:Infinity":57,"s:201:19:206:Infinity":58,"s:208:2:208:Infinity":59,"s:215:28:243:Infinity":60,"f:215:28:215:35":6,"s:216:29:216:Infinity":61,"s:217:19:217:Infinity":62,"s:219:15:219:Infinity":63,"b:220:2:222:Infinity:undefined:undefined:undefined:undefined":19,"s:220:2:222:Infinity":64,"s:221:4:221:Infinity":65,"s:224:16:224:Infinity":66,"s:225:8:225:Infinity":67,"s:228:2:233:Infinity":68,"s:237:2:242:Infinity":69,"s:238:4:238:Infinity":70,"s:241:4:241:Infinity":71}}}
,"/Users/andy/code/recipe-management-frontend/src/utils/apiUtils.ts": {"path":"/Users/andy/code/recipe-management-frontend/src/utils/apiUtils.ts","statementMap":{"0":{"start":{"line":7,"column":27},"end":{"line":11,"column":null}},"1":{"start":{"line":10,"column":2},"end":{"line":10,"column":null}}},"fnMap":{"0":{"name":"(anonymous_0)","decl":{"start":{"line":7,"column":27},"end":{"line":7,"column":28}},"loc":{"start":{"line":7,"column":86},"end":{"line":11,"column":null}},"line":7}},"branchMap":{"0":{"loc":{"start":{"line":10,"column":9},"end":{"line":10,"column":null}},"type":"cond-expr","locations":[{"start":{"line":10,"column":19},"end":{"line":10,"column":72}},{"start":{"line":10,"column":72},"end":{"line":10,"column":null}}],"line":10}},"s":{"0":1,"1":3},"f":{"0":3},"b":{"0":[3,0]},"meta":{"lastBranch":1,"lastFunction":1,"lastStatement":2,"seen":{"s:7:27:11:Infinity":0,"f:7:27:7:28":0,"s:10:2:10:Infinity":1,"b:10:19:10:72:10:72:10:Infinity":0}}}
,"/Users/andy/code/recipe-management-frontend/src/utils/authApi.ts": {"path":"/Users/andy/code/recipe-management-frontend/src/utils/authApi.ts","statementMap":{"0":{"start":{"line":6,"column":2},"end":{"line":12,"column":null}},"1":{"start":{"line":7,"column":4},"end":{"line":9,"column":null}},"2":{"start":{"line":8,"column":6},"end":{"line":8,"column":null}},"3":{"start":{"line":11,"column":4},"end":{"line":11,"column":null}},"4":{"start":{"line":13,"column":2},"end":{"line":13,"column":null}},"5":{"start":{"line":17,"column":16},"end":{"line":17,"column":null}},"6":{"start":{"line":18,"column":18},"end":{"line":21,"column":null}},"7":{"start":{"line":22,"column":17},"end":{"line":22,"column":null}},"8":{"start":{"line":23,"column":2},"end":{"line":23,"column":null}},"9":{"start":{"line":27,"column":16},"end":{"line":27,"column":null}},"10":{"start":{"line":28,"column":18},"end":{"line":31,"column":null}},"11":{"start":{"line":32,"column":17},"end":{"line":32,"column":null}},"12":{"start":{"line":33,"column":2},"end":{"line":33,"column":null}}},"fnMap":{"0":{"name":"getIdToken","decl":{"start":{"line":5,"column":15},"end":{"line":5,"column":52}},"loc":{"start":{"line":5,"column":52},"end":{"line":14,"column":null}},"line":5},"1":{"name":"postWithAuth","decl":{"start":{"line":16,"column":22},"end":{"line":16,"column":35}},"loc":{"start":{"line":16,"column":96},"end":{"line":24,"column":null}},"line":16},"2":{"name":"fetchWithAuth","decl":{"start":{"line":26,"column":22},"end":{"line":26,"column":36}},"loc":{"start":{"line":26,"column":73},"end":{"line":34,"column":null}},"line":26}},"branchMap":{"0":{"loc":{"start":{"line":7,"column":4},"end":{"line":9,"column":null}},"type":"if","locations":[{"start":{"line":7,"column":4},"end":{"line":9,"column":null}},{"start":{},"end":{}}],"line":7},"1":{"loc":{"start":{"line":16,"column":63},"end":{"line":16,"column":96}},"type":"default-arg","locations":[{"start":{"line":16,"column":92},"end":{"line":16,"column":96}}],"line":16},"2":{"loc":{"start":{"line":20,"column":8},"end":{"line":20,"column":null}},"type":"cond-expr","locations":[{"start":{"line":20,"column":16},"end":{"line":20,"column":55}},{"start":{"line":20,"column":55},"end":{"line":20,"column":null}}],"line":20},"3":{"loc":{"start":{"line":26,"column":49},"end":{"line":26,"column":73}},"type":"default-arg","locations":[{"start":{"line":26,"column":69},"end":{"line":26,"column":73}}],"line":26},"4":{"loc":{"start":{"line":30,"column":8},"end":{"line":30,"column":null}},"type":"cond-expr","locations":[{"start":{"line":30,"column":16},"end":{"line":30,"column":55}},{"start":{"line":30,"column":55},"end":{"line":30,"column":null}}],"line":30}},"s":{"0":0,"1":0,"2":0,"3":0,"4":0,"5":0,"6":0,"7":0,"8":0,"9":0,"10":0,"11":0,"12":0},"f":{"0":0,"1":0,"2":0},"b":{"0":[0,0],"1":[0],"2":[0,0],"3":[0],"4":[0,0]},"meta":{"lastBranch":5,"lastFunction":3,"lastStatement":13,"seen":{"f:5:15:5:52":0,"s:6:2:12:Infinity":0,"b:7:4:9:Infinity:undefined:undefined:undefined:undefined":0,"s:7:4:9:Infinity":1,"s:8:6:8:Infinity":2,"s:11:4:11:Infinity":3,"s:13:2:13:Infinity":4,"f:16:22:16:35":1,"b:16:92:16:96":1,"s:17:16:17:Infinity":5,"s:18:18:21:Infinity":6,"b:20:16:20:55:20:55:20:Infinity":2,"s:22:17:22:Infinity":7,"s:23:2:23:Infinity":8,"f:26:22:26:36":2,"b:26:69:26:73":3,"s:27:16:27:Infinity":9,"s:28:18:31:Infinity":10,"b:30:16:30:55:30:55:30:Infinity":4,"s:32:17:32:Infinity":11,"s:33:2:33:Infinity":12}}}
,"/Users/andy/code/recipe-management-frontend/src/utils/imageStorage.ts": {"path":"/Users/andy/code/recipe-management-frontend/src/utils/imageStorage.ts","statementMap":{"0":{"start":{"line":5,"column":18},"end":{"line":5,"column":null}},"1":{"start":{"line":6,"column":19},"end":{"line":6,"column":null}},"2":{"start":{"line":7,"column":22},"end":{"line":7,"column":null}},"3":{"start":{"line":8,"column":21},"end":{"line":8,"column":null}},"4":{"start":{"line":13,"column":22},"end":{"line":23,"column":null}},"5":{"start":{"line":14,"column":14},"end":{"line":14,"column":null}},"6":{"start":{"line":15,"column":15},"end":{"line":15,"column":null}},"7":{"start":{"line":16,"column":15},"end":{"line":16,"column":null}},"8":{"start":{"line":17,"column":10},"end":{"line":17,"column":null}},"9":{"start":{"line":18,"column":16},"end":{"line":18,"column":null}},"10":{"start":{"line":19,"column":2},"end":{"line":21,"column":null}},"11":{"start":{"line":20,"column":4},"end":{"line":20,"column":null}},"12":{"start":{"line":22,"column":2},"end":{"line":22,"column":null}},"13":{"start":{"line":30,"column":22},"end":{"line":85,"column":null}},"14":{"start":{"line":31,"column":2},"end":{"line":84,"column":null}},"15":{"start":{"line":32,"column":16},"end":{"line":32,"column":null}},"16":{"start":{"line":34,"column":4},"end":{"line":77,"column":null}},"17":{"start":{"line":36,"column":18},"end":{"line":36,"column":null}},"18":{"start":{"line":37,"column":19},"end":{"line":37,"column":null}},"19":{"start":{"line":39,"column":6},"end":{"line":48,"column":null}},"20":{"start":{"line":40,"column":28},"end":{"line":40,"column":null}},"21":{"start":{"line":41,"column":8},"end":{"line":47,"column":null}},"22":{"start":{"line":42,"column":10},"end":{"line":42,"column":null}},"23":{"start":{"line":43,"column":10},"end":{"line":43,"column":null}},"24":{"start":{"line":45,"column":10},"end":{"line":45,"column":null}},"25":{"start":{"line":46,"column":10},"end":{"line":46,"column":null}},"26":{"start":{"line":51,"column":21},"end":{"line":51,"column":null}},"27":{"start":{"line":52,"column":6},"end":{"line":52,"column":null}},"28":{"start":{"line":53,"column":6},"end":{"line":53,"column":null}},"29":{"start":{"line":55,"column":18},"end":{"line":55,"column":null}},"30":{"start":{"line":56,"column":6},"end":{"line":59,"column":null}},"31":{"start":{"line":57,"column":8},"end":{"line":57,"column":null}},"32":{"start":{"line":58,"column":8},"end":{"line":58,"column":null}},"33":{"start":{"line":62,"column":6},"end":{"line":62,"column":null}},"34":{"start":{"line":63,"column":6},"end":{"line":63,"column":null}},"35":{"start":{"line":64,"column":6},"end":{"line":64,"column":null}},"36":{"start":{"line":67,"column":20},"end":{"line":67,"column":null}},"37":{"start":{"line":68,"column":30},"end":{"line":68,"column":null}},"38":{"start":{"line":71,"column":6},"end":{"line":74,"column":null}},"39":{"start":{"line":72,"column":8},"end":{"line":72,"column":null}},"40":{"start":{"line":73,"column":8},"end":{"line":73,"column":null}},"41":{"start":{"line":76,"column":6},"end":{"line":76,"column":null}},"42":{"start":{"line":79,"column":4},"end":{"line":81,"column":null}},"43":{"start":{"line":80,"column":6},"end":{"line":80,"column":null}},"44":{"start":{"line":83,"column":4},"end":{"line":83,"column":null}},"45":{"start":{"line":93,"column":33},"end":{"line":126,"column":null}},"46":{"start":{"line":97,"column":2},"end":{"line":125,"column":null}},"47":{"start":{"line":99,"column":30},"end":{"line":99,"column":null}},"48":{"start":{"line":102,"column":17},"end":{"line":102,"column":null}},"49":{"start":{"line":105,"column":25},"end":{"line":105,"column":null}},"50":{"start":{"line":106,"column":27},"end":{"line":106,"column":null}},"51":{"start":{"line":107,"column":4},"end":{"line":107,"column":null}},"52":{"start":{"line":110,"column":10},"end":{"line":110,"column":null}},"53":{"start":{"line":113,"column":4},"end":{"line":116,"column":null}},"54":{"start":{"line":119,"column":24},"end":{"line":119,"column":null}},"55":{"start":{"line":121,"column":4},"end":{"line":121,"column":null}},"56":{"start":{"line":123,"column":4},"end":{"line":123,"column":null}},"57":{"start":{"line":124,"column":4},"end":{"line":124,"column":null}},"58":{"start":{"line":132,"column":33},"end":{"line":140,"column":null}},"59":{"start":{"line":133,"column":2},"end":{"line":139,"column":null}},"60":{"start":{"line":134,"column":10},"end":{"line":134,"column":null}},"61":{"start":{"line":135,"column":4},"end":{"line":135,"column":null}},"62":{"start":{"line":138,"column":4},"end":{"line":138,"column":null}}},"fnMap":{"0":{"name":"(anonymous_0)","decl":{"start":{"line":13,"column":22},"end":{"line":13,"column":23}},"loc":{"start":{"line":13,"column":49},"end":{"line":23,"column":null}},"line":13},"1":{"name":"(anonymous_1)","decl":{"start":{"line":30,"column":22},"end":{"line":30,"column":29}},"loc":{"start":{"line":30,"column":66},"end":{"line":85,"column":null}},"line":30},"2":{"name":"(anonymous_2)","decl":{"start":{"line":31,"column":21},"end":{"line":31,"column":22}},"loc":{"start":{"line":31,"column":42},"end":{"line":84,"column":3}},"line":31},"3":{"name":"(anonymous_3)","decl":{"start":{"line":34,"column":17},"end":{"line":34,"column":23}},"loc":{"start":{"line":34,"column":23},"end":{"line":77,"column":null}},"line":34},"4":{"name":"(anonymous_4)","decl":{"start":{"line":79,"column":18},"end":{"line":79,"column":24}},"loc":{"start":{"line":79,"column":24},"end":{"line":81,"column":null}},"line":79},"5":{"name":"(anonymous_5)","decl":{"start":{"line":93,"column":33},"end":{"line":93,"column":null}},"loc":{"start":{"line":96,"column":22},"end":{"line":126,"column":null}},"line":96},"6":{"name":"(anonymous_6)","decl":{"start":{"line":132,"column":33},"end":{"line":132,"column":40}},"loc":{"start":{"line":132,"column":76},"end":{"line":140,"column":null}},"line":132}},"branchMap":{"0":{"loc":{"start":{"line":15,"column":15},"end":{"line":15,"column":null}},"type":"binary-expr","locations":[{"start":{"line":15,"column":15},"end":{"line":15,"column":47}},{"start":{"line":15,"column":47},"end":{"line":15,"column":null}}],"line":15},"1":{"loc":{"start":{"line":39,"column":6},"end":{"line":48,"column":null}},"type":"if","locations":[{"start":{"line":39,"column":6},"end":{"line":48,"column":null}},{"start":{},"end":{}}],"line":39},"2":{"loc":{"start":{"line":39,"column":10},"end":{"line":39,"column":52}},"type":"binary-expr","locations":[{"start":{"line":39,"column":10},"end":{"line":39,"column":31}},{"start":{"line":39,"column":31},"end":{"line":39,"column":52}}],"line":39},"3":{"loc":{"start":{"line":41,"column":8},"end":{"line":47,"column":null}},"type":"if","locations":[{"start":{"line":41,"column":8},"end":{"line":47,"column":null}},{"start":{"line":44,"column":15},"end":{"line":47,"column":null}}],"line":41},"4":{"loc":{"start":{"line":56,"column":6},"end":{"line":59,"column":null}},"type":"if","locations":[{"start":{"line":56,"column":6},"end":{"line":59,"column":null}},{"start":{},"end":{}}],"line":56},"5":{"loc":{"start":{"line":71,"column":13},"end":{"line":71,"column":79}},"type":"binary-expr","locations":[{"start":{"line":71,"column":13},"end":{"line":71,"column":64}},{"start":{"line":71,"column":64},"end":{"line":71,"column":79}}],"line":71}},"s":{"0":1,"1":1,"2":1,"3":1,"4":1,"5":4,"6":4,"7":4,"8":4,"9":4,"10":4,"11":1148,"12":4,"13":1,"14":4,"15":4,"16":4,"17":4,"18":4,"19":4,"20":0,"21":0,"22":0,"23":0,"24":0,"25":0,"26":4,"27":4,"28":4,"29":4,"30":4,"31":0,"32":0,"33":4,"34":4,"35":4,"36":4,"37":4,"38":4,"39":0,"40":0,"41":4,"42":4,"43":0,"44":4,"45":1,"46":4,"47":4,"48":4,"49":4,"50":4,"51":4,"52":4,"53":4,"54":3,"55":3,"56":1,"57":1,"58":1,"59":3,"60":3,"61":3,"62":1},"f":{"0":4,"1":4,"2":4,"3":4,"4":0,"5":4,"6":3},"b":{"0":[4,0],"1":[0,4],"2":[4,4],"3":[0,0],"4":[0,4],"5":[4,0]},"meta":{"lastBranch":6,"lastFunction":7,"lastStatement":63,"seen":{"s:5:18:5:Infinity":0,"s:6:19:6:Infinity":1,"s:7:22:7:Infinity":2,"s:8:21:8:Infinity":3,"s:13:22:23:Infinity":4,"f:13:22:13:23":0,"s:14:14:14:Infinity":5,"s:15:15:15:Infinity":6,"b:15:15:15:47:15:47:15:Infinity":0,"s:16:15:16:Infinity":7,"s:17:10:17:Infinity":8,"s:18:16:18:Infinity":9,"s:19:2:21:Infinity":10,"s:20:4:20:Infinity":11,"s:22:2:22:Infinity":12,"s:30:22:85:Infinity":13,"f:30:22:30:29":1,"s:31:2:84:Infinity":14,"f:31:21:31:22":2,"s:32:16:32:Infinity":15,"s:34:4:77:Infinity":16,"f:34:17:34:23":3,"s:36:18:36:Infinity":17,"s:37:19:37:Infinity":18,"b:39:6:48:Infinity:undefined:undefined:undefined:undefined":1,"s:39:6:48:Infinity":19,"b:39:10:39:31:39:31:39:52":2,"s:40:28:40:Infinity":20,"b:41:8:47:Infinity:44:15:47:Infinity":3,"s:41:8:47:Infinity":21,"s:42:10:42:Infinity":22,"s:43:10:43:Infinity":23,"s:45:10:45:Infinity":24,"s:46:10:46:Infinity":25,"s:51:21:51:Infinity":26,"s:52:6:52:Infinity":27,"s:53:6:53:Infinity":28,"s:55:18:55:Infinity":29,"b:56:6:59:Infinity:undefined:undefined:undefined:undefined":4,"s:56:6:59:Infinity":30,"s:57:8:57:Infinity":31,"s:58:8:58:Infinity":32,"s:62:6:62:Infinity":33,"s:63:6:63:Infinity":34,"s:64:6:64:Infinity":35,"s:67:20:67:Infinity":36,"s:68:30:68:Infinity":37,"s:71:6:74:Infinity":38,"b:71:13:71:64:71:64:71:79":5,"s:72:8:72:Infinity":39,"s:73:8:73:Infinity":40,"s:76:6:76:Infinity":41,"s:79:4:81:Infinity":42,"f:79:18:79:24":4,"s:80:6:80:Infinity":43,"s:83:4:83:Infinity":44,"s:93:33:126:Infinity":45,"f:93:33:93:Infinity":5,"s:97:2:125:Infinity":46,"s:99:30:99:Infinity":47,"s:102:17:102:Infinity":48,"s:105:25:105:Infinity":49,"s:106:27:106:Infinity":50,"s:107:4:107:Infinity":51,"s:110:10:110:Infinity":52,"s:113:4:116:Infinity":53,"s:119:24:119:Infinity":54,"s:121:4:121:Infinity":55,"s:123:4:123:Infinity":56,"s:124:4:124:Infinity":57,"s:132:33:140:Infinity":58,"f:132:33:132:40":6,"s:133:2:139:Infinity":59,"s:134:10:134:Infinity":60,"s:135:4:135:Infinity":61,"s:138:4:138:Infinity":62}}}
,"/Users/andy/code/recipe-management-frontend/src/utils/quantityUtils.ts": {"path":"/Users/andy/code/recipe-management-frontend/src/utils/quantityUtils.ts","statementMap":{"0":{"start":{"line":2,"column":12},"end":{"line":2,"column":null}},"1":{"start":{"line":3,"column":2},"end":{"line":8,"column":null}},"2":{"start":{"line":4,"column":18},"end":{"line":4,"column":null}},"3":{"start":{"line":5,"column":16},"end":{"line":5,"column":null}},"4":{"start":{"line":6,"column":16},"end":{"line":6,"column":null}},"5":{"start":{"line":7,"column":4},"end":{"line":7,"column":null}},"6":{"start":{"line":7,"column":19},"end":{"line":7,"column":null}},"7":{"start":{"line":9,"column":13},"end":{"line":9,"column":null}},"8":{"start":{"line":10,"column":2},"end":{"line":14,"column":null}},"9":{"start":{"line":11,"column":16},"end":{"line":11,"column":null}},"10":{"start":{"line":12,"column":16},"end":{"line":12,"column":null}},"11":{"start":{"line":13,"column":4},"end":{"line":13,"column":null}},"12":{"start":{"line":13,"column":19},"end":{"line":13,"column":null}},"13":{"start":{"line":15,"column":13},"end":{"line":15,"column":null}},"14":{"start":{"line":16,"column":2},"end":{"line":18,"column":null}},"15":{"start":{"line":17,"column":4},"end":{"line":17,"column":null}},"16":{"start":{"line":19,"column":2},"end":{"line":19,"column":null}},"17":{"start":{"line":23,"column":2},"end":{"line":23,"column":null}},"18":{"start":{"line":23,"column":20},"end":{"line":23,"column":null}},"19":{"start":{"line":24,"column":15},"end":{"line":24,"column":null}},"20":{"start":{"line":25,"column":15},"end":{"line":25,"column":null}},"21":{"start":{"line":26,"column":2},"end":{"line":26,"column":null}},"22":{"start":{"line":26,"column":30},"end":{"line":26,"column":null}},"23":{"start":{"line":27,"column":16},"end":{"line":27,"column":null}},"24":{"start":{"line":28,"column":15},"end":{"line":28,"column":null}},"25":{"start":{"line":29,"column":23},"end":{"line":29,"column":null}},"26":{"start":{"line":30,"column":13},"end":{"line":30,"column":null}},"27":{"start":{"line":31,"column":2},"end":{"line":36,"column":null}},"28":{"start":{"line":32,"column":16},"end":{"line":32,"column":null}},"29":{"start":{"line":33,"column":19},"end":{"line":33,"column":null}},"30":{"start":{"line":34,"column":16},"end":{"line":34,"column":null}},"31":{"start":{"line":35,"column":4},"end":{"line":35,"column":null}},"32":{"start":{"line":35,"column":24},"end":{"line":35,"column":null}},"33":{"start":{"line":37,"column":24},"end":{"line":37,"column":null}},"34":{"start":{"line":38,"column":2},"end":{"line":47,"column":null}},"35":{"start":{"line":39,"column":16},"end":{"line":39,"column":null}},"36":{"start":{"line":40,"column":16},"end":{"line":40,"column":null}},"37":{"start":{"line":41,"column":16},"end":{"line":41,"column":null}},"38":{"start":{"line":41,"column":51},"end":{"line":41,"column":null}},"39":{"start":{"line":42,"column":14},"end":{"line":42,"column":null}},"40":{"start":{"line":43,"column":17},"end":{"line":43,"column":null}},"41":{"start":{"line":44,"column":17},"end":{"line":44,"column":null}},"42":{"start":{"line":45,"column":4},"end":{"line":45,"column":null}},"43":{"start":{"line":45,"column":21},"end":{"line":45,"column":null}},"44":{"start":{"line":46,"column":4},"end":{"line":46,"column":null}},"45":{"start":{"line":48,"column":2},"end":{"line":48,"column":null}},"46":{"start":{"line":52,"column":2},"end":{"line":52,"column":null}},"47":{"start":{"line":52,"column":19},"end":{"line":52,"column":null}},"48":{"start":{"line":53,"column":2},"end":{"line":61,"column":null}},"49":{"start":{"line":54,"column":27},"end":{"line":54,"column":null}},"50":{"start":{"line":55,"column":4},"end":{"line":59,"column":null}},"51":{"start":{"line":56,"column":21},"end":{"line":56,"column":null}},"52":{"start":{"line":57,"column":24},"end":{"line":57,"column":null}},"53":{"start":{"line":58,"column":6},"end":{"line":58,"column":null}},"54":{"start":{"line":60,"column":4},"end":{"line":60,"column":null}},"55":{"start":{"line":62,"column":2},"end":{"line":70,"column":null}},"56":{"start":{"line":64,"column":16},"end":{"line":64,"column":null}},"57":{"start":{"line":65,"column":42},"end":{"line":65,"column":null}},"58":{"start":{"line":66,"column":4},"end":{"line":66,"column":null}},"59":{"start":{"line":66,"column":41},"end":{"line":66,"column":null}},"60":{"start":{"line":67,"column":4},"end":{"line":67,"column":null}},"61":{"start":{"line":67,"column":43},"end":{"line":67,"column":null}},"62":{"start":{"line":68,"column":4},"end":{"line":68,"column":null}},"63":{"start":{"line":68,"column":40},"end":{"line":68,"column":null}},"64":{"start":{"line":69,"column":4},"end":{"line":69,"column":null}},"65":{"start":{"line":71,"column":2},"end":{"line":71,"column":null}}},"fnMap":{"0":{"name":"parseQuantityString","decl":{"start":{"line":1,"column":16},"end":{"line":1,"column":36}},"loc":{"start":{"line":1,"column":93},"end":{"line":20,"column":null}},"line":1},"1":{"name":"formatQuantity","decl":{"start":{"line":22,"column":16},"end":{"line":22,"column":31}},"loc":{"start":{"line":22,"column":42},"end":{"line":49,"column":null}},"line":22},"2":{"name":"(anonymous_2)","decl":{"start":{"line":41,"column":16},"end":{"line":41,"column":17}},"loc":{"start":{"line":41,"column":51},"end":{"line":41,"column":null}},"line":41},"3":{"name":"scaleIngredient","decl":{"start":{"line":51,"column":16},"end":{"line":51,"column":32}},"loc":{"start":{"line":51,"column":66},"end":{"line":72,"column":null}},"line":51}},"branchMap":{"0":{"loc":{"start":{"line":3,"column":2},"end":{"line":8,"column":null}},"type":"if","locations":[{"start":{"line":3,"column":2},"end":{"line":8,"column":null}},{"start":{},"end":{}}],"line":3},"1":{"loc":{"start":{"line":7,"column":4},"end":{"line":7,"column":null}},"type":"if","locations":[{"start":{"line":7,"column":4},"end":{"line":7,"column":null}},{"start":{},"end":{}}],"line":7},"2":{"loc":{"start":{"line":10,"column":2},"end":{"line":14,"column":null}},"type":"if","locations":[{"start":{"line":10,"column":2},"end":{"line":14,"column":null}},{"start":{},"end":{}}],"line":10},"3":{"loc":{"start":{"line":13,"column":4},"end":{"line":13,"column":null}},"type":"if","locations":[{"start":{"line":13,"column":4},"end":{"line":13,"column":null}},{"start":{},"end":{}}],"line":13},"4":{"loc":{"start":{"line":16,"column":2},"end":{"line":18,"column":null}},"type":"if","locations":[{"start":{"line":16,"column":2},"end":{"line":18,"column":null}},{"start":{},"end":{}}],"line":16},"5":{"loc":{"start":{"line":23,"column":2},"end":{"line":23,"column":null}},"type":"if","locations":[{"start":{"line":23,"column":2},"end":{"line":23,"column":null}},{"start":{},"end":{}}],"line":23},"6":{"loc":{"start":{"line":25,"column":15},"end":{"line":25,"column":null}},"type":"cond-expr","locations":[{"start":{"line":25,"column":23},"end":{"line":25,"column":29}},{"start":{"line":25,"column":29},"end":{"line":25,"column":null}}],"line":25},"7":{"loc":{"start":{"line":26,"column":2},"end":{"line":26,"column":null}},"type":"if","locations":[{"start":{"line":26,"column":2},"end":{"line":26,"column":null}},{"start":{},"end":{}}],"line":26},"8":{"loc":{"start":{"line":35,"column":4},"end":{"line":35,"column":null}},"type":"if","locations":[{"start":{"line":35,"column":4},"end":{"line":35,"column":null}},{"start":{},"end":{}}],"line":35},"9":{"loc":{"start":{"line":38,"column":2},"end":{"line":47,"column":null}},"type":"if","locations":[{"start":{"line":38,"column":2},"end":{"line":47,"column":null}},{"start":{},"end":{}}],"line":38},"10":{"loc":{"start":{"line":38,"column":6},"end":{"line":38,"column":51}},"type":"binary-expr","locations":[{"start":{"line":38,"column":6},"end":{"line":38,"column":24}},{"start":{"line":38,"column":24},"end":{"line":38,"column":51}}],"line":38},"11":{"loc":{"start":{"line":41,"column":51},"end":{"line":41,"column":null}},"type":"cond-expr","locations":[{"start":{"line":41,"column":61},"end":{"line":41,"column":65}},{"start":{"line":41,"column":65},"end":{"line":41,"column":null}}],"line":41},"12":{"loc":{"start":{"line":45,"column":4},"end":{"line":45,"column":null}},"type":"if","locations":[{"start":{"line":45,"column":4},"end":{"line":45,"column":null}},{"start":{},"end":{}}],"line":45},"13":{"loc":{"start":{"line":52,"column":2},"end":{"line":52,"column":null}},"type":"if","locations":[{"start":{"line":52,"column":2},"end":{"line":52,"column":null}},{"start":{},"end":{}}],"line":52},"14":{"loc":{"start":{"line":53,"column":2},"end":{"line":61,"column":null}},"type":"if","locations":[{"start":{"line":53,"column":2},"end":{"line":61,"column":null}},{"start":{},"end":{}}],"line":53},"15":{"loc":{"start":{"line":55,"column":4},"end":{"line":59,"column":null}},"type":"if","locations":[{"start":{"line":55,"column":4},"end":{"line":59,"column":null}},{"start":{},"end":{}}],"line":55},"16":{"loc":{"start":{"line":55,"column":8},"end":{"line":55,"column":30}},"type":"binary-expr","locations":[{"start":{"line":55,"column":8},"end":{"line":55,"column":25}},{"start":{"line":55,"column":25},"end":{"line":55,"column":30}}],"line":55},"17":{"loc":{"start":{"line":62,"column":2},"end":{"line":70,"column":null}},"type":"if","locations":[{"start":{"line":62,"column":2},"end":{"line":70,"column":null}},{"start":{},"end":{}}],"line":62},"18":{"loc":{"start":{"line":66,"column":4},"end":{"line":66,"column":null}},"type":"if","locations":[{"start":{"line":66,"column":4},"end":{"line":66,"column":null}},{"start":{},"end":{}}],"line":66},"19":{"loc":{"start":{"line":67,"column":4},"end":{"line":67,"column":null}},"type":"if","locations":[{"start":{"line":67,"column":4},"end":{"line":67,"column":null}},{"start":{},"end":{}}],"line":67},"20":{"loc":{"start":{"line":68,"column":4},"end":{"line":68,"column":null}},"type":"if","locations":[{"start":{"line":68,"column":4},"end":{"line":68,"column":null}},{"start":{},"end":{}}],"line":68}},"s":{"0":15,"1":15,"2":4,"3":4,"4":4,"5":4,"6":4,"7":11,"8":11,"9":4,"10":4,"11":4,"12":3,"13":8,"14":8,"15":6,"16":2,"17":22,"18":2,"19":20,"20":20,"21":22,"22":8,"23":12,"24":12,"25":12,"26":12,"27":12,"28":60,"29":60,"30":60,"31":60,"32":22,"33":12,"34":12,"35":12,"36":12,"37":12,"38":40,"39":12,"40":12,"41":12,"42":12,"43":8,"44":4,"45":0,"46":13,"47":2,"48":11,"49":7,"50":7,"51":6,"52":6,"53":6,"54":1,"55":4,"56":4,"57":4,"58":4,"59":2,"60":4,"61":1,"62":4,"63":1,"64":4,"65":0},"f":{"0":15,"1":22,"2":40,"3":13},"b":{"0":[4,11],"1":[4,0],"2":[4,7],"3":[3,1],"4":[6,2],"5":[2,20],"6":[3,17],"7":[8,14],"8":[22,38],"9":[12,0],"10":[12,12],"11":[12,28],"12":[8,4],"13":[2,11],"14":[7,4],"15":[6,1],"16":[7,6],"17":[4,0],"18":[2,2],"19":[1,3],"20":[1,3]},"meta":{"lastBranch":21,"lastFunction":4,"lastStatement":66,"seen":{"f:1:16:1:36":0,"s:2:12:2:Infinity":0,"b:3:2:8:Infinity:undefined:undefined:undefined:undefined":0,"s:3:2:8:Infinity":1,"s:4:18:4:Infinity":2,"s:5:16:5:Infinity":3,"s:6:16:6:Infinity":4,"b:7:4:7:Infinity:undefined:undefined:undefined:undefined":1,"s:7:4:7:Infinity":5,"s:7:19:7:Infinity":6,"s:9:13:9:Infinity":7,"b:10:2:14:Infinity:undefined:undefined:undefined:undefined":2,"s:10:2:14:Infinity":8,"s:11:16:11:Infinity":9,"s:12:16:12:Infinity":10,"b:13:4:13:Infinity:undefined:undefined:undefined:undefined":3,"s:13:4:13:Infinity":11,"s:13:19:13:Infinity":12,"s:15:13:15:Infinity":13,"b:16:2:18:Infinity:undefined:undefined:undefined:undefined":4,"s:16:2:18:Infinity":14,"s:17:4:17:Infinity":15,"s:19:2:19:Infinity":16,"f:22:16:22:31":1,"b:23:2:23:Infinity:undefined:undefined:undefined:undefined":5,"s:23:2:23:Infinity":17,"s:23:20:23:Infinity":18,"s:24:15:24:Infinity":19,"s:25:15:25:Infinity":20,"b:25:23:25:29:25:29:25:Infinity":6,"b:26:2:26:Infinity:undefined:undefined:undefined:undefined":7,"s:26:2:26:Infinity":21,"s:26:30:26:Infinity":22,"s:27:16:27:Infinity":23,"s:28:15:28:Infinity":24,"s:29:23:29:Infinity":25,"s:30:13:30:Infinity":26,"s:31:2:36:Infinity":27,"s:32:16:32:Infinity":28,"s:33:19:33:Infinity":29,"s:34:16:34:Infinity":30,"b:35:4:35:Infinity:undefined:undefined:undefined:undefined":8,"s:35:4:35:Infinity":31,"s:35:24:35:Infinity":32,"s:37:24:37:Infinity":33,"b:38:2:47:Infinity:undefined:undefined:undefined:undefined":9,"s:38:2:47:Infinity":34,"b:38:6:38:24:38:24:38:51":10,"s:39:16:39:Infinity":35,"s:40:16:40:Infinity":36,"s:41:16:41:Infinity":37,"f:41:16:41:17":2,"s:41:51:41:Infinity":38,"b:41:61:41:65:41:65:41:Infinity":11,"s:42:14:42:Infinity":39,"s:43:17:43:Infinity":40,"s:44:17:44:Infinity":41,"b:45:4:45:Infinity:undefined:undefined:undefined:undefined":12,"s:45:4:45:Infinity":42,"s:45:21:45:Infinity":43,"s:46:4:46:Infinity":44,"s:48:2:48:Infinity":45,"f:51:16:51:32":3,"b:52:2:52:Infinity:undefined:undefined:undefined:undefined":13,"s:52:2:52:Infinity":46,"s:52:19:52:Infinity":47,"b:53:2:61:Infinity:undefined:undefined:undefined:undefined":14,"s:53:2:61:Infinity":48,"s:54:27:54:Infinity":49,"b:55:4:59:Infinity:undefined:undefined:undefined:undefined":15,"s:55:4:59:Infinity":50,"b:55:8:55:25:55:25:55:30":16,"s:56:21:56:Infinity":51,"s:57:24:57:Infinity":52,"s:58:6:58:Infinity":53,"s:60:4:60:Infinity":54,"b:62:2:70:Infinity:undefined:undefined:undefined:undefined":17,"s:62:2:70:Infinity":55,"s:64:16:64:Infinity":56,"s:65:42:65:Infinity":57,"b:66:4:66:Infinity:undefined:undefined:undefined:undefined":18,"s:66:4:66:Infinity":58,"s:66:41:66:Infinity":59,"b:67:4:67:Infinity:undefined:undefined:undefined:undefined":19,"s:67:4:67:Infinity":60,"s:67:43:67:Infinity":61,"b:68:4:68:Infinity:undefined:undefined:undefined:undefined":20,"s:68:4:68:Infinity":62,"s:68:40:68:Infinity":63,"s:69:4:69:Infinity":64,"s:71:2:71:Infinity":65}}}
}
