TN:
SF:src/components/ServingsStepper.tsx
FN:7,ServingsStepper
FN:30,(anonymous_1)
FN:32,(anonymous_2)
FNF:3
FNH:3
FNDA:15,ServingsStepper
FNDA:3,(anonymous_1)
FNDA:4,(anonymous_2)
DA:9,15
DA:10,15
DA:11,3
DA:13,15
DA:15,15
DA:16,3
DA:25,12
DA:30,3
DA:32,4
LF:9
LH:9
BRDA:10,0,0,9
BRDA:10,0,1,6
BRDA:10,1,0,3
BRDA:10,1,1,3
BRDA:11,2,0,6
BRDA:11,2,1,4
BRDA:13,3,0,15
BRDA:13,3,1,11
BRDA:13,3,2,3
BRDA:15,4,0,3
BRDA:15,4,1,12
BRDA:20,5,0,3
BRDA:20,5,1,2
BRDA:30,6,0,3
BRDA:30,6,1,3
BRDA:30,7,0,3
BRDA:30,7,1,1
BRDA:32,8,0,4
BRDA:32,8,1,3
BRDA:32,9,0,3
BRDA:32,9,1,2
BRF:21
BRH:21
end_of_record
TN:
SF:src/features/recipes/CreateRecipe.tsx
FN:4,(anonymous_0)
FN:26,(anonymous_1)
FN:30,(anonymous_2)
FN:36,(anonymous_3)
FN:38,(anonymous_4)
FN:43,(anonymous_5)
FN:47,(anonymous_6)
FN:53,(anonymous_7)
FN:55,(anonymous_8)
FN:60,(anonymous_9)
FN:67,(anonymous_10)
FN:68,(anonymous_11)
FN:71,(anonymous_12)
FN:80,(anonymous_13)
FN:81,(anonymous_14)
FN:86,(anonymous_15)
FN:90,(anonymous_16)
FN:96,(anonymous_17)
FN:102,(anonymous_18)
FN:128,(anonymous_19)
FN:144,(anonymous_20)
FN:165,(anonymous_21)
FN:169,(anonymous_22)
FN:255,(anonymous_23)
FN:259,(anonymous_24)
FN:259,(anonymous_25)
FN:272,(anonymous_26)
FN:276,(anonymous_27)
FN:276,(anonymous_28)
FN:293,(anonymous_29)
FN:346,(anonymous_30)
FN:360,(anonymous_31)
FN:376,(anonymous_32)
FN:389,(anonymous_33)
FN:402,(anonymous_34)
FN:433,(anonymous_35)
FN:441,(anonymous_36)
FN:449,(anonymous_37)
FN:485,(anonymous_38)
FN:494,(anonymous_39)
FN:503,(anonymous_40)
FN:526,(anonymous_41)
FN:527,(anonymous_42)
FN:547,(anonymous_43)
FN:555,(anonymous_44)
FNF:45
FNH:28
FNDA:79,(anonymous_0)
FNDA:2,(anonymous_1)
FNDA:1,(anonymous_2)
FNDA:1,(anonymous_3)
FNDA:2,(anonymous_4)
FNDA:1,(anonymous_5)
FNDA:0,(anonymous_6)
FNDA:0,(anonymous_7)
FNDA:0,(anonymous_8)
FNDA:3,(anonymous_9)
FNDA:1,(anonymous_10)
FNDA:1,(anonymous_11)
FNDA:0,(anonymous_12)
FNDA:0,(anonymous_13)
FNDA:0,(anonymous_14)
FNDA:1,(anonymous_15)
FNDA:13,(anonymous_16)
FNDA:5,(anonymous_17)
FNDA:13,(anonymous_18)
FNDA:1,(anonymous_19)
FNDA:1,(anonymous_20)
FNDA:316,(anonymous_21)
FNDA:13,(anonymous_22)
FNDA:1,(anonymous_23)
FNDA:0,(anonymous_24)
FNDA:0,(anonymous_25)
FNDA:1,(anonymous_26)
FNDA:0,(anonymous_27)
FNDA:0,(anonymous_28)
FNDA:0,(anonymous_29)
FNDA:2,(anonymous_30)
FNDA:0,(anonymous_31)
FNDA:0,(anonymous_32)
FNDA:0,(anonymous_33)
FNDA:0,(anonymous_34)
FNDA:18,(anonymous_35)
FNDA:1,(anonymous_36)
FNDA:1,(anonymous_37)
FNDA:19,(anonymous_38)
FNDA:0,(anonymous_39)
FNDA:0,(anonymous_40)
FNDA:3,(anonymous_41)
FNDA:1,(anonymous_42)
FNDA:3,(anonymous_43)
FNDA:1,(anonymous_44)
DA:4,1
DA:5,79
DA:8,79
DA:9,79
DA:12,79
DA:15,79
DA:16,79
DA:17,79
DA:18,79
DA:19,79
DA:20,79
DA:21,79
DA:22,79
DA:23,79
DA:26,79
DA:27,2
DA:30,79
DA:31,1
DA:32,1
DA:33,1
DA:36,79
DA:37,1
DA:38,2
DA:43,79
DA:44,1
DA:47,79
DA:48,0
DA:49,0
DA:50,0
DA:53,79
DA:54,0
DA:55,0
DA:60,79
DA:61,3
DA:62,3
DA:63,3
DA:67,79
DA:68,1
DA:71,79
DA:72,0
DA:74,0
DA:80,0
DA:81,0
DA:86,79
DA:87,1
DA:90,79
DA:91,13
DA:92,13
DA:96,79
DA:97,5
DA:98,5
DA:102,79
DA:103,13
DA:106,79
DA:113,79
DA:128,1
DA:144,1
DA:166,316
DA:169,13
DA:255,1
DA:259,0
DA:260,0
DA:272,1
DA:276,0
DA:277,0
DA:294,0
DA:346,2
DA:360,0
DA:376,0
DA:389,0
DA:402,0
DA:434,18
DA:441,1
DA:449,1
DA:486,19
DA:494,0
DA:503,0
DA:526,3
DA:528,1
DA:529,1
DA:530,1
DA:548,3
DA:555,1
LF:83
LH:63
BRDA:37,0,0,1
BRDA:37,0,1,0
BRDA:54,1,0,0
BRDA:54,1,1,0
BRDA:61,2,0,3
BRDA:61,2,1,0
BRDA:61,3,0,3
BRDA:61,3,1,3
BRDA:77,4,0,0
BRDA:77,4,1,0
BRDA:78,5,0,0
BRDA:78,5,1,0
BRDA:79,6,0,0
BRDA:79,6,1,0
BRDA:91,7,0,13
BRDA:91,7,1,0
BRDA:97,8,0,5
BRDA:97,8,1,0
BRDA:124,9,0,79
BRDA:124,9,1,8
BRDA:130,10,0,7
BRDA:130,10,1,1
BRDA:146,11,0,1
BRDA:146,11,1,7
BRDA:171,12,0,79
BRDA:171,12,1,237
BRDA:171,13,0,76
BRDA:171,13,1,161
BRDA:176,14,0,79
BRDA:176,14,1,237
BRDA:178,15,0,76
BRDA:178,15,1,161
BRDA:183,16,0,76
BRDA:183,16,1,240
BRDA:186,17,0,79
BRDA:186,17,1,237
BRDA:191,18,0,316
BRDA:191,18,1,237
BRDA:193,19,0,76
BRDA:193,19,1,161
BRDA:202,20,0,1
BRDA:202,20,1,78
BRDA:207,21,0,1
BRDA:207,21,1,1
BRDA:210,22,0,1
BRDA:210,22,1,0
BRDA:216,23,0,1
BRDA:216,23,1,0
BRDA:228,24,0,1
BRDA:228,24,1,0
BRDA:240,25,0,1
BRDA:240,25,1,0
BRDA:255,26,0,1
BRDA:255,26,1,0
BRDA:272,27,0,1
BRDA:272,27,1,0
BRDA:289,28,0,1
BRDA:289,28,1,0
BRDA:332,29,0,78
BRDA:332,29,1,37
BRDA:414,30,0,78
BRDA:414,30,1,16
BRDA:446,31,0,18
BRDA:446,31,1,4
BRDA:464,32,0,78
BRDA:464,32,1,18
BRDA:500,33,0,19
BRDA:500,33,1,2
BRDA:528,34,0,1
BRDA:528,34,1,0
BRDA:545,35,0,18
BRDA:545,35,1,3
BRDA:569,36,0,78
BRDA:569,36,1,7
BRDA:587,37,0,37
BRDA:587,37,1,41
BRDA:604,38,0,71
BRDA:604,38,1,7
BRF:78
BRH:58
end_of_record
TN:
SF:src/features/recipes/RecipeLibrary.tsx
FN:5,(anonymous_0)
FN:13,(anonymous_1)
FN:14,(anonymous_2)
FN:32,(anonymous_3)
FN:37,(anonymous_4)
FN:44,(anonymous_5)
FN:54,(anonymous_6)
FN:113,(anonymous_7)
FN:120,(anonymous_8)
FN:130,(anonymous_9)
FNF:10
FNH:10
FNDA:47,(anonymous_0)
FNDA:18,(anonymous_1)
FNDA:18,(anonymous_2)
FNDA:6,(anonymous_3)
FNDA:3,(anonymous_4)
FNDA:2,(anonymous_5)
FNDA:1,(anonymous_6)
FNDA:48,(anonymous_7)
FNDA:6,(anonymous_8)
FNDA:1,(anonymous_9)
DA:5,1
DA:6,47
DA:7,47
DA:8,47
DA:9,47
DA:10,47
DA:11,47
DA:13,47
DA:14,18
DA:15,18
DA:16,18
DA:17,18
DA:18,18
DA:19,15
DA:20,15
DA:22,2
DA:23,2
DA:25,17
DA:29,18
DA:32,47
DA:33,6
DA:34,6
DA:37,47
DA:38,3
DA:40,3
DA:41,3
DA:42,3
DA:44,2
DA:45,1
DA:47,1
DA:48,1
DA:50,2
DA:54,47
DA:55,1
DA:58,47
DA:59,18
DA:72,29
DA:73,3
DA:87,26
DA:88,1
DA:105,25
DA:114,48
DA:120,6
DA:130,1
LF:44
LH:44
BRDA:23,0,0,2
BRDA:23,0,1,1
BRDA:23,0,2,0
BRDA:38,1,0,0
BRDA:38,1,1,3
BRDA:48,2,0,1
BRDA:48,2,1,1
BRDA:48,2,2,0
BRDA:58,3,0,18
BRDA:58,3,1,29
BRDA:72,4,0,3
BRDA:72,4,1,26
BRDA:87,5,0,1
BRDA:87,5,1,25
BRDA:109,6,0,2
BRDA:109,6,1,23
BRDA:133,7,0,24
BRDA:133,7,1,24
BRDA:150,8,0,48
BRDA:150,8,1,48
BRDA:154,9,0,48
BRDA:154,9,1,0
BRDA:154,9,2,48
BRDA:159,10,0,48
BRDA:159,10,1,0
BRDA:159,11,0,48
BRDA:159,11,1,0
BRDA:176,12,0,47
BRDA:176,12,1,9
BRDA:208,13,0,3
BRDA:208,13,1,6
BRF:31
BRH:25
end_of_record
TN:
SF:src/services/recipeStorageApi.ts
FN:67,(anonymous_0)
FN:69,(anonymous_1)
FN:79,(anonymous_2)
FN:128,(anonymous_3)
FN:162,(anonymous_4)
FN:189,(anonymous_5)
FN:215,(anonymous_6)
FNF:7
FNH:1
FNDA:0,(anonymous_0)
FNDA:0,(anonymous_1)
FNDA:0,(anonymous_2)
FNDA:0,(anonymous_3)
FNDA:0,(anonymous_4)
FNDA:0,(anonymous_5)
FNDA:3,(anonymous_6)
DA:6,1
DA:67,1
DA:69,0
DA:70,0
DA:71,0
DA:72,0
DA:73,0
DA:74,0
DA:75,0
DA:79,0
DA:80,0
DA:82,0
DA:84,0
DA:85,0
DA:87,0
DA:88,0
DA:90,0
DA:91,0
DA:93,0
DA:94,0
DA:96,0
DA:97,0
DA:100,0
DA:104,0
DA:106,0
DA:128,1
DA:129,0
DA:130,0
DA:133,0
DA:134,0
DA:136,0
DA:137,0
DA:140,0
DA:145,0
DA:147,0
DA:154,0
DA:155,0
DA:162,1
DA:163,0
DA:164,0
DA:166,0
DA:167,0
DA:168,0
DA:171,0
DA:172,0
DA:174,0
DA:181,0
DA:189,1
DA:190,0
DA:191,0
DA:193,0
DA:194,0
DA:195,0
DA:198,0
DA:199,0
DA:201,0
DA:208,0
DA:215,1
DA:216,3
DA:217,3
DA:219,3
DA:220,3
DA:221,0
DA:224,3
DA:225,3
DA:228,3
DA:237,3
DA:238,3
DA:241,1
LF:69
LH:16
BRDA:6,0,0,1
BRDA:6,0,1,0
BRDA:70,1,0,0
BRDA:70,1,1,0
BRDA:72,2,0,0
BRDA:72,2,1,0
BRDA:75,3,0,0
BRDA:75,3,1,0
BRDA:75,4,0,0
BRDA:75,4,1,0
BRDA:80,5,0,0
BRDA:80,5,1,0
BRDA:84,6,0,0
BRDA:84,6,1,0
BRDA:87,7,0,0
BRDA:87,7,1,0
BRDA:90,8,0,0
BRDA:90,8,1,0
BRDA:93,9,0,0
BRDA:93,9,1,0
BRDA:96,10,0,0
BRDA:96,10,1,0
BRDA:100,11,0,0
BRDA:100,11,1,0
BRDA:104,12,0,0
BRDA:104,12,1,0
BRDA:113,13,0,0
BRDA:113,13,1,0
BRDA:113,14,0,0
BRDA:113,14,1,0
BRDA:133,15,0,0
BRDA:133,15,1,0
BRDA:167,16,0,0
BRDA:167,16,1,0
BRDA:194,17,0,0
BRDA:194,17,1,0
BRDA:220,18,0,0
BRDA:220,18,1,3
BRF:38
BRH:2
end_of_record
TN:
SF:src/utils/apiUtils.ts
FN:7,(anonymous_0)
FNF:1
FNH:1
FNDA:3,(anonymous_0)
DA:7,1
DA:10,3
LF:2
LH:2
BRDA:10,0,0,3
BRDA:10,0,1,0
BRF:2
BRH:1
end_of_record
TN:
SF:src/utils/authApi.ts
FN:5,getIdToken
FN:16,postWithAuth
FN:26,fetchWithAuth
FNF:3
FNH:0
FNDA:0,getIdToken
FNDA:0,postWithAuth
FNDA:0,fetchWithAuth
DA:6,0
DA:7,0
DA:8,0
DA:11,0
DA:13,0
DA:17,0
DA:18,0
DA:22,0
DA:23,0
DA:27,0
DA:28,0
DA:32,0
DA:33,0
LF:13
LH:0
BRDA:7,0,0,0
BRDA:7,0,1,0
BRDA:16,1,0,0
BRDA:20,2,0,0
BRDA:20,2,1,0
BRDA:26,3,0,0
BRDA:30,4,0,0
BRDA:30,4,1,0
BRF:8
BRH:0
end_of_record
TN:
SF:src/utils/imageStorage.ts
FN:7,(anonymous_0)
FN:25,(anonymous_1)
FN:56,(anonymous_2)
FNF:3
FNH:3
FNDA:4,(anonymous_0)
FNDA:4,(anonymous_1)
FNDA:3,(anonymous_2)
DA:7,1
DA:8,4
DA:9,4
DA:10,4
DA:11,4
DA:12,4
DA:13,4
DA:14,38
DA:16,4
DA:25,1
DA:29,4
DA:31,4
DA:34,4
DA:37,4
DA:43,3
DA:45,3
DA:47,1
DA:48,1
DA:56,1
DA:57,3
DA:58,3
DA:59,3
DA:62,1
LF:23
LH:23
BRDA:9,0,0,4
BRDA:9,0,1,0
BRF:2
BRH:1
end_of_record
TN:
SF:src/utils/quantityUtils.ts
FN:1,parseQuantityString
FN:22,formatQuantity
FN:41,(anonymous_2)
FN:51,scaleIngredient
FNF:4
FNH:4
FNDA:15,parseQuantityString
FNDA:22,formatQuantity
FNDA:40,(anonymous_2)
FNDA:13,scaleIngredient
DA:2,15
DA:3,15
DA:4,4
DA:5,4
DA:6,4
DA:7,4
DA:9,11
DA:10,11
DA:11,4
DA:12,4
DA:13,4
DA:15,8
DA:16,8
DA:17,6
DA:19,2
DA:23,22
DA:24,20
DA:25,20
DA:26,22
DA:27,12
DA:28,12
DA:29,12
DA:30,12
DA:31,12
DA:32,60
DA:33,60
DA:34,60
DA:35,60
DA:37,12
DA:38,12
DA:39,12
DA:40,12
DA:41,40
DA:42,12
DA:43,12
DA:44,12
DA:45,12
DA:46,4
DA:48,0
DA:52,13
DA:53,11
DA:54,7
DA:55,7
DA:56,6
DA:57,6
DA:58,6
DA:60,1
DA:62,4
DA:64,4
DA:65,4
DA:66,4
DA:67,4
DA:68,4
DA:69,4
DA:71,0
LF:55
LH:53
BRDA:3,0,0,4
BRDA:3,0,1,11
BRDA:7,1,0,4
BRDA:7,1,1,0
BRDA:10,2,0,4
BRDA:10,2,1,7
BRDA:13,3,0,3
BRDA:13,3,1,1
BRDA:16,4,0,6
BRDA:16,4,1,2
BRDA:23,5,0,2
BRDA:23,5,1,20
BRDA:25,6,0,3
BRDA:25,6,1,17
BRDA:26,7,0,8
BRDA:26,7,1,14
BRDA:35,8,0,22
BRDA:35,8,1,38
BRDA:38,9,0,12
BRDA:38,9,1,0
BRDA:38,10,0,12
BRDA:38,10,1,12
BRDA:41,11,0,12
BRDA:41,11,1,28
BRDA:45,12,0,8
BRDA:45,12,1,4
BRDA:52,13,0,2
BRDA:52,13,1,11
BRDA:53,14,0,7
BRDA:53,14,1,4
BRDA:55,15,0,6
BRDA:55,15,1,1
BRDA:55,16,0,7
BRDA:55,16,1,6
BRDA:62,17,0,4
BRDA:62,17,1,0
BRDA:66,18,0,2
BRDA:66,18,1,2
BRDA:67,19,0,1
BRDA:67,19,1,3
BRDA:68,20,0,1
BRDA:68,20,1,3
BRF:42
BRH:39
end_of_record
