TN:
SF:src/components/ServingsStepper.tsx
FN:7,ServingsStepper
FN:30,(anonymous_1)
FN:32,(anonymous_2)
FNF:3
FNH:3
FNDA:15,ServingsStepper
FNDA:3,(anonymous_1)
FNDA:4,(anonymous_2)
DA:9,15
DA:10,15
DA:11,3
DA:13,15
DA:15,15
DA:16,3
DA:25,12
DA:30,3
DA:32,4
LF:9
LH:9
BRDA:10,0,0,9
BRDA:10,0,1,6
BRDA:10,1,0,3
BRDA:10,1,1,3
BRDA:11,2,0,6
BRDA:11,2,1,4
BRDA:13,3,0,15
BRDA:13,3,1,11
BRDA:13,3,2,3
BRDA:15,4,0,3
BRDA:15,4,1,12
BRDA:20,5,0,3
BRDA:20,5,1,2
BRDA:30,6,0,3
BRDA:30,6,1,3
BRDA:30,7,0,3
BRDA:30,7,1,1
BRDA:32,8,0,4
BRDA:32,8,1,3
BRDA:32,9,0,3
BRDA:32,9,1,2
BRF:21
BRH:21
end_of_record
TN:
SF:src/features/recipes/CreateRecipe.tsx
FN:6,(anonymous_0)
FN:30,(anonymous_1)
FN:34,(anonymous_2)
FN:40,(anonymous_3)
FN:42,(anonymous_4)
FN:47,(anonymous_5)
FN:51,(anonymous_6)
FN:57,(anonymous_7)
FN:59,(anonymous_8)
FN:64,(anonymous_9)
FN:71,(anonymous_10)
FN:72,(anonymous_11)
FN:76,(anonymous_12)
FN:81,(anonymous_13)
FN:88,(anonymous_14)
FN:92,(anonymous_15)
FN:106,(anonymous_16)
FN:107,(anonymous_17)
FN:131,(anonymous_18)
FN:135,(anonymous_19)
FN:141,(anonymous_20)
FN:147,(anonymous_21)
FN:171,(anonymous_22)
FN:175,(anonymous_23)
FN:222,(anonymous_24)
FN:295,(anonymous_25)
FN:299,(anonymous_26)
FN:299,(anonymous_27)
FN:312,(anonymous_28)
FN:316,(anonymous_29)
FN:316,(anonymous_30)
FN:333,(anonymous_31)
FN:409,(anonymous_32)
FN:423,(anonymous_33)
FN:439,(anonymous_34)
FN:452,(anonymous_35)
FN:465,(anonymous_36)
FN:543,(anonymous_37)
FN:551,(anonymous_38)
FN:559,(anonymous_39)
FN:595,(anonymous_40)
FN:604,(anonymous_41)
FN:613,(anonymous_42)
FN:636,(anonymous_43)
FN:637,(anonymous_44)
FN:657,(anonymous_45)
FN:665,(anonymous_46)
FNF:47
FNH:26
FNDA:77,(anonymous_0)
FNDA:2,(anonymous_1)
FNDA:1,(anonymous_2)
FNDA:1,(anonymous_3)
FNDA:2,(anonymous_4)
FNDA:1,(anonymous_5)
FNDA:0,(anonymous_6)
FNDA:0,(anonymous_7)
FNDA:0,(anonymous_8)
FNDA:3,(anonymous_9)
FNDA:1,(anonymous_10)
FNDA:1,(anonymous_11)
FNDA:0,(anonymous_12)
FNDA:0,(anonymous_13)
FNDA:0,(anonymous_14)
FNDA:0,(anonymous_15)
FNDA:0,(anonymous_16)
FNDA:0,(anonymous_17)
FNDA:1,(anonymous_18)
FNDA:13,(anonymous_19)
FNDA:3,(anonymous_20)
FNDA:13,(anonymous_21)
FNDA:308,(anonymous_22)
FNDA:13,(anonymous_23)
FNDA:0,(anonymous_24)
FNDA:6,(anonymous_25)
FNDA:0,(anonymous_26)
FNDA:0,(anonymous_27)
FNDA:6,(anonymous_28)
FNDA:0,(anonymous_29)
FNDA:0,(anonymous_30)
FNDA:0,(anonymous_31)
FNDA:2,(anonymous_32)
FNDA:0,(anonymous_33)
FNDA:0,(anonymous_34)
FNDA:0,(anonymous_35)
FNDA:0,(anonymous_36)
FNDA:17,(anonymous_37)
FNDA:1,(anonymous_38)
FNDA:1,(anonymous_39)
FNDA:19,(anonymous_40)
FNDA:0,(anonymous_41)
FNDA:0,(anonymous_42)
FNDA:3,(anonymous_43)
FNDA:1,(anonymous_44)
FNDA:3,(anonymous_45)
FNDA:1,(anonymous_46)
DA:6,1
DA:7,77
DA:10,77
DA:11,77
DA:14,77
DA:15,77
DA:18,77
DA:19,77
DA:20,77
DA:21,77
DA:22,77
DA:23,77
DA:24,77
DA:25,77
DA:26,77
DA:27,77
DA:30,77
DA:31,2
DA:34,77
DA:35,1
DA:36,1
DA:37,1
DA:40,77
DA:41,1
DA:42,2
DA:47,77
DA:48,1
DA:51,77
DA:52,0
DA:53,0
DA:54,0
DA:57,77
DA:58,0
DA:59,0
DA:64,77
DA:65,3
DA:66,3
DA:67,3
DA:71,77
DA:72,1
DA:76,77
DA:77,0
DA:78,0
DA:80,0
DA:81,0
DA:82,0
DA:84,0
DA:88,77
DA:89,0
DA:92,77
DA:93,0
DA:95,0
DA:96,0
DA:98,0
DA:100,0
DA:106,0
DA:107,0
DA:113,0
DA:115,0
DA:118,0
DA:120,0
DA:121,0
DA:122,0
DA:125,0
DA:127,0
DA:131,77
DA:132,1
DA:135,77
DA:136,13
DA:137,13
DA:141,77
DA:142,3
DA:143,3
DA:147,77
DA:148,13
DA:151,77
DA:158,77
DA:172,308
DA:175,13
DA:222,0
DA:295,6
DA:299,0
DA:300,0
DA:312,6
DA:316,0
DA:317,0
DA:334,0
DA:409,2
DA:423,0
DA:439,0
DA:452,0
DA:465,0
DA:544,17
DA:551,1
DA:559,1
DA:596,19
DA:604,0
DA:613,0
DA:636,3
DA:638,1
DA:639,1
DA:640,1
DA:658,3
DA:665,1
LF:104
LH:65
BRDA:41,0,0,1
BRDA:41,0,1,0
BRDA:58,1,0,0
BRDA:58,1,1,0
BRDA:65,2,0,3
BRDA:65,2,1,0
BRDA:65,3,0,3
BRDA:65,3,1,3
BRDA:78,4,0,0
BRDA:78,4,1,0
BRDA:102,5,0,0
BRDA:102,5,1,0
BRDA:103,6,0,0
BRDA:103,6,1,0
BRDA:104,7,0,0
BRDA:104,7,1,0
BRDA:105,8,0,0
BRDA:105,8,1,0
BRDA:108,9,0,0
BRDA:108,9,1,0
BRDA:121,10,0,0
BRDA:121,10,1,0
BRDA:121,10,2,0
BRDA:136,11,0,13
BRDA:136,11,1,0
BRDA:142,12,0,3
BRDA:142,12,1,0
BRDA:177,13,0,77
BRDA:177,13,1,231
BRDA:177,14,0,69
BRDA:177,14,1,162
BRDA:182,15,0,77
BRDA:182,15,1,231
BRDA:184,16,0,69
BRDA:184,16,1,162
BRDA:189,17,0,69
BRDA:189,17,1,239
BRDA:192,18,0,77
BRDA:192,18,1,231
BRDA:197,19,0,308
BRDA:197,19,1,231
BRDA:199,20,0,69
BRDA:199,20,1,162
BRDA:208,21,0,6
BRDA:208,21,1,71
BRDA:211,22,0,6
BRDA:211,22,1,0
BRDA:236,23,0,6
BRDA:236,23,1,6
BRDA:239,24,0,6
BRDA:239,24,1,0
BRDA:244,25,0,6
BRDA:244,25,1,0
BRDA:248,26,0,0
BRDA:248,26,1,0
BRDA:256,27,0,6
BRDA:256,27,1,0
BRDA:268,28,0,6
BRDA:268,28,1,0
BRDA:280,29,0,6
BRDA:280,29,1,0
BRDA:295,30,0,6
BRDA:295,30,1,0
BRDA:312,31,0,6
BRDA:312,31,1,0
BRDA:329,32,0,6
BRDA:329,32,1,0
BRDA:369,33,0,0
BRDA:369,33,1,6
BRDA:395,34,0,71
BRDA:395,34,1,38
BRDA:480,35,0,38
BRDA:480,35,1,0
BRDA:524,36,0,71
BRDA:524,36,1,15
BRDA:556,37,0,17
BRDA:556,37,1,4
BRDA:574,38,0,71
BRDA:574,38,1,18
BRDA:610,39,0,19
BRDA:610,39,1,2
BRDA:638,40,0,1
BRDA:638,40,1,0
BRDA:655,41,0,18
BRDA:655,41,1,3
BRDA:685,42,0,38
BRDA:685,42,1,33
BRDA:702,43,0,71
BRDA:702,43,1,0
BRDA:717,44,0,0
BRDA:717,44,1,0
BRF:91
BRH:53
end_of_record
TN:
SF:src/features/recipes/RecipeLibrary.tsx
FN:5,(anonymous_0)
FN:13,(anonymous_1)
FN:14,(anonymous_2)
FN:32,(anonymous_3)
FN:37,(anonymous_4)
FN:44,(anonymous_5)
FN:54,(anonymous_6)
FN:113,(anonymous_7)
FN:120,(anonymous_8)
FN:130,(anonymous_9)
FNF:10
FNH:10
FNDA:47,(anonymous_0)
FNDA:18,(anonymous_1)
FNDA:18,(anonymous_2)
FNDA:6,(anonymous_3)
FNDA:3,(anonymous_4)
FNDA:2,(anonymous_5)
FNDA:1,(anonymous_6)
FNDA:48,(anonymous_7)
FNDA:6,(anonymous_8)
FNDA:1,(anonymous_9)
DA:5,1
DA:6,47
DA:7,47
DA:8,47
DA:9,47
DA:10,47
DA:11,47
DA:13,47
DA:14,18
DA:15,18
DA:16,18
DA:17,18
DA:18,18
DA:19,15
DA:20,15
DA:22,2
DA:23,2
DA:25,17
DA:29,18
DA:32,47
DA:33,6
DA:34,6
DA:37,47
DA:38,3
DA:40,3
DA:41,3
DA:42,3
DA:44,2
DA:45,1
DA:47,1
DA:48,1
DA:50,2
DA:54,47
DA:55,1
DA:58,47
DA:59,18
DA:72,29
DA:73,3
DA:87,26
DA:88,1
DA:105,25
DA:114,48
DA:120,6
DA:130,1
LF:44
LH:44
BRDA:23,0,0,2
BRDA:23,0,1,1
BRDA:23,0,2,0
BRDA:38,1,0,0
BRDA:38,1,1,3
BRDA:48,2,0,1
BRDA:48,2,1,1
BRDA:48,2,2,0
BRDA:58,3,0,18
BRDA:58,3,1,29
BRDA:72,4,0,3
BRDA:72,4,1,26
BRDA:87,5,0,1
BRDA:87,5,1,25
BRDA:109,6,0,2
BRDA:109,6,1,23
BRDA:133,7,0,24
BRDA:133,7,1,24
BRDA:150,8,0,48
BRDA:150,8,1,48
BRDA:154,9,0,48
BRDA:154,9,1,0
BRDA:154,9,2,48
BRDA:159,10,0,48
BRDA:159,10,1,0
BRDA:159,11,0,48
BRDA:159,11,1,0
BRDA:176,12,0,47
BRDA:176,12,1,9
BRDA:208,13,0,3
BRDA:208,13,1,6
BRF:31
BRH:25
end_of_record
TN:
SF:src/services/recipeStorageApi.ts
FN:67,(anonymous_0)
FN:69,(anonymous_1)
FN:79,(anonymous_2)
FN:128,(anonymous_3)
FN:162,(anonymous_4)
FN:189,(anonymous_5)
FN:215,(anonymous_6)
FNF:7
FNH:1
FNDA:0,(anonymous_0)
FNDA:0,(anonymous_1)
FNDA:0,(anonymous_2)
FNDA:0,(anonymous_3)
FNDA:0,(anonymous_4)
FNDA:0,(anonymous_5)
FNDA:3,(anonymous_6)
DA:6,1
DA:67,1
DA:69,0
DA:70,0
DA:71,0
DA:72,0
DA:73,0
DA:74,0
DA:75,0
DA:79,0
DA:80,0
DA:82,0
DA:84,0
DA:85,0
DA:87,0
DA:88,0
DA:90,0
DA:91,0
DA:93,0
DA:94,0
DA:96,0
DA:97,0
DA:100,0
DA:104,0
DA:106,0
DA:128,1
DA:129,0
DA:130,0
DA:133,0
DA:134,0
DA:136,0
DA:137,0
DA:140,0
DA:145,0
DA:147,0
DA:154,0
DA:155,0
DA:162,1
DA:163,0
DA:164,0
DA:166,0
DA:167,0
DA:168,0
DA:171,0
DA:172,0
DA:174,0
DA:181,0
DA:189,1
DA:190,0
DA:191,0
DA:193,0
DA:194,0
DA:195,0
DA:198,0
DA:199,0
DA:201,0
DA:208,0
DA:215,1
DA:216,3
DA:217,3
DA:219,3
DA:220,3
DA:221,0
DA:224,3
DA:225,3
DA:228,3
DA:237,3
DA:238,3
DA:241,1
LF:69
LH:16
BRDA:6,0,0,1
BRDA:6,0,1,0
BRDA:70,1,0,0
BRDA:70,1,1,0
BRDA:72,2,0,0
BRDA:72,2,1,0
BRDA:75,3,0,0
BRDA:75,3,1,0
BRDA:75,4,0,0
BRDA:75,4,1,0
BRDA:80,5,0,0
BRDA:80,5,1,0
BRDA:84,6,0,0
BRDA:84,6,1,0
BRDA:87,7,0,0
BRDA:87,7,1,0
BRDA:90,8,0,0
BRDA:90,8,1,0
BRDA:93,9,0,0
BRDA:93,9,1,0
BRDA:96,10,0,0
BRDA:96,10,1,0
BRDA:100,11,0,0
BRDA:100,11,1,0
BRDA:104,12,0,0
BRDA:104,12,1,0
BRDA:113,13,0,0
BRDA:113,13,1,0
BRDA:113,14,0,0
BRDA:113,14,1,0
BRDA:117,15,0,0
BRDA:117,15,1,0
BRDA:133,16,0,0
BRDA:133,16,1,0
BRDA:167,17,0,0
BRDA:167,17,1,0
BRDA:194,18,0,0
BRDA:194,18,1,0
BRDA:220,19,0,0
BRDA:220,19,1,3
BRF:40
BRH:2
end_of_record
TN:
SF:src/utils/apiUtils.ts
FN:7,(anonymous_0)
FNF:1
FNH:1
FNDA:3,(anonymous_0)
DA:7,1
DA:10,3
LF:2
LH:2
BRDA:10,0,0,3
BRDA:10,0,1,0
BRF:2
BRH:1
end_of_record
TN:
SF:src/utils/authApi.ts
FN:5,getIdToken
FN:16,postWithAuth
FN:26,fetchWithAuth
FNF:3
FNH:0
FNDA:0,getIdToken
FNDA:0,postWithAuth
FNDA:0,fetchWithAuth
DA:6,0
DA:7,0
DA:8,0
DA:11,0
DA:13,0
DA:17,0
DA:18,0
DA:22,0
DA:23,0
DA:27,0
DA:28,0
DA:32,0
DA:33,0
LF:13
LH:0
BRDA:7,0,0,0
BRDA:7,0,1,0
BRDA:16,1,0,0
BRDA:20,2,0,0
BRDA:20,2,1,0
BRDA:26,3,0,0
BRDA:30,4,0,0
BRDA:30,4,1,0
BRF:8
BRH:0
end_of_record
TN:
SF:src/utils/imageStorage.ts
FN:13,(anonymous_0)
FN:30,(anonymous_1)
FN:31,(anonymous_2)
FN:34,(anonymous_3)
FN:79,(anonymous_4)
FN:93,(anonymous_5)
FN:132,(anonymous_6)
FNF:7
FNH:6
FNDA:4,(anonymous_0)
FNDA:4,(anonymous_1)
FNDA:4,(anonymous_2)
FNDA:4,(anonymous_3)
FNDA:0,(anonymous_4)
FNDA:4,(anonymous_5)
FNDA:3,(anonymous_6)
DA:5,1
DA:6,1
DA:7,1
DA:8,1
DA:13,1
DA:14,4
DA:15,4
DA:16,4
DA:17,4
DA:18,4
DA:19,4
DA:20,1148
DA:22,4
DA:30,1
DA:31,4
DA:32,4
DA:34,4
DA:36,4
DA:37,4
DA:39,4
DA:40,0
DA:41,0
DA:42,0
DA:43,0
DA:45,0
DA:46,0
DA:51,4
DA:52,4
DA:53,4
DA:55,4
DA:56,4
DA:57,0
DA:58,0
DA:62,4
DA:63,4
DA:64,4
DA:67,4
DA:68,4
DA:71,4
DA:72,0
DA:73,0
DA:76,4
DA:79,4
DA:80,0
DA:83,4
DA:93,1
DA:97,4
DA:99,4
DA:102,4
DA:105,4
DA:106,4
DA:107,4
DA:110,4
DA:113,4
DA:119,3
DA:121,3
DA:123,1
DA:124,1
DA:132,1
DA:133,3
DA:134,3
DA:135,3
DA:138,1
LF:63
LH:52
BRDA:15,0,0,4
BRDA:15,0,1,0
BRDA:39,1,0,0
BRDA:39,1,1,4
BRDA:39,2,0,4
BRDA:39,2,1,4
BRDA:41,3,0,0
BRDA:41,3,1,0
BRDA:56,4,0,0
BRDA:56,4,1,4
BRDA:71,5,0,4
BRDA:71,5,1,0
BRF:12
BRH:6
end_of_record
TN:
SF:src/utils/quantityUtils.ts
FN:1,parseQuantityString
FN:22,formatQuantity
FN:41,(anonymous_2)
FN:51,scaleIngredient
FNF:4
FNH:4
FNDA:15,parseQuantityString
FNDA:22,formatQuantity
FNDA:40,(anonymous_2)
FNDA:13,scaleIngredient
DA:2,15
DA:3,15
DA:4,4
DA:5,4
DA:6,4
DA:7,4
DA:9,11
DA:10,11
DA:11,4
DA:12,4
DA:13,4
DA:15,8
DA:16,8
DA:17,6
DA:19,2
DA:23,22
DA:24,20
DA:25,20
DA:26,22
DA:27,12
DA:28,12
DA:29,12
DA:30,12
DA:31,12
DA:32,60
DA:33,60
DA:34,60
DA:35,60
DA:37,12
DA:38,12
DA:39,12
DA:40,12
DA:41,40
DA:42,12
DA:43,12
DA:44,12
DA:45,12
DA:46,4
DA:48,0
DA:52,13
DA:53,11
DA:54,7
DA:55,7
DA:56,6
DA:57,6
DA:58,6
DA:60,1
DA:62,4
DA:64,4
DA:65,4
DA:66,4
DA:67,4
DA:68,4
DA:69,4
DA:71,0
LF:55
LH:53
BRDA:3,0,0,4
BRDA:3,0,1,11
BRDA:7,1,0,4
BRDA:7,1,1,0
BRDA:10,2,0,4
BRDA:10,2,1,7
BRDA:13,3,0,3
BRDA:13,3,1,1
BRDA:16,4,0,6
BRDA:16,4,1,2
BRDA:23,5,0,2
BRDA:23,5,1,20
BRDA:25,6,0,3
BRDA:25,6,1,17
BRDA:26,7,0,8
BRDA:26,7,1,14
BRDA:35,8,0,22
BRDA:35,8,1,38
BRDA:38,9,0,12
BRDA:38,9,1,0
BRDA:38,10,0,12
BRDA:38,10,1,12
BRDA:41,11,0,12
BRDA:41,11,1,28
BRDA:45,12,0,8
BRDA:45,12,1,4
BRDA:52,13,0,2
BRDA:52,13,1,11
BRDA:53,14,0,7
BRDA:53,14,1,4
BRDA:55,15,0,6
BRDA:55,15,1,1
BRDA:55,16,0,7
BRDA:55,16,1,6
BRDA:62,17,0,4
BRDA:62,17,1,0
BRDA:66,18,0,2
BRDA:66,18,1,2
BRDA:67,19,0,1
BRDA:67,19,1,3
BRDA:68,20,0,1
BRDA:68,20,1,3
BRF:42
BRH:39
end_of_record
